21-Jul-2018 00:45:13.889 INFO [main] org.apache.catalina.startup.VersionLoggerListener.log Server version:        Apache Tomcat/9.0.8
21-Jul-2018 00:45:13.943 INFO [main] org.apache.catalina.startup.VersionLoggerListener.log Server built:          Apr 27 2018 19:32:00 UTC
21-Jul-2018 00:45:13.943 INFO [main] org.apache.catalina.startup.VersionLoggerListener.log Server number:         9.0.8.0
21-Jul-2018 00:45:13.944 INFO [main] org.apache.catalina.startup.VersionLoggerListener.log OS Name:               Windows 10
21-Jul-2018 00:45:13.944 INFO [main] org.apache.catalina.startup.VersionLoggerListener.log OS Version:            10.0
21-Jul-2018 00:45:13.944 INFO [main] org.apache.catalina.startup.VersionLoggerListener.log Architecture:          amd64
21-Jul-2018 00:45:13.944 INFO [main] org.apache.catalina.startup.VersionLoggerListener.log Java Home:             C:\Program Files\Java\jdk1.8.0_171\jre
21-Jul-2018 00:45:13.944 INFO [main] org.apache.catalina.startup.VersionLoggerListener.log JVM Version:           1.8.0_171-b11
21-Jul-2018 00:45:13.944 INFO [main] org.apache.catalina.startup.VersionLoggerListener.log JVM Vendor:            Oracle Corporation
21-Jul-2018 00:45:13.945 INFO [main] org.apache.catalina.startup.VersionLoggerListener.log CATALINA_BASE:         G:\Softwares\apache-tomcat-9.0.8
21-Jul-2018 00:45:13.945 INFO [main] org.apache.catalina.startup.VersionLoggerListener.log CATALINA_HOME:         G:\Softwares\apache-tomcat-9.0.8
21-Jul-2018 00:45:13.945 INFO [main] org.apache.catalina.startup.VersionLoggerListener.log Command line argument: -Djava.util.logging.config.file=G:\Softwares\apache-tomcat-9.0.8\conf\logging.properties
21-Jul-2018 00:45:13.945 INFO [main] org.apache.catalina.startup.VersionLoggerListener.log Command line argument: -Djava.util.logging.manager=org.apache.juli.ClassLoaderLogManager
21-Jul-2018 00:45:13.945 INFO [main] org.apache.catalina.startup.VersionLoggerListener.log Command line argument: -Dhttp.nonProxyHosts=localhost|127.0.0.1|DESKTOP-UV6Q9IA
21-Jul-2018 00:45:13.945 INFO [main] org.apache.catalina.startup.VersionLoggerListener.log Command line argument: -Djdk.tls.ephemeralDHKeySize=2048
21-Jul-2018 00:45:13.945 INFO [main] org.apache.catalina.startup.VersionLoggerListener.log Command line argument: -Djava.protocol.handler.pkgs=org.apache.catalina.webresources
21-Jul-2018 00:45:13.945 INFO [main] org.apache.catalina.startup.VersionLoggerListener.log Command line argument: -Dignore.endorsed.dirs=
21-Jul-2018 00:45:13.946 INFO [main] org.apache.catalina.startup.VersionLoggerListener.log Command line argument: -Dcatalina.base=G:\Softwares\apache-tomcat-9.0.8
21-Jul-2018 00:45:13.946 INFO [main] org.apache.catalina.startup.VersionLoggerListener.log Command line argument: -Dcatalina.home=G:\Softwares\apache-tomcat-9.0.8
21-Jul-2018 00:45:13.948 INFO [main] org.apache.catalina.startup.VersionLoggerListener.log Command line argument: -Djava.io.tmpdir=G:\Softwares\apache-tomcat-9.0.8\temp
21-Jul-2018 00:45:13.949 INFO [main] org.apache.catalina.core.AprLifecycleListener.lifecycleEvent Loaded APR based Apache Tomcat Native library [1.2.16] using APR version [1.6.3].
21-Jul-2018 00:45:13.949 INFO [main] org.apache.catalina.core.AprLifecycleListener.lifecycleEvent APR capabilities: IPv6 [true], sendfile [true], accept filters [false], random [true].
21-Jul-2018 00:45:13.949 INFO [main] org.apache.catalina.core.AprLifecycleListener.lifecycleEvent APR/OpenSSL configuration: useAprConnector [false], useOpenSSL [true]
21-Jul-2018 00:45:15.305 INFO [main] org.apache.catalina.core.AprLifecycleListener.initializeSSL OpenSSL successfully initialized [OpenSSL 1.0.2m  2 Nov 2017]
21-Jul-2018 00:45:16.367 INFO [main] org.apache.coyote.AbstractProtocol.init Initializing ProtocolHandler ["http-nio-8080"]
21-Jul-2018 00:45:17.135 INFO [main] org.apache.tomcat.util.net.NioSelectorPool.getSharedSelector Using a shared selector for servlet write/read
21-Jul-2018 00:45:17.251 INFO [main] org.apache.coyote.AbstractProtocol.init Initializing ProtocolHandler ["ajp-nio-8009"]
21-Jul-2018 00:45:17.253 INFO [main] org.apache.tomcat.util.net.NioSelectorPool.getSharedSelector Using a shared selector for servlet write/read
21-Jul-2018 00:45:17.253 INFO [main] org.apache.catalina.startup.Catalina.load Initialization processed in 10220 ms
21-Jul-2018 00:45:17.437 INFO [main] org.apache.catalina.core.StandardService.startInternal Starting service [Catalina]
21-Jul-2018 00:45:17.437 INFO [main] org.apache.catalina.core.StandardEngine.startInternal Starting Servlet Engine: Apache Tomcat/9.0.8
21-Jul-2018 00:45:17.485 INFO [main] org.apache.catalina.startup.HostConfig.deployDirectory Deploying web application directory [G:\Softwares\apache-tomcat-9.0.8\webapps\docs]
21-Jul-2018 00:45:19.186 INFO [main] org.apache.catalina.startup.HostConfig.deployDirectory Deployment of web application directory [G:\Softwares\apache-tomcat-9.0.8\webapps\docs] has finished in [1,671] ms
21-Jul-2018 00:45:19.186 INFO [main] org.apache.catalina.startup.HostConfig.deployDirectory Deploying web application directory [G:\Softwares\apache-tomcat-9.0.8\webapps\examples]
21-Jul-2018 00:45:23.272 INFO [main] org.apache.catalina.startup.HostConfig.deployDirectory Deployment of web application directory [G:\Softwares\apache-tomcat-9.0.8\webapps\examples] has finished in [4,085] ms
21-Jul-2018 00:45:23.272 INFO [main] org.apache.catalina.startup.HostConfig.deployDirectory Deploying web application directory [G:\Softwares\apache-tomcat-9.0.8\webapps\host-manager]
21-Jul-2018 00:45:23.499 INFO [main] org.apache.catalina.startup.HostConfig.deployDirectory Deployment of web application directory [G:\Softwares\apache-tomcat-9.0.8\webapps\host-manager] has finished in [227] ms
21-Jul-2018 00:45:23.500 INFO [main] org.apache.catalina.startup.HostConfig.deployDirectory Deploying web application directory [G:\Softwares\apache-tomcat-9.0.8\webapps\manager]
21-Jul-2018 00:45:23.578 INFO [main] org.apache.catalina.startup.HostConfig.deployDirectory Deployment of web application directory [G:\Softwares\apache-tomcat-9.0.8\webapps\manager] has finished in [78] ms
21-Jul-2018 00:45:23.578 INFO [main] org.apache.catalina.startup.HostConfig.deployDirectory Deploying web application directory [G:\Softwares\apache-tomcat-9.0.8\webapps\ROOT]
21-Jul-2018 00:45:23.710 INFO [main] org.apache.catalina.startup.HostConfig.deployDirectory Deployment of web application directory [G:\Softwares\apache-tomcat-9.0.8\webapps\ROOT] has finished in [132] ms
21-Jul-2018 00:45:23.723 INFO [main] org.apache.coyote.AbstractProtocol.start Starting ProtocolHandler ["http-nio-8080"]
21-Jul-2018 00:45:23.823 INFO [main] org.apache.coyote.AbstractProtocol.start Starting ProtocolHandler ["ajp-nio-8009"]
21-Jul-2018 00:45:23.833 INFO [main] org.apache.catalina.startup.Catalina.start Server startup in 6578 ms
21-Jul-2018 00:45:39.497 INFO [http-nio-8080-exec-3] org.apache.catalina.startup.HostConfig.deployDescriptor Deploying deployment descriptor [G:\Softwares\apache-tomcat-9.0.8\conf\Catalina\localhost\FirstWeb1.xml]
21-Jul-2018 00:45:39.501 WARNING [http-nio-8080-exec-3] org.apache.catalina.startup.HostConfig.deployDescriptor The path attribute with value [/FirstWeb1] in deployment descriptor [G:\Softwares\apache-tomcat-9.0.8\conf\Catalina\localhost\FirstWeb1.xml] has been ignored
21-Jul-2018 00:45:40.282 INFO [http-nio-8080-exec-3] org.apache.jasper.servlet.TldScanner.scanJars At least one JAR was scanned for TLDs yet contained no TLDs. Enable debug logging for this logger for a complete list of JARs that were scanned but no TLDs were found in them. Skipping unneeded JARs during scanning can improve startup time and JSP compilation time.
21-Jul-2018 00:45:40.327 INFO [http-nio-8080-exec-3] org.apache.catalina.startup.HostConfig.deployDescriptor Deployment of deployment descriptor [G:\Softwares\apache-tomcat-9.0.8\conf\Catalina\localhost\FirstWeb1.xml] has finished in [830] ms
21-Jul-2018 00:45:40.332 INFO [http-nio-8080-exec-10] org.apache.catalina.util.LifecycleBase.start The start() method was called on component [StandardEngine[Catalina].StandardHost[localhost].StandardContext[/FirstWeb1]] after start() had already been called. The second call will be ignored.
21-Jul-2018 00:49:56.945 INFO [http-nio-8080-exec-1] org.apache.catalina.core.StandardContext.reload Reloading Context with name [/FirstWeb1] has started
21-Jul-2018 00:49:58.847 INFO [http-nio-8080-exec-1] org.apache.jasper.servlet.TldScanner.scanJars At least one JAR was scanned for TLDs yet contained no TLDs. Enable debug logging for this logger for a complete list of JARs that were scanned but no TLDs were found in them. Skipping unneeded JARs during scanning can improve startup time and JSP compilation time.
21-Jul-2018 00:49:58.924 INFO [18] org.apache.catalina.core.StandardContext.reload Reloading Context with name [/FirstWeb1] is completed
21-Jul-2018 00:53:09.522 INFO [http-nio-8080-exec-11] org.apache.catalina.core.StandardContext.reload Reloading Context with name [/FirstWeb1] has started
21-Jul-2018 00:53:10.776 INFO [http-nio-8080-exec-11] org.apache.jasper.servlet.TldScanner.scanJars At least one JAR was scanned for TLDs yet contained no TLDs. Enable debug logging for this logger for a complete list of JARs that were scanned but no TLDs were found in them. Skipping unneeded JARs during scanning can improve startup time and JSP compilation time.
21-Jul-2018 00:53:10.793 INFO [http-nio-8080-exec-11] org.apache.catalina.core.StandardContext.reload Reloading Context with name [/FirstWeb1] is completed
21-Jul-2018 00:54:54.521 INFO [http-nio-8080-exec-19] org.apache.catalina.core.StandardContext.reload Reloading Context with name [/FirstWeb1] has started
21-Jul-2018 00:54:54.976 INFO [http-nio-8080-exec-19] org.apache.jasper.servlet.TldScanner.scanJars At least one JAR was scanned for TLDs yet contained no TLDs. Enable debug logging for this logger for a complete list of JARs that were scanned but no TLDs were found in them. Skipping unneeded JARs during scanning can improve startup time and JSP compilation time.
21-Jul-2018 00:54:54.984 INFO [http-nio-8080-exec-19] org.apache.catalina.core.StandardContext.reload Reloading Context with name [/FirstWeb1] is completed
21-Jul-2018 00:55:03.707 INFO [http-nio-8080-exec-20] org.apache.catalina.core.StandardContext.reload Reloading Context with name [/FirstWeb1] has started
21-Jul-2018 00:55:04.200 INFO [http-nio-8080-exec-20] org.apache.jasper.servlet.TldScanner.scanJars At least one JAR was scanned for TLDs yet contained no TLDs. Enable debug logging for this logger for a complete list of JARs that were scanned but no TLDs were found in them. Skipping unneeded JARs during scanning can improve startup time and JSP compilation time.
21-Jul-2018 00:55:04.205 INFO [http-nio-8080-exec-20] org.apache.catalina.core.StandardContext.reload Reloading Context with name [/FirstWeb1] is completed
21-Jul-2018 00:55:16.772 INFO [http-nio-8080-exec-24] org.apache.catalina.core.StandardContext.reload Reloading Context with name [/FirstWeb1] has started
21-Jul-2018 00:55:17.169 INFO [http-nio-8080-exec-24] org.apache.jasper.servlet.TldScanner.scanJars At least one JAR was scanned for TLDs yet contained no TLDs. Enable debug logging for this logger for a complete list of JARs that were scanned but no TLDs were found in them. Skipping unneeded JARs during scanning can improve startup time and JSP compilation time.
21-Jul-2018 00:55:17.175 INFO [http-nio-8080-exec-24] org.apache.catalina.core.StandardContext.reload Reloading Context with name [/FirstWeb1] is completed
21-Jul-2018 00:55:54.219 INFO [http-nio-8080-exec-23] org.apache.catalina.core.StandardContext.reload Reloading Context with name [/FirstWeb1] has started
21-Jul-2018 00:55:57.021 INFO [http-nio-8080-exec-23] org.apache.jasper.servlet.TldScanner.scanJars At least one JAR was scanned for TLDs yet contained no TLDs. Enable debug logging for this logger for a complete list of JARs that were scanned but no TLDs were found in them. Skipping unneeded JARs during scanning can improve startup time and JSP compilation time.
21-Jul-2018 00:55:57.026 INFO [http-nio-8080-exec-23] org.apache.catalina.core.StandardContext.reload Reloading Context with name [/FirstWeb1] is completed
21-Jul-2018 00:56:18.192 INFO [http-nio-8080-exec-27] org.apache.catalina.core.StandardContext.reload Reloading Context with name [/FirstWeb1] has started
21-Jul-2018 00:56:18.705 INFO [http-nio-8080-exec-27] org.apache.jasper.servlet.TldScanner.scanJars At least one JAR was scanned for TLDs yet contained no TLDs. Enable debug logging for this logger for a complete list of JARs that were scanned but no TLDs were found in them. Skipping unneeded JARs during scanning can improve startup time and JSP compilation time.
21-Jul-2018 00:56:18.723 INFO [http-nio-8080-exec-27] org.apache.catalina.core.StandardContext.reload Reloading Context with name [/FirstWeb1] is completed
21-Jul-2018 00:57:01.207 INFO [http-nio-8080-exec-28] org.apache.catalina.core.StandardContext.reload Reloading Context with name [/FirstWeb1] has started
21-Jul-2018 00:57:01.777 INFO [http-nio-8080-exec-28] org.apache.jasper.servlet.TldScanner.scanJars At least one JAR was scanned for TLDs yet contained no TLDs. Enable debug logging for this logger for a complete list of JARs that were scanned but no TLDs were found in them. Skipping unneeded JARs during scanning can improve startup time and JSP compilation time.
21-Jul-2018 00:57:01.783 INFO [http-nio-8080-exec-28] org.apache.catalina.core.StandardContext.reload Reloading Context with name [/FirstWeb1] is completed
21-Jul-2018 00:57:47.949 INFO [http-nio-8080-exec-20] org.apache.catalina.core.StandardContext.reload Reloading Context with name [/FirstWeb1] has started
21-Jul-2018 00:57:48.893 INFO [http-nio-8080-exec-20] org.apache.jasper.servlet.TldScanner.scanJars At least one JAR was scanned for TLDs yet contained no TLDs. Enable debug logging for this logger for a complete list of JARs that were scanned but no TLDs were found in them. Skipping unneeded JARs during scanning can improve startup time and JSP compilation time.
21-Jul-2018 00:57:48.901 INFO [http-nio-8080-exec-20] org.apache.catalina.core.StandardContext.reload Reloading Context with name [/FirstWeb1] is completed
21-Jul-2018 00:58:14.478 INFO [http-nio-8080-exec-31] org.apache.catalina.core.StandardContext.reload Reloading Context with name [/FirstWeb1] has started
21-Jul-2018 00:58:15.209 INFO [http-nio-8080-exec-31] org.apache.jasper.servlet.TldScanner.scanJars At least one JAR was scanned for TLDs yet contained no TLDs. Enable debug logging for this logger for a complete list of JARs that were scanned but no TLDs were found in them. Skipping unneeded JARs during scanning can improve startup time and JSP compilation time.
21-Jul-2018 00:58:15.217 INFO [http-nio-8080-exec-31] org.apache.catalina.core.StandardContext.reload Reloading Context with name [/FirstWeb1] is completed
21-Jul-2018 00:58:57.863 INFO [http-nio-8080-exec-32] org.apache.catalina.core.StandardContext.reload Reloading Context with name [/FirstWeb1] has started
21-Jul-2018 00:58:58.262 INFO [http-nio-8080-exec-32] org.apache.jasper.servlet.TldScanner.scanJars At least one JAR was scanned for TLDs yet contained no TLDs. Enable debug logging for this logger for a complete list of JARs that were scanned but no TLDs were found in them. Skipping unneeded JARs during scanning can improve startup time and JSP compilation time.
21-Jul-2018 00:58:58.266 INFO [http-nio-8080-exec-32] org.apache.catalina.core.StandardContext.reload Reloading Context with name [/FirstWeb1] is completed
21-Jul-2018 00:58:58.306 INFO [http-nio-8080-exec-27] org.apache.catalina.core.StandardContext.reload Reloading Context with name [/FirstWeb1] has started
21-Jul-2018 00:58:58.692 INFO [http-nio-8080-exec-27] org.apache.jasper.servlet.TldScanner.scanJars At least one JAR was scanned for TLDs yet contained no TLDs. Enable debug logging for this logger for a complete list of JARs that were scanned but no TLDs were found in them. Skipping unneeded JARs during scanning can improve startup time and JSP compilation time.
21-Jul-2018 00:58:58.696 INFO [http-nio-8080-exec-27] org.apache.catalina.core.StandardContext.reload Reloading Context with name [/FirstWeb1] is completed
21-Jul-2018 00:59:28.841 INFO [http-nio-8080-exec-17] org.apache.catalina.core.StandardContext.reload Reloading Context with name [/FirstWeb1] has started
21-Jul-2018 00:59:29.262 INFO [http-nio-8080-exec-17] org.apache.jasper.servlet.TldScanner.scanJars At least one JAR was scanned for TLDs yet contained no TLDs. Enable debug logging for this logger for a complete list of JARs that were scanned but no TLDs were found in them. Skipping unneeded JARs during scanning can improve startup time and JSP compilation time.
21-Jul-2018 00:59:29.266 INFO [http-nio-8080-exec-17] org.apache.catalina.core.StandardContext.reload Reloading Context with name [/FirstWeb1] is completed
21-Jul-2018 01:00:18.826 INFO [http-nio-8080-exec-27] org.apache.catalina.core.StandardContext.reload Reloading Context with name [/FirstWeb1] has started
21-Jul-2018 01:00:19.388 INFO [http-nio-8080-exec-27] org.apache.jasper.servlet.TldScanner.scanJars At least one JAR was scanned for TLDs yet contained no TLDs. Enable debug logging for this logger for a complete list of JARs that were scanned but no TLDs were found in them. Skipping unneeded JARs during scanning can improve startup time and JSP compilation time.
21-Jul-2018 01:00:19.393 INFO [http-nio-8080-exec-27] org.apache.catalina.core.StandardContext.reload Reloading Context with name [/FirstWeb1] is completed
21-Jul-2018 01:00:19.433 INFO [http-nio-8080-exec-32] org.apache.catalina.core.StandardContext.reload Reloading Context with name [/FirstWeb1] has started
21-Jul-2018 01:00:19.829 INFO [http-nio-8080-exec-32] org.apache.jasper.servlet.TldScanner.scanJars At least one JAR was scanned for TLDs yet contained no TLDs. Enable debug logging for this logger for a complete list of JARs that were scanned but no TLDs were found in them. Skipping unneeded JARs during scanning can improve startup time and JSP compilation time.
21-Jul-2018 01:00:19.833 INFO [http-nio-8080-exec-32] org.apache.catalina.core.StandardContext.reload Reloading Context with name [/FirstWeb1] is completed
21-Jul-2018 01:00:41.199 INFO [http-nio-8080-exec-30] org.apache.catalina.core.StandardContext.reload Reloading Context with name [/FirstWeb1] has started
21-Jul-2018 01:00:41.586 INFO [http-nio-8080-exec-30] org.apache.jasper.servlet.TldScanner.scanJars At least one JAR was scanned for TLDs yet contained no TLDs. Enable debug logging for this logger for a complete list of JARs that were scanned but no TLDs were found in them. Skipping unneeded JARs during scanning can improve startup time and JSP compilation time.
21-Jul-2018 01:00:41.589 INFO [http-nio-8080-exec-30] org.apache.catalina.core.StandardContext.reload Reloading Context with name [/FirstWeb1] is completed
21-Jul-2018 01:07:40.196 INFO [http-nio-8080-exec-35] org.apache.catalina.core.StandardContext.reload Reloading Context with name [/FirstWeb1] has started
21-Jul-2018 01:07:42.521 INFO [http-nio-8080-exec-35] org.apache.jasper.servlet.TldScanner.scanJars At least one JAR was scanned for TLDs yet contained no TLDs. Enable debug logging for this logger for a complete list of JARs that were scanned but no TLDs were found in them. Skipping unneeded JARs during scanning can improve startup time and JSP compilation time.
21-Jul-2018 01:07:42.524 INFO [http-nio-8080-exec-35] org.apache.catalina.core.StandardContext.reload Reloading Context with name [/FirstWeb1] is completed
21-Jul-2018 01:09:53.984 INFO [http-nio-8080-exec-52] org.apache.catalina.core.StandardContext.reload Reloading Context with name [/FirstWeb1] has started
21-Jul-2018 01:09:54.548 INFO [http-nio-8080-exec-52] org.apache.jasper.servlet.TldScanner.scanJars At least one JAR was scanned for TLDs yet contained no TLDs. Enable debug logging for this logger for a complete list of JARs that were scanned but no TLDs were found in them. Skipping unneeded JARs during scanning can improve startup time and JSP compilation time.
21-Jul-2018 01:09:54.551 INFO [http-nio-8080-exec-52] org.apache.catalina.core.StandardContext.reload Reloading Context with name [/FirstWeb1] is completed
21-Jul-2018 01:09:54.616 INFO [http-nio-8080-exec-47] org.apache.catalina.core.StandardContext.reload Reloading Context with name [/FirstWeb1] has started
21-Jul-2018 01:09:55.791 INFO [http-nio-8080-exec-47] org.apache.jasper.servlet.TldScanner.scanJars At least one JAR was scanned for TLDs yet contained no TLDs. Enable debug logging for this logger for a complete list of JARs that were scanned but no TLDs were found in them. Skipping unneeded JARs during scanning can improve startup time and JSP compilation time.
21-Jul-2018 01:09:55.795 INFO [http-nio-8080-exec-47] org.apache.catalina.core.StandardContext.reload Reloading Context with name [/FirstWeb1] is completed
21-Jul-2018 01:10:07.190 INFO [http-nio-8080-exec-45] org.apache.catalina.core.StandardContext.reload Reloading Context with name [/FirstWeb1] has started
21-Jul-2018 01:10:07.644 INFO [http-nio-8080-exec-45] org.apache.jasper.servlet.TldScanner.scanJars At least one JAR was scanned for TLDs yet contained no TLDs. Enable debug logging for this logger for a complete list of JARs that were scanned but no TLDs were found in them. Skipping unneeded JARs during scanning can improve startup time and JSP compilation time.
21-Jul-2018 01:10:07.648 INFO [http-nio-8080-exec-45] org.apache.catalina.core.StandardContext.reload Reloading Context with name [/FirstWeb1] is completed
21-Jul-2018 01:10:50.323 INFO [http-nio-8080-exec-49] org.apache.catalina.core.StandardContext.reload Reloading Context with name [/FirstWeb1] has started
21-Jul-2018 01:10:50.769 INFO [http-nio-8080-exec-49] org.apache.jasper.servlet.TldScanner.scanJars At least one JAR was scanned for TLDs yet contained no TLDs. Enable debug logging for this logger for a complete list of JARs that were scanned but no TLDs were found in them. Skipping unneeded JARs during scanning can improve startup time and JSP compilation time.
21-Jul-2018 01:10:50.772 INFO [http-nio-8080-exec-49] org.apache.catalina.core.StandardContext.reload Reloading Context with name [/FirstWeb1] is completed
21-Jul-2018 01:12:22.243 INFO [http-nio-8080-exec-62] org.apache.catalina.core.StandardContext.reload Reloading Context with name [/FirstWeb1] has started
21-Jul-2018 01:12:22.790 INFO [http-nio-8080-exec-62] org.apache.jasper.servlet.TldScanner.scanJars At least one JAR was scanned for TLDs yet contained no TLDs. Enable debug logging for this logger for a complete list of JARs that were scanned but no TLDs were found in them. Skipping unneeded JARs during scanning can improve startup time and JSP compilation time.
21-Jul-2018 01:12:22.793 INFO [http-nio-8080-exec-62] org.apache.catalina.core.StandardContext.reload Reloading Context with name [/FirstWeb1] is completed
21-Jul-2018 01:12:42.581 INFO [http-nio-8080-exec-67] org.apache.catalina.core.StandardContext.reload Reloading Context with name [/FirstWeb1] has started
21-Jul-2018 01:12:42.989 INFO [http-nio-8080-exec-67] org.apache.jasper.servlet.TldScanner.scanJars At least one JAR was scanned for TLDs yet contained no TLDs. Enable debug logging for this logger for a complete list of JARs that were scanned but no TLDs were found in them. Skipping unneeded JARs during scanning can improve startup time and JSP compilation time.
21-Jul-2018 01:12:42.992 INFO [http-nio-8080-exec-67] org.apache.catalina.core.StandardContext.reload Reloading Context with name [/FirstWeb1] is completed
21-Jul-2018 01:12:47.436 INFO [http-nio-8080-exec-68] org.apache.catalina.core.StandardContext.reload Reloading Context with name [/FirstWeb1] has started
21-Jul-2018 01:12:47.861 INFO [http-nio-8080-exec-68] org.apache.jasper.servlet.TldScanner.scanJars At least one JAR was scanned for TLDs yet contained no TLDs. Enable debug logging for this logger for a complete list of JARs that were scanned but no TLDs were found in them. Skipping unneeded JARs during scanning can improve startup time and JSP compilation time.
21-Jul-2018 01:12:47.866 INFO [http-nio-8080-exec-68] org.apache.catalina.core.StandardContext.reload Reloading Context with name [/FirstWeb1] is completed
21-Jul-2018 01:13:43.406 INFO [http-nio-8080-exec-61] org.apache.catalina.core.StandardContext.reload Reloading Context with name [/FirstWeb1] has started
21-Jul-2018 01:13:44.110 INFO [http-nio-8080-exec-61] org.apache.jasper.servlet.TldScanner.scanJars At least one JAR was scanned for TLDs yet contained no TLDs. Enable debug logging for this logger for a complete list of JARs that were scanned but no TLDs were found in them. Skipping unneeded JARs during scanning can improve startup time and JSP compilation time.
21-Jul-2018 01:13:44.114 INFO [http-nio-8080-exec-61] org.apache.catalina.core.StandardContext.reload Reloading Context with name [/FirstWeb1] is completed
21-Jul-2018 01:14:54.324 INFO [http-nio-8080-exec-62] org.apache.catalina.core.StandardContext.reload Reloading Context with name [/FirstWeb1] has started
21-Jul-2018 01:14:54.766 INFO [http-nio-8080-exec-62] org.apache.jasper.servlet.TldScanner.scanJars At least one JAR was scanned for TLDs yet contained no TLDs. Enable debug logging for this logger for a complete list of JARs that were scanned but no TLDs were found in them. Skipping unneeded JARs during scanning can improve startup time and JSP compilation time.
21-Jul-2018 01:14:54.770 INFO [http-nio-8080-exec-62] org.apache.catalina.core.StandardContext.reload Reloading Context with name [/FirstWeb1] is completed
21-Jul-2018 01:17:08.290 INFO [http-nio-8080-exec-66] org.apache.catalina.core.StandardContext.reload Reloading Context with name [/FirstWeb1] has started
21-Jul-2018 01:17:08.646 INFO [http-nio-8080-exec-66] org.apache.jasper.servlet.TldScanner.scanJars At least one JAR was scanned for TLDs yet contained no TLDs. Enable debug logging for this logger for a complete list of JARs that were scanned but no TLDs were found in them. Skipping unneeded JARs during scanning can improve startup time and JSP compilation time.
21-Jul-2018 01:17:08.650 INFO [http-nio-8080-exec-66] org.apache.catalina.core.StandardContext.reload Reloading Context with name [/FirstWeb1] is completed
21-Jul-2018 01:17:13.390 INFO [http-nio-8080-exec-74] org.apache.catalina.core.StandardContext.reload Reloading Context with name [/FirstWeb1] has started
21-Jul-2018 01:17:13.773 INFO [http-nio-8080-exec-74] org.apache.jasper.servlet.TldScanner.scanJars At least one JAR was scanned for TLDs yet contained no TLDs. Enable debug logging for this logger for a complete list of JARs that were scanned but no TLDs were found in them. Skipping unneeded JARs during scanning can improve startup time and JSP compilation time.
21-Jul-2018 01:17:13.777 INFO [http-nio-8080-exec-74] org.apache.catalina.core.StandardContext.reload Reloading Context with name [/FirstWeb1] is completed
21-Jul-2018 01:18:16.209 INFO [http-nio-8080-exec-58] org.apache.catalina.core.StandardContext.reload Reloading Context with name [/FirstWeb1] has started
21-Jul-2018 01:18:16.765 INFO [http-nio-8080-exec-58] org.apache.jasper.servlet.TldScanner.scanJars At least one JAR was scanned for TLDs yet contained no TLDs. Enable debug logging for this logger for a complete list of JARs that were scanned but no TLDs were found in them. Skipping unneeded JARs during scanning can improve startup time and JSP compilation time.
21-Jul-2018 01:18:16.782 INFO [http-nio-8080-exec-58] org.apache.catalina.core.StandardContext.reload Reloading Context with name [/FirstWeb1] is completed
21-Jul-2018 01:18:20.382 INFO [http-nio-8080-exec-78] org.apache.catalina.core.StandardContext.reload Reloading Context with name [/FirstWeb1] has started
21-Jul-2018 01:18:20.763 INFO [http-nio-8080-exec-78] org.apache.jasper.servlet.TldScanner.scanJars At least one JAR was scanned for TLDs yet contained no TLDs. Enable debug logging for this logger for a complete list of JARs that were scanned but no TLDs were found in them. Skipping unneeded JARs during scanning can improve startup time and JSP compilation time.
21-Jul-2018 01:18:20.766 INFO [http-nio-8080-exec-78] org.apache.catalina.core.StandardContext.reload Reloading Context with name [/FirstWeb1] is completed
21-Jul-2018 01:18:32.383 INFO [http-nio-8080-exec-73] org.apache.catalina.core.StandardContext.reload Reloading Context with name [/FirstWeb1] has started
21-Jul-2018 01:18:32.780 INFO [http-nio-8080-exec-73] org.apache.jasper.servlet.TldScanner.scanJars At least one JAR was scanned for TLDs yet contained no TLDs. Enable debug logging for this logger for a complete list of JARs that were scanned but no TLDs were found in them. Skipping unneeded JARs during scanning can improve startup time and JSP compilation time.
21-Jul-2018 01:18:32.785 INFO [http-nio-8080-exec-73] org.apache.catalina.core.StandardContext.reload Reloading Context with name [/FirstWeb1] is completed
21-Jul-2018 01:18:34.994 INFO [http-nio-8080-exec-61] org.apache.catalina.core.StandardContext.reload Reloading Context with name [/FirstWeb1] has started
21-Jul-2018 01:18:35.377 INFO [http-nio-8080-exec-61] org.apache.jasper.servlet.TldScanner.scanJars At least one JAR was scanned for TLDs yet contained no TLDs. Enable debug logging for this logger for a complete list of JARs that were scanned but no TLDs were found in them. Skipping unneeded JARs during scanning can improve startup time and JSP compilation time.
21-Jul-2018 01:18:35.381 INFO [http-nio-8080-exec-61] org.apache.catalina.core.StandardContext.reload Reloading Context with name [/FirstWeb1] is completed
21-Jul-2018 01:30:42.642 INFO [http-nio-8080-exec-82] org.apache.catalina.core.StandardContext.reload Reloading Context with name [/FirstWeb1] has started
21-Jul-2018 01:30:45.696 INFO [http-nio-8080-exec-82] org.apache.jasper.servlet.TldScanner.scanJars At least one JAR was scanned for TLDs yet contained no TLDs. Enable debug logging for this logger for a complete list of JARs that were scanned but no TLDs were found in them. Skipping unneeded JARs during scanning can improve startup time and JSP compilation time.
21-Jul-2018 01:30:45.700 INFO [http-nio-8080-exec-82] org.apache.catalina.core.StandardContext.reload Reloading Context with name [/FirstWeb1] is completed
21-Jul-2018 01:30:46.835 INFO [http-nio-8080-exec-84] org.apache.catalina.core.StandardContext.reload Reloading Context with name [/FirstWeb1] has started
21-Jul-2018 01:30:47.366 INFO [http-nio-8080-exec-84] org.apache.jasper.servlet.TldScanner.scanJars At least one JAR was scanned for TLDs yet contained no TLDs. Enable debug logging for this logger for a complete list of JARs that were scanned but no TLDs were found in them. Skipping unneeded JARs during scanning can improve startup time and JSP compilation time.
21-Jul-2018 01:30:47.384 INFO [http-nio-8080-exec-84] org.apache.catalina.core.StandardContext.reload Reloading Context with name [/FirstWeb1] is completed
21-Jul-2018 01:32:06.023 INFO [http-nio-8080-exec-94] org.apache.catalina.core.StandardContext.reload Reloading Context with name [/FirstWeb1] has started
21-Jul-2018 01:32:07.554 INFO [http-nio-8080-exec-94] org.apache.jasper.servlet.TldScanner.scanJars At least one JAR was scanned for TLDs yet contained no TLDs. Enable debug logging for this logger for a complete list of JARs that were scanned but no TLDs were found in them. Skipping unneeded JARs during scanning can improve startup time and JSP compilation time.
21-Jul-2018 01:32:07.562 INFO [http-nio-8080-exec-94] org.apache.catalina.core.StandardContext.reload Reloading Context with name [/FirstWeb1] is completed
21-Jul-2018 01:39:01.711 INFO [http-nio-8080-exec-96] org.apache.catalina.core.StandardContext.reload Reloading Context with name [/FirstWeb1] has started
21-Jul-2018 01:39:02.439 INFO [http-nio-8080-exec-96] org.apache.jasper.servlet.TldScanner.scanJars At least one JAR was scanned for TLDs yet contained no TLDs. Enable debug logging for this logger for a complete list of JARs that were scanned but no TLDs were found in them. Skipping unneeded JARs during scanning can improve startup time and JSP compilation time.
21-Jul-2018 01:39:02.439 INFO [http-nio-8080-exec-96] org.apache.catalina.core.StandardContext.reload Reloading Context with name [/FirstWeb1] is completed
21-Jul-2018 01:43:09.654 INFO [http-nio-8080-exec-105] org.apache.catalina.core.StandardContext.reload Reloading Context with name [/FirstWeb1] has started
21-Jul-2018 01:43:10.140 INFO [http-nio-8080-exec-105] org.apache.jasper.servlet.TldScanner.scanJars At least one JAR was scanned for TLDs yet contained no TLDs. Enable debug logging for this logger for a complete list of JARs that were scanned but no TLDs were found in them. Skipping unneeded JARs during scanning can improve startup time and JSP compilation time.
21-Jul-2018 01:43:10.146 INFO [http-nio-8080-exec-105] org.apache.catalina.core.StandardContext.reload Reloading Context with name [/FirstWeb1] is completed
21-Jul-2018 01:43:12.974 INFO [http-nio-8080-exec-111] org.apache.catalina.core.StandardContext.reload Reloading Context with name [/FirstWeb1] has started
21-Jul-2018 01:43:13.405 INFO [http-nio-8080-exec-111] org.apache.jasper.servlet.TldScanner.scanJars At least one JAR was scanned for TLDs yet contained no TLDs. Enable debug logging for this logger for a complete list of JARs that were scanned but no TLDs were found in them. Skipping unneeded JARs during scanning can improve startup time and JSP compilation time.
21-Jul-2018 01:43:13.409 INFO [http-nio-8080-exec-111] org.apache.catalina.core.StandardContext.reload Reloading Context with name [/FirstWeb1] is completed
21-Jul-2018 01:46:55.732 INFO [http-nio-8080-exec-106] org.apache.catalina.core.StandardContext.reload Reloading Context with name [/FirstWeb1] has started
21-Jul-2018 01:46:56.490 INFO [http-nio-8080-exec-106] org.apache.jasper.servlet.TldScanner.scanJars At least one JAR was scanned for TLDs yet contained no TLDs. Enable debug logging for this logger for a complete list of JARs that were scanned but no TLDs were found in them. Skipping unneeded JARs during scanning can improve startup time and JSP compilation time.
21-Jul-2018 01:46:56.490 INFO [http-nio-8080-exec-106] org.apache.catalina.core.StandardContext.reload Reloading Context with name [/FirstWeb1] is completed
21-Jul-2018 01:47:17.045 INFO [http-nio-8080-exec-112] org.apache.catalina.core.StandardContext.reload Reloading Context with name [/FirstWeb1] has started
21-Jul-2018 01:47:17.466 INFO [http-nio-8080-exec-112] org.apache.jasper.servlet.TldScanner.scanJars At least one JAR was scanned for TLDs yet contained no TLDs. Enable debug logging for this logger for a complete list of JARs that were scanned but no TLDs were found in them. Skipping unneeded JARs during scanning can improve startup time and JSP compilation time.
21-Jul-2018 01:47:17.481 INFO [http-nio-8080-exec-112] org.apache.catalina.core.StandardContext.reload Reloading Context with name [/FirstWeb1] is completed
21-Jul-2018 01:48:36.021 INFO [http-nio-8080-exec-111] org.apache.catalina.core.StandardContext.reload Reloading Context with name [/FirstWeb1] has started
21-Jul-2018 01:48:36.548 INFO [http-nio-8080-exec-111] org.apache.jasper.servlet.TldScanner.scanJars At least one JAR was scanned for TLDs yet contained no TLDs. Enable debug logging for this logger for a complete list of JARs that were scanned but no TLDs were found in them. Skipping unneeded JARs during scanning can improve startup time and JSP compilation time.
21-Jul-2018 01:48:36.548 INFO [http-nio-8080-exec-111] org.apache.catalina.core.StandardContext.reload Reloading Context with name [/FirstWeb1] is completed
21-Jul-2018 01:48:44.981 INFO [http-nio-8080-exec-119] org.apache.catalina.core.StandardContext.reload Reloading Context with name [/FirstWeb1] has started
21-Jul-2018 01:48:45.895 INFO [http-nio-8080-exec-119] org.apache.jasper.servlet.TldScanner.scanJars At least one JAR was scanned for TLDs yet contained no TLDs. Enable debug logging for this logger for a complete list of JARs that were scanned but no TLDs were found in them. Skipping unneeded JARs during scanning can improve startup time and JSP compilation time.
21-Jul-2018 01:48:45.926 INFO [http-nio-8080-exec-119] org.apache.catalina.core.StandardContext.reload Reloading Context with name [/FirstWeb1] is completed
21-Jul-2018 01:49:44.603 INFO [http-nio-8080-exec-118] org.apache.catalina.core.StandardContext.reload Reloading Context with name [/FirstWeb1] has started
21-Jul-2018 01:49:45.024 INFO [http-nio-8080-exec-118] org.apache.jasper.servlet.TldScanner.scanJars At least one JAR was scanned for TLDs yet contained no TLDs. Enable debug logging for this logger for a complete list of JARs that were scanned but no TLDs were found in them. Skipping unneeded JARs during scanning can improve startup time and JSP compilation time.
21-Jul-2018 01:49:45.026 INFO [http-nio-8080-exec-118] org.apache.catalina.core.StandardContext.reload Reloading Context with name [/FirstWeb1] is completed
21-Jul-2018 01:51:18.604 INFO [http-nio-8080-exec-121] org.apache.catalina.core.StandardContext.reload Reloading Context with name [/FirstWeb1] has started
21-Jul-2018 01:51:19.026 INFO [http-nio-8080-exec-121] org.apache.jasper.servlet.TldScanner.scanJars At least one JAR was scanned for TLDs yet contained no TLDs. Enable debug logging for this logger for a complete list of JARs that were scanned but no TLDs were found in them. Skipping unneeded JARs during scanning can improve startup time and JSP compilation time.
21-Jul-2018 01:51:19.029 INFO [http-nio-8080-exec-121] org.apache.catalina.core.StandardContext.reload Reloading Context with name [/FirstWeb1] is completed
21-Jul-2018 01:53:15.624 INFO [http-nio-8080-exec-126] org.apache.catalina.core.StandardContext.reload Reloading Context with name [/FirstWeb1] has started
21-Jul-2018 01:53:16.451 INFO [http-nio-8080-exec-126] org.apache.jasper.servlet.TldScanner.scanJars At least one JAR was scanned for TLDs yet contained no TLDs. Enable debug logging for this logger for a complete list of JARs that were scanned but no TLDs were found in them. Skipping unneeded JARs during scanning can improve startup time and JSP compilation time.
21-Jul-2018 01:53:16.465 INFO [http-nio-8080-exec-126] org.apache.catalina.core.StandardContext.reload Reloading Context with name [/FirstWeb1] is completed
21-Jul-2018 01:53:53.247 INFO [http-nio-8080-exec-129] org.apache.catalina.core.StandardContext.reload Reloading Context with name [/FirstWeb1] has started
21-Jul-2018 01:53:53.787 INFO [http-nio-8080-exec-129] org.apache.jasper.servlet.TldScanner.scanJars At least one JAR was scanned for TLDs yet contained no TLDs. Enable debug logging for this logger for a complete list of JARs that were scanned but no TLDs were found in them. Skipping unneeded JARs during scanning can improve startup time and JSP compilation time.
21-Jul-2018 01:53:53.787 INFO [http-nio-8080-exec-129] org.apache.catalina.core.StandardContext.reload Reloading Context with name [/FirstWeb1] is completed
21-Jul-2018 01:57:58.019 INFO [http-nio-8080-exec-110] org.apache.catalina.core.StandardContext.reload Reloading Context with name [/FirstWeb1] has started
21-Jul-2018 01:58:00.080 INFO [http-nio-8080-exec-110] org.apache.jasper.servlet.TldScanner.scanJars At least one JAR was scanned for TLDs yet contained no TLDs. Enable debug logging for this logger for a complete list of JARs that were scanned but no TLDs were found in them. Skipping unneeded JARs during scanning can improve startup time and JSP compilation time.
21-Jul-2018 01:58:00.082 INFO [http-nio-8080-exec-110] org.apache.catalina.core.StandardContext.reload Reloading Context with name [/FirstWeb1] is completed
21-Jul-2018 02:00:05.637 INFO [http-nio-8080-exec-136] org.apache.catalina.core.StandardContext.reload Reloading Context with name [/FirstWeb1] has started
21-Jul-2018 02:00:06.244 INFO [http-nio-8080-exec-136] org.apache.jasper.servlet.TldScanner.scanJars At least one JAR was scanned for TLDs yet contained no TLDs. Enable debug logging for this logger for a complete list of JARs that were scanned but no TLDs were found in them. Skipping unneeded JARs during scanning can improve startup time and JSP compilation time.
21-Jul-2018 02:00:06.255 INFO [http-nio-8080-exec-136] org.apache.catalina.core.StandardContext.reload Reloading Context with name [/FirstWeb1] is completed
21-Jul-2018 02:00:19.684 INFO [http-nio-8080-exec-142] org.apache.catalina.core.StandardContext.reload Reloading Context with name [/FirstWeb1] has started
21-Jul-2018 02:00:20.189 INFO [http-nio-8080-exec-142] org.apache.jasper.servlet.TldScanner.scanJars At least one JAR was scanned for TLDs yet contained no TLDs. Enable debug logging for this logger for a complete list of JARs that were scanned but no TLDs were found in them. Skipping unneeded JARs during scanning can improve startup time and JSP compilation time.
21-Jul-2018 02:00:20.192 INFO [http-nio-8080-exec-142] org.apache.catalina.core.StandardContext.reload Reloading Context with name [/FirstWeb1] is completed
21-Jul-2018 02:04:38.948 INFO [http-nio-8080-exec-150] org.apache.catalina.core.StandardContext.reload Reloading Context with name [/FirstWeb1] has started
21-Jul-2018 02:04:39.497 INFO [http-nio-8080-exec-150] org.apache.jasper.servlet.TldScanner.scanJars At least one JAR was scanned for TLDs yet contained no TLDs. Enable debug logging for this logger for a complete list of JARs that were scanned but no TLDs were found in them. Skipping unneeded JARs during scanning can improve startup time and JSP compilation time.
21-Jul-2018 02:04:39.499 INFO [http-nio-8080-exec-150] org.apache.catalina.core.StandardContext.reload Reloading Context with name [/FirstWeb1] is completed
21-Jul-2018 02:05:04.642 INFO [http-nio-8080-exec-151] org.apache.catalina.core.StandardContext.reload Reloading Context with name [/FirstWeb1] has started
21-Jul-2018 02:05:05.192 INFO [http-nio-8080-exec-151] org.apache.jasper.servlet.TldScanner.scanJars At least one JAR was scanned for TLDs yet contained no TLDs. Enable debug logging for this logger for a complete list of JARs that were scanned but no TLDs were found in them. Skipping unneeded JARs during scanning can improve startup time and JSP compilation time.
21-Jul-2018 02:05:05.213 INFO [http-nio-8080-exec-151] org.apache.catalina.core.StandardContext.reload Reloading Context with name [/FirstWeb1] is completed
21-Jul-2018 02:05:23.982 INFO [http-nio-8080-exec-147] org.apache.catalina.core.StandardContext.reload Reloading Context with name [/FirstWeb1] has started
21-Jul-2018 02:05:24.411 INFO [http-nio-8080-exec-147] org.apache.jasper.servlet.TldScanner.scanJars At least one JAR was scanned for TLDs yet contained no TLDs. Enable debug logging for this logger for a complete list of JARs that were scanned but no TLDs were found in them. Skipping unneeded JARs during scanning can improve startup time and JSP compilation time.
21-Jul-2018 02:05:24.417 INFO [http-nio-8080-exec-147] org.apache.catalina.core.StandardContext.reload Reloading Context with name [/FirstWeb1] is completed
21-Jul-2018 02:11:27.811 INFO [http-nio-8080-exec-160] org.apache.catalina.core.StandardContext.reload Reloading Context with name [/FirstWeb1] has started
21-Jul-2018 02:11:28.294 INFO [http-nio-8080-exec-160] org.apache.jasper.servlet.TldScanner.scanJars At least one JAR was scanned for TLDs yet contained no TLDs. Enable debug logging for this logger for a complete list of JARs that were scanned but no TLDs were found in them. Skipping unneeded JARs during scanning can improve startup time and JSP compilation time.
21-Jul-2018 02:11:28.297 INFO [http-nio-8080-exec-160] org.apache.catalina.core.StandardContext.reload Reloading Context with name [/FirstWeb1] is completed
21-Jul-2018 02:15:44.837 INFO [http-nio-8080-exec-165] org.apache.catalina.core.StandardContext.reload Reloading Context with name [/FirstWeb1] has started
21-Jul-2018 02:15:45.294 INFO [http-nio-8080-exec-165] org.apache.jasper.servlet.TldScanner.scanJars At least one JAR was scanned for TLDs yet contained no TLDs. Enable debug logging for this logger for a complete list of JARs that were scanned but no TLDs were found in them. Skipping unneeded JARs during scanning can improve startup time and JSP compilation time.
21-Jul-2018 02:15:45.297 INFO [http-nio-8080-exec-165] org.apache.catalina.core.StandardContext.reload Reloading Context with name [/FirstWeb1] is completed
21-Jul-2018 02:22:46.410 INFO [http-nio-8080-exec-154] org.apache.catalina.startup.HostConfig.deployDescriptor Deploying deployment descriptor [G:\Softwares\apache-tomcat-9.0.8\conf\Catalina\localhost\BloodForLifeCommunity.xml]
21-Jul-2018 02:22:46.612 WARNING [http-nio-8080-exec-154] org.apache.catalina.startup.HostConfig.deployDescriptor The path attribute with value [/BloodForLifeCommunity] in deployment descriptor [G:\Softwares\apache-tomcat-9.0.8\conf\Catalina\localhost\BloodForLifeCommunity.xml] has been ignored
21-Jul-2018 02:22:47.398 WARNING [http-nio-8080-exec-154] org.apache.catalina.webresources.Cache.getResource Unable to add the resource at [/WEB-INF/classes/webapps/host-manager/images/asf-logo.svg] to the cache for web application [/BloodForLifeCommunity] because there was insufficient free space available after evicting expired cache entries - consider increasing the maximum size of the cache
21-Jul-2018 02:22:47.398 WARNING [http-nio-8080-exec-154] org.apache.catalina.webresources.Cache.getResource Unable to add the resource at [/WEB-INF/classes/webapps/host-manager/images/tomcat.gif] to the cache for web application [/BloodForLifeCommunity] because there was insufficient free space available after evicting expired cache entries - consider increasing the maximum size of the cache
21-Jul-2018 02:22:47.400 WARNING [http-nio-8080-exec-154] org.apache.catalina.webresources.Cache.getResource Unable to add the resource at [/WEB-INF/classes/webapps/host-manager/META-INF/context.xml] to the cache for web application [/BloodForLifeCommunity] because there was insufficient free space available after evicting expired cache entries - consider increasing the maximum size of the cache
21-Jul-2018 02:22:47.400 WARNING [http-nio-8080-exec-154] org.apache.catalina.webresources.Cache.getResource Unable to add the resource at [/WEB-INF/classes/webapps/host-manager/WEB-INF/jsp] to the cache for web application [/BloodForLifeCommunity] because there was insufficient free space available after evicting expired cache entries - consider increasing the maximum size of the cache
21-Jul-2018 02:22:47.401 WARNING [http-nio-8080-exec-154] org.apache.catalina.webresources.Cache.getResource Unable to add the resource at [/WEB-INF/classes/webapps/host-manager/WEB-INF/web.xml] to the cache for web application [/BloodForLifeCommunity] because there was insufficient free space available after evicting expired cache entries - consider increasing the maximum size of the cache
21-Jul-2018 02:22:47.403 WARNING [http-nio-8080-exec-154] org.apache.catalina.webresources.Cache.getResource Unable to add the resource at [/WEB-INF/classes/webapps/host-manager/WEB-INF/jsp/401.jsp] to the cache for web application [/BloodForLifeCommunity] because there was insufficient free space available after evicting expired cache entries - consider increasing the maximum size of the cache
21-Jul-2018 02:22:47.403 WARNING [http-nio-8080-exec-154] org.apache.catalina.webresources.Cache.getResource Unable to add the resource at [/WEB-INF/classes/webapps/host-manager/WEB-INF/jsp/403.jsp] to the cache for web application [/BloodForLifeCommunity] because there was insufficient free space available after evicting expired cache entries - consider increasing the maximum size of the cache
21-Jul-2018 02:22:47.404 WARNING [http-nio-8080-exec-154] org.apache.catalina.webresources.Cache.getResource Unable to add the resource at [/WEB-INF/classes/webapps/host-manager/WEB-INF/jsp/404.jsp] to the cache for web application [/BloodForLifeCommunity] because there was insufficient free space available after evicting expired cache entries - consider increasing the maximum size of the cache
21-Jul-2018 02:22:47.405 WARNING [http-nio-8080-exec-154] org.apache.catalina.webresources.Cache.getResource Unable to add the resource at [/WEB-INF/classes/webapps/manager/images] to the cache for web application [/BloodForLifeCommunity] because there was insufficient free space available after evicting expired cache entries - consider increasing the maximum size of the cache
21-Jul-2018 02:22:47.406 WARNING [http-nio-8080-exec-154] org.apache.catalina.webresources.Cache.getResource Unable to add the resource at [/WEB-INF/classes/webapps/manager/index.jsp] to the cache for web application [/BloodForLifeCommunity] because there was insufficient free space available after evicting expired cache entries - consider increasing the maximum size of the cache
21-Jul-2018 02:22:47.406 WARNING [http-nio-8080-exec-154] org.apache.catalina.webresources.Cache.getResource Unable to add the resource at [/WEB-INF/classes/webapps/manager/META-INF] to the cache for web application [/BloodForLifeCommunity] because there was insufficient free space available after evicting expired cache entries - consider increasing the maximum size of the cache
21-Jul-2018 02:22:47.480 WARNING [http-nio-8080-exec-154] org.apache.catalina.webresources.Cache.getResource Unable to add the resource at [/WEB-INF/classes/webapps/manager/status.xsd] to the cache for web application [/BloodForLifeCommunity] because there was insufficient free space available after evicting expired cache entries - consider increasing the maximum size of the cache
21-Jul-2018 02:22:47.481 WARNING [http-nio-8080-exec-154] org.apache.catalina.webresources.Cache.getResource Unable to add the resource at [/WEB-INF/classes/webapps/manager/WEB-INF] to the cache for web application [/BloodForLifeCommunity] because there was insufficient free space available after evicting expired cache entries - consider increasing the maximum size of the cache
21-Jul-2018 02:22:47.482 WARNING [http-nio-8080-exec-154] org.apache.catalina.webresources.Cache.getResource Unable to add the resource at [/WEB-INF/classes/webapps/manager/xform.xsl] to the cache for web application [/BloodForLifeCommunity] because there was insufficient free space available after evicting expired cache entries - consider increasing the maximum size of the cache
21-Jul-2018 02:22:47.484 WARNING [http-nio-8080-exec-154] org.apache.catalina.webresources.Cache.getResource Unable to add the resource at [/WEB-INF/classes/webapps/manager/images/asf-logo.svg] to the cache for web application [/BloodForLifeCommunity] because there was insufficient free space available after evicting expired cache entries - consider increasing the maximum size of the cache
21-Jul-2018 02:22:47.485 WARNING [http-nio-8080-exec-154] org.apache.catalina.webresources.Cache.getResource Unable to add the resource at [/WEB-INF/classes/webapps/manager/images/tomcat.gif] to the cache for web application [/BloodForLifeCommunity] because there was insufficient free space available after evicting expired cache entries - consider increasing the maximum size of the cache
21-Jul-2018 02:22:47.488 WARNING [http-nio-8080-exec-154] org.apache.catalina.webresources.Cache.getResource Unable to add the resource at [/WEB-INF/classes/webapps/manager/META-INF/context.xml] to the cache for web application [/BloodForLifeCommunity] because there was insufficient free space available after evicting expired cache entries - consider increasing the maximum size of the cache
21-Jul-2018 02:22:47.490 WARNING [http-nio-8080-exec-154] org.apache.catalina.webresources.Cache.getResource Unable to add the resource at [/WEB-INF/classes/webapps/manager/WEB-INF/jsp] to the cache for web application [/BloodForLifeCommunity] because there was insufficient free space available after evicting expired cache entries - consider increasing the maximum size of the cache
21-Jul-2018 02:22:47.492 WARNING [http-nio-8080-exec-154] org.apache.catalina.webresources.Cache.getResource Unable to add the resource at [/WEB-INF/classes/webapps/manager/WEB-INF/web.xml] to the cache for web application [/BloodForLifeCommunity] because there was insufficient free space available after evicting expired cache entries - consider increasing the maximum size of the cache
21-Jul-2018 02:22:47.495 WARNING [http-nio-8080-exec-154] org.apache.catalina.webresources.Cache.getResource Unable to add the resource at [/WEB-INF/classes/webapps/manager/WEB-INF/jsp/401.jsp] to the cache for web application [/BloodForLifeCommunity] because there was insufficient free space available after evicting expired cache entries - consider increasing the maximum size of the cache
21-Jul-2018 02:22:47.496 WARNING [http-nio-8080-exec-154] org.apache.catalina.webresources.Cache.getResource Unable to add the resource at [/WEB-INF/classes/webapps/manager/WEB-INF/jsp/403.jsp] to the cache for web application [/BloodForLifeCommunity] because there was insufficient free space available after evicting expired cache entries - consider increasing the maximum size of the cache
21-Jul-2018 02:22:47.497 WARNING [http-nio-8080-exec-154] org.apache.catalina.webresources.Cache.getResource Unable to add the resource at [/WEB-INF/classes/webapps/manager/WEB-INF/jsp/404.jsp] to the cache for web application [/BloodForLifeCommunity] because there was insufficient free space available after evicting expired cache entries - consider increasing the maximum size of the cache
21-Jul-2018 02:22:47.506 WARNING [http-nio-8080-exec-154] org.apache.catalina.webresources.Cache.getResource Unable to add the resource at [/WEB-INF/classes/webapps/manager/WEB-INF/jsp/connectorCerts.jsp] to the cache for web application [/BloodForLifeCommunity] because there was insufficient free space available after evicting expired cache entries - consider increasing the maximum size of the cache
21-Jul-2018 02:22:47.507 WARNING [http-nio-8080-exec-154] org.apache.catalina.webresources.Cache.getResource Unable to add the resource at [/WEB-INF/classes/webapps/manager/WEB-INF/jsp/connectorCiphers.jsp] to the cache for web application [/BloodForLifeCommunity] because there was insufficient free space available after evicting expired cache entries - consider increasing the maximum size of the cache
21-Jul-2018 02:22:47.509 WARNING [http-nio-8080-exec-154] org.apache.catalina.webresources.Cache.getResource Unable to add the resource at [/WEB-INF/classes/webapps/manager/WEB-INF/jsp/connectorTrustedCerts.jsp] to the cache for web application [/BloodForLifeCommunity] because there was insufficient free space available after evicting expired cache entries - consider increasing the maximum size of the cache
21-Jul-2018 02:22:47.511 WARNING [http-nio-8080-exec-154] org.apache.catalina.webresources.Cache.getResource Unable to add the resource at [/WEB-INF/classes/webapps/manager/WEB-INF/jsp/sessionDetail.jsp] to the cache for web application [/BloodForLifeCommunity] because there was insufficient free space available after evicting expired cache entries - consider increasing the maximum size of the cache
21-Jul-2018 02:22:47.512 WARNING [http-nio-8080-exec-154] org.apache.catalina.webresources.Cache.getResource Unable to add the resource at [/WEB-INF/classes/webapps/manager/WEB-INF/jsp/sessionsList.jsp] to the cache for web application [/BloodForLifeCommunity] because there was insufficient free space available after evicting expired cache entries - consider increasing the maximum size of the cache
21-Jul-2018 02:22:47.516 WARNING [http-nio-8080-exec-154] org.apache.catalina.webresources.Cache.getResource Unable to add the resource at [/WEB-INF/classes/webapps/ROOT/asf-logo-wide.svg] to the cache for web application [/BloodForLifeCommunity] because there was insufficient free space available after evicting expired cache entries - consider increasing the maximum size of the cache
21-Jul-2018 02:22:47.517 WARNING [http-nio-8080-exec-154] org.apache.catalina.webresources.Cache.getResource Unable to add the resource at [/WEB-INF/classes/webapps/ROOT/bg-button.png] to the cache for web application [/BloodForLifeCommunity] because there was insufficient free space available after evicting expired cache entries - consider increasing the maximum size of the cache
21-Jul-2018 02:22:47.519 WARNING [http-nio-8080-exec-154] org.apache.catalina.webresources.Cache.getResource Unable to add the resource at [/WEB-INF/classes/webapps/ROOT/bg-middle.png] to the cache for web application [/BloodForLifeCommunity] because there was insufficient free space available after evicting expired cache entries - consider increasing the maximum size of the cache
21-Jul-2018 02:22:47.520 WARNING [http-nio-8080-exec-154] org.apache.catalina.webresources.Cache.getResource Unable to add the resource at [/WEB-INF/classes/webapps/ROOT/bg-nav.png] to the cache for web application [/BloodForLifeCommunity] because there was insufficient free space available after evicting expired cache entries - consider increasing the maximum size of the cache
21-Jul-2018 02:22:47.522 WARNING [http-nio-8080-exec-154] org.apache.catalina.webresources.Cache.getResource Unable to add the resource at [/WEB-INF/classes/webapps/ROOT/bg-upper.png] to the cache for web application [/BloodForLifeCommunity] because there was insufficient free space available after evicting expired cache entries - consider increasing the maximum size of the cache
21-Jul-2018 02:22:47.523 WARNING [http-nio-8080-exec-154] org.apache.catalina.webresources.Cache.getResource Unable to add the resource at [/WEB-INF/classes/webapps/ROOT/favicon.ico] to the cache for web application [/BloodForLifeCommunity] because there was insufficient free space available after evicting expired cache entries - consider increasing the maximum size of the cache
21-Jul-2018 02:22:47.560 WARNING [http-nio-8080-exec-154] org.apache.catalina.webresources.Cache.getResource Unable to add the resource at [/WEB-INF/classes/webapps/ROOT/index.jsp] to the cache for web application [/BloodForLifeCommunity] because there was insufficient free space available after evicting expired cache entries - consider increasing the maximum size of the cache
21-Jul-2018 02:22:47.561 WARNING [http-nio-8080-exec-154] org.apache.catalina.webresources.Cache.getResource Unable to add the resource at [/WEB-INF/classes/webapps/ROOT/RELEASE-NOTES.txt] to the cache for web application [/BloodForLifeCommunity] because there was insufficient free space available after evicting expired cache entries - consider increasing the maximum size of the cache
21-Jul-2018 02:22:47.562 WARNING [http-nio-8080-exec-154] org.apache.catalina.webresources.Cache.getResource Unable to add the resource at [/WEB-INF/classes/webapps/ROOT/tomcat-power.gif] to the cache for web application [/BloodForLifeCommunity] because there was insufficient free space available after evicting expired cache entries - consider increasing the maximum size of the cache
21-Jul-2018 02:22:47.563 WARNING [http-nio-8080-exec-154] org.apache.catalina.webresources.Cache.getResource Unable to add the resource at [/WEB-INF/classes/webapps/ROOT/tomcat.css] to the cache for web application [/BloodForLifeCommunity] because there was insufficient free space available after evicting expired cache entries - consider increasing the maximum size of the cache
21-Jul-2018 02:22:47.564 WARNING [http-nio-8080-exec-154] org.apache.catalina.webresources.Cache.getResource Unable to add the resource at [/WEB-INF/classes/webapps/ROOT/tomcat.gif] to the cache for web application [/BloodForLifeCommunity] because there was insufficient free space available after evicting expired cache entries - consider increasing the maximum size of the cache
21-Jul-2018 02:22:47.564 WARNING [http-nio-8080-exec-154] org.apache.catalina.webresources.Cache.getResource Unable to add the resource at [/WEB-INF/classes/webapps/ROOT/tomcat.png] to the cache for web application [/BloodForLifeCommunity] because there was insufficient free space available after evicting expired cache entries - consider increasing the maximum size of the cache
21-Jul-2018 02:22:47.565 WARNING [http-nio-8080-exec-154] org.apache.catalina.webresources.Cache.getResource Unable to add the resource at [/WEB-INF/classes/webapps/ROOT/tomcat.svg] to the cache for web application [/BloodForLifeCommunity] because there was insufficient free space available after evicting expired cache entries - consider increasing the maximum size of the cache
21-Jul-2018 02:22:47.566 WARNING [http-nio-8080-exec-154] org.apache.catalina.webresources.Cache.getResource Unable to add the resource at [/WEB-INF/classes/webapps/ROOT/WEB-INF] to the cache for web application [/BloodForLifeCommunity] because there was insufficient free space available after evicting expired cache entries - consider increasing the maximum size of the cache
21-Jul-2018 02:22:47.568 WARNING [http-nio-8080-exec-154] org.apache.catalina.webresources.Cache.getResource Unable to add the resource at [/WEB-INF/classes/webapps/ROOT/WEB-INF/web.xml] to the cache for web application [/BloodForLifeCommunity] because there was insufficient free space available after evicting expired cache entries - consider increasing the maximum size of the cache
21-Jul-2018 02:22:47.570 WARNING [http-nio-8080-exec-154] org.apache.catalina.webresources.Cache.getResource Unable to add the resource at [/WEB-INF/classes/work/Catalina] to the cache for web application [/BloodForLifeCommunity] because there was insufficient free space available after evicting expired cache entries - consider increasing the maximum size of the cache
21-Jul-2018 02:22:47.572 WARNING [http-nio-8080-exec-154] org.apache.catalina.webresources.Cache.getResource Unable to add the resource at [/WEB-INF/classes/work/Catalina/localhost] to the cache for web application [/BloodForLifeCommunity] because there was insufficient free space available after evicting expired cache entries - consider increasing the maximum size of the cache
21-Jul-2018 02:22:47.613 WARNING [http-nio-8080-exec-154] org.apache.catalina.webresources.Cache.getResource Unable to add the resource at [/WEB-INF/classes/work/Catalina/localhost/BloodForLifeCommunity] to the cache for web application [/BloodForLifeCommunity] because there was insufficient free space available after evicting expired cache entries - consider increasing the maximum size of the cache
21-Jul-2018 02:22:47.615 WARNING [http-nio-8080-exec-154] org.apache.catalina.webresources.Cache.getResource Unable to add the resource at [/WEB-INF/classes/work/Catalina/localhost/docs] to the cache for web application [/BloodForLifeCommunity] because there was insufficient free space available after evicting expired cache entries - consider increasing the maximum size of the cache
21-Jul-2018 02:22:47.617 WARNING [http-nio-8080-exec-154] org.apache.catalina.webresources.Cache.getResource Unable to add the resource at [/WEB-INF/classes/work/Catalina/localhost/EmpMng] to the cache for web application [/BloodForLifeCommunity] because there was insufficient free space available after evicting expired cache entries - consider increasing the maximum size of the cache
21-Jul-2018 02:22:47.620 WARNING [http-nio-8080-exec-154] org.apache.catalina.webresources.Cache.getResource Unable to add the resource at [/WEB-INF/classes/work/Catalina/localhost/examples] to the cache for web application [/BloodForLifeCommunity] because there was insufficient free space available after evicting expired cache entries - consider increasing the maximum size of the cache
21-Jul-2018 02:22:47.622 WARNING [http-nio-8080-exec-154] org.apache.catalina.webresources.Cache.getResource Unable to add the resource at [/WEB-INF/classes/work/Catalina/localhost/FirstWeb1] to the cache for web application [/BloodForLifeCommunity] because there was insufficient free space available after evicting expired cache entries - consider increasing the maximum size of the cache
21-Jul-2018 02:22:47.623 WARNING [http-nio-8080-exec-154] org.apache.catalina.webresources.Cache.getResource Unable to add the resource at [/WEB-INF/classes/work/Catalina/localhost/host-manager] to the cache for web application [/BloodForLifeCommunity] because there was insufficient free space available after evicting expired cache entries - consider increasing the maximum size of the cache
21-Jul-2018 02:22:47.625 WARNING [http-nio-8080-exec-154] org.apache.catalina.webresources.Cache.getResource Unable to add the resource at [/WEB-INF/classes/work/Catalina/localhost/LoginApp1] to the cache for web application [/BloodForLifeCommunity] because there was insufficient free space available after evicting expired cache entries - consider increasing the maximum size of the cache
21-Jul-2018 02:22:47.626 WARNING [http-nio-8080-exec-154] org.apache.catalina.webresources.Cache.getResource Unable to add the resource at [/WEB-INF/classes/work/Catalina/localhost/manager] to the cache for web application [/BloodForLifeCommunity] because there was insufficient free space available after evicting expired cache entries - consider increasing the maximum size of the cache
21-Jul-2018 02:22:47.628 WARNING [http-nio-8080-exec-154] org.apache.catalina.webresources.Cache.getResource Unable to add the resource at [/WEB-INF/classes/work/Catalina/localhost/ROOT] to the cache for web application [/BloodForLifeCommunity] because there was insufficient free space available after evicting expired cache entries - consider increasing the maximum size of the cache
21-Jul-2018 02:22:47.629 WARNING [http-nio-8080-exec-154] org.apache.catalina.webresources.Cache.getResource Unable to add the resource at [/WEB-INF/classes/work/Catalina/localhost/WebApplication1] to the cache for web application [/BloodForLifeCommunity] because there was insufficient free space available after evicting expired cache entries - consider increasing the maximum size of the cache
21-Jul-2018 02:22:47.631 WARNING [http-nio-8080-exec-154] org.apache.catalina.webresources.Cache.getResource Unable to add the resource at [/WEB-INF/classes/work/Catalina/localhost/BloodForLifeCommunity/org] to the cache for web application [/BloodForLifeCommunity] because there was insufficient free space available after evicting expired cache entries - consider increasing the maximum size of the cache
21-Jul-2018 02:22:47.664 WARNING [http-nio-8080-exec-154] org.apache.catalina.webresources.Cache.getResource Unable to add the resource at [/WEB-INF/classes/work/Catalina/localhost/BloodForLifeCommunity/SESSIONS.ser] to the cache for web application [/BloodForLifeCommunity] because there was insufficient free space available after evicting expired cache entries - consider increasing the maximum size of the cache
21-Jul-2018 02:22:47.665 WARNING [http-nio-8080-exec-154] org.apache.catalina.webresources.Cache.getResource Unable to add the resource at [/WEB-INF/classes/work/Catalina/localhost/BloodForLifeCommunity/org/apache] to the cache for web application [/BloodForLifeCommunity] because there was insufficient free space available after evicting expired cache entries - consider increasing the maximum size of the cache
21-Jul-2018 02:22:47.666 WARNING [http-nio-8080-exec-154] org.apache.catalina.webresources.Cache.getResource Unable to add the resource at [/WEB-INF/classes/work/Catalina/localhost/BloodForLifeCommunity/org/apache/jsp] to the cache for web application [/BloodForLifeCommunity] because there was insufficient free space available after evicting expired cache entries - consider increasing the maximum size of the cache
21-Jul-2018 02:22:47.668 WARNING [http-nio-8080-exec-154] org.apache.catalina.webresources.Cache.getResource Unable to add the resource at [/WEB-INF/classes/work/Catalina/localhost/BloodForLifeCommunity/org/apache/jsp/footer_jsp.java] to the cache for web application [/BloodForLifeCommunity] because there was insufficient free space available after evicting expired cache entries - consider increasing the maximum size of the cache
21-Jul-2018 02:22:47.669 WARNING [http-nio-8080-exec-154] org.apache.catalina.webresources.Cache.getResource Unable to add the resource at [/WEB-INF/classes/work/Catalina/localhost/BloodForLifeCommunity/org/apache/jsp/header_jsp.java] to the cache for web application [/BloodForLifeCommunity] because there was insufficient free space available after evicting expired cache entries - consider increasing the maximum size of the cache
21-Jul-2018 02:22:47.670 WARNING [http-nio-8080-exec-154] org.apache.catalina.webresources.Cache.getResource Unable to add the resource at [/WEB-INF/classes/work/Catalina/localhost/BloodForLifeCommunity/org/apache/jsp/home_jsp.java] to the cache for web application [/BloodForLifeCommunity] because there was insufficient free space available after evicting expired cache entries - consider increasing the maximum size of the cache
21-Jul-2018 02:22:47.671 WARNING [http-nio-8080-exec-154] org.apache.catalina.webresources.Cache.getResource Unable to add the resource at [/WEB-INF/classes/work/Catalina/localhost/BloodForLifeCommunity/org/apache/jsp/index_jsp.java] to the cache for web application [/BloodForLifeCommunity] because there was insufficient free space available after evicting expired cache entries - consider increasing the maximum size of the cache
21-Jul-2018 02:22:47.672 WARNING [http-nio-8080-exec-154] org.apache.catalina.webresources.Cache.getResource Unable to add the resource at [/WEB-INF/classes/work/Catalina/localhost/BloodForLifeCommunity/org/apache/jsp/search_jsp.java] to the cache for web application [/BloodForLifeCommunity] because there was insufficient free space available after evicting expired cache entries - consider increasing the maximum size of the cache
21-Jul-2018 02:22:47.816 WARNING [http-nio-8080-exec-154] org.apache.catalina.webresources.Cache.getResource Unable to add the resource at [/WEB-INF/classes/work/Catalina/localhost/FirstWeb1/org] to the cache for web application [/BloodForLifeCommunity] because there was insufficient free space available after evicting expired cache entries - consider increasing the maximum size of the cache
21-Jul-2018 02:22:47.817 WARNING [http-nio-8080-exec-154] org.apache.catalina.webresources.Cache.getResource Unable to add the resource at [/WEB-INF/classes/work/Catalina/localhost/FirstWeb1/org/apache] to the cache for web application [/BloodForLifeCommunity] because there was insufficient free space available after evicting expired cache entries - consider increasing the maximum size of the cache
21-Jul-2018 02:22:47.817 WARNING [http-nio-8080-exec-154] org.apache.catalina.webresources.Cache.getResource Unable to add the resource at [/WEB-INF/classes/work/Catalina/localhost/FirstWeb1/org/apache/jsp] to the cache for web application [/BloodForLifeCommunity] because there was insufficient free space available after evicting expired cache entries - consider increasing the maximum size of the cache
21-Jul-2018 02:22:47.819 WARNING [http-nio-8080-exec-154] org.apache.catalina.webresources.Cache.getResource Unable to add the resource at [/WEB-INF/classes/work/Catalina/localhost/FirstWeb1/org/apache/jsp/index_jsp.java] to the cache for web application [/BloodForLifeCommunity] because there was insufficient free space available after evicting expired cache entries - consider increasing the maximum size of the cache
21-Jul-2018 02:22:47.820 WARNING [http-nio-8080-exec-154] org.apache.catalina.webresources.Cache.getResource Unable to add the resource at [/WEB-INF/classes/work/Catalina/localhost/manager/org] to the cache for web application [/BloodForLifeCommunity] because there was insufficient free space available after evicting expired cache entries - consider increasing the maximum size of the cache
21-Jul-2018 02:22:47.821 WARNING [http-nio-8080-exec-154] org.apache.catalina.webresources.Cache.getResource Unable to add the resource at [/WEB-INF/classes/work/Catalina/localhost/manager/org/apache] to the cache for web application [/BloodForLifeCommunity] because there was insufficient free space available after evicting expired cache entries - consider increasing the maximum size of the cache
21-Jul-2018 02:22:47.821 WARNING [http-nio-8080-exec-154] org.apache.catalina.webresources.Cache.getResource Unable to add the resource at [/WEB-INF/classes/work/Catalina/localhost/manager/org/apache/jsp] to the cache for web application [/BloodForLifeCommunity] because there was insufficient free space available after evicting expired cache entries - consider increasing the maximum size of the cache
21-Jul-2018 02:22:47.822 WARNING [http-nio-8080-exec-154] org.apache.catalina.webresources.Cache.getResource Unable to add the resource at [/WEB-INF/classes/work/Catalina/localhost/manager/org/apache/jsp/WEB_002dINF] to the cache for web application [/BloodForLifeCommunity] because there was insufficient free space available after evicting expired cache entries - consider increasing the maximum size of the cache
21-Jul-2018 02:22:47.823 WARNING [http-nio-8080-exec-154] org.apache.catalina.webresources.Cache.getResource Unable to add the resource at [/WEB-INF/classes/work/Catalina/localhost/manager/org/apache/jsp/WEB_002dINF/jsp] to the cache for web application [/BloodForLifeCommunity] because there was insufficient free space available after evicting expired cache entries - consider increasing the maximum size of the cache
21-Jul-2018 02:22:47.824 WARNING [http-nio-8080-exec-154] org.apache.catalina.webresources.Cache.getResource Unable to add the resource at [/WEB-INF/classes/work/Catalina/localhost/manager/org/apache/jsp/WEB_002dINF/jsp/_401_jsp.java] to the cache for web application [/BloodForLifeCommunity] because there was insufficient free space available after evicting expired cache entries - consider increasing the maximum size of the cache
21-Jul-2018 02:22:48.111 WARNING [http-nio-8080-exec-154] org.apache.catalina.webresources.Cache.getResource Unable to add the resource at [/WEB-INF/classes/] to the cache for web application [/BloodForLifeCommunity] because there was insufficient free space available after evicting expired cache entries - consider increasing the maximum size of the cache
21-Jul-2018 02:22:48.488 WARNING [http-nio-8080-exec-154] org.apache.catalina.webresources.Cache.getResource Unable to add the resource at [/WEB-INF/classes/] to the cache for web application [/BloodForLifeCommunity] because there was insufficient free space available after evicting expired cache entries - consider increasing the maximum size of the cache
21-Jul-2018 02:22:48.492 WARNING [http-nio-8080-exec-154] org.apache.catalina.webresources.Cache.getResource Unable to add the resource at [/WEB-INF/classes/] to the cache for web application [/BloodForLifeCommunity] because there was insufficient free space available after evicting expired cache entries - consider increasing the maximum size of the cache
21-Jul-2018 02:22:48.496 WARNING [http-nio-8080-exec-154] org.apache.catalina.webresources.Cache.getResource Unable to add the resource at [/WEB-INF/classes/] to the cache for web application [/BloodForLifeCommunity] because there was insufficient free space available after evicting expired cache entries - consider increasing the maximum size of the cache
21-Jul-2018 02:22:48.499 WARNING [http-nio-8080-exec-154] org.apache.catalina.webresources.Cache.getResource Unable to add the resource at [/WEB-INF/classes/] to the cache for web application [/BloodForLifeCommunity] because there was insufficient free space available after evicting expired cache entries - consider increasing the maximum size of the cache
21-Jul-2018 02:22:48.512 WARNING [http-nio-8080-exec-154] org.apache.catalina.webresources.Cache.getResource Unable to add the resource at [/WEB-INF/classes/] to the cache for web application [/BloodForLifeCommunity] because there was insufficient free space available after evicting expired cache entries - consider increasing the maximum size of the cache
21-Jul-2018 02:22:48.523 WARNING [http-nio-8080-exec-154] org.apache.catalina.webresources.Cache.getResource Unable to add the resource at [/WEB-INF/classes/] to the cache for web application [/BloodForLifeCommunity] because there was insufficient free space available after evicting expired cache entries - consider increasing the maximum size of the cache
21-Jul-2018 02:22:48.526 WARNING [http-nio-8080-exec-154] org.apache.catalina.webresources.Cache.getResource Unable to add the resource at [/WEB-INF/classes/] to the cache for web application [/BloodForLifeCommunity] because there was insufficient free space available after evicting expired cache entries - consider increasing the maximum size of the cache
21-Jul-2018 02:22:48.548 WARNING [http-nio-8080-exec-154] org.apache.catalina.webresources.Cache.getResource Unable to add the resource at [/WEB-INF/classes/] to the cache for web application [/BloodForLifeCommunity] because there was insufficient free space available after evicting expired cache entries - consider increasing the maximum size of the cache
21-Jul-2018 02:22:48.551 WARNING [http-nio-8080-exec-154] org.apache.catalina.webresources.Cache.getResource Unable to add the resource at [/WEB-INF/classes/] to the cache for web application [/BloodForLifeCommunity] because there was insufficient free space available after evicting expired cache entries - consider increasing the maximum size of the cache
21-Jul-2018 02:22:48.553 WARNING [http-nio-8080-exec-154] org.apache.catalina.webresources.Cache.getResource Unable to add the resource at [/WEB-INF/classes/] to the cache for web application [/BloodForLifeCommunity] because there was insufficient free space available after evicting expired cache entries - consider increasing the maximum size of the cache
21-Jul-2018 02:22:48.555 WARNING [http-nio-8080-exec-154] org.apache.catalina.webresources.Cache.getResource Unable to add the resource at [/WEB-INF/classes/] to the cache for web application [/BloodForLifeCommunity] because there was insufficient free space available after evicting expired cache entries - consider increasing the maximum size of the cache
21-Jul-2018 02:22:48.556 WARNING [http-nio-8080-exec-154] org.apache.catalina.webresources.Cache.getResource Unable to add the resource at [/WEB-INF/classes/] to the cache for web application [/BloodForLifeCommunity] because there was insufficient free space available after evicting expired cache entries - consider increasing the maximum size of the cache
21-Jul-2018 02:22:48.558 WARNING [http-nio-8080-exec-154] org.apache.catalina.webresources.Cache.getResource Unable to add the resource at [/WEB-INF/classes/] to the cache for web application [/BloodForLifeCommunity] because there was insufficient free space available after evicting expired cache entries - consider increasing the maximum size of the cache
21-Jul-2018 02:22:48.560 WARNING [http-nio-8080-exec-154] org.apache.catalina.webresources.Cache.getResource Unable to add the resource at [/WEB-INF/classes/] to the cache for web application [/BloodForLifeCommunity] because there was insufficient free space available after evicting expired cache entries - consider increasing the maximum size of the cache
21-Jul-2018 02:22:48.561 WARNING [http-nio-8080-exec-154] org.apache.catalina.webresources.Cache.getResource Unable to add the resource at [/WEB-INF/classes/] to the cache for web application [/BloodForLifeCommunity] because there was insufficient free space available after evicting expired cache entries - consider increasing the maximum size of the cache
21-Jul-2018 02:22:48.564 WARNING [http-nio-8080-exec-154] org.apache.catalina.webresources.Cache.getResource Unable to add the resource at [/WEB-INF/classes/] to the cache for web application [/BloodForLifeCommunity] because there was insufficient free space available after evicting expired cache entries - consider increasing the maximum size of the cache
21-Jul-2018 02:22:48.565 WARNING [http-nio-8080-exec-154] org.apache.catalina.webresources.Cache.getResource Unable to add the resource at [/WEB-INF/classes/] to the cache for web application [/BloodForLifeCommunity] because there was insufficient free space available after evicting expired cache entries - consider increasing the maximum size of the cache
21-Jul-2018 02:22:48.567 WARNING [http-nio-8080-exec-154] org.apache.catalina.webresources.Cache.getResource Unable to add the resource at [/WEB-INF/classes/] to the cache for web application [/BloodForLifeCommunity] because there was insufficient free space available after evicting expired cache entries - consider increasing the maximum size of the cache
21-Jul-2018 02:22:48.581 WARNING [http-nio-8080-exec-154] org.apache.catalina.webresources.Cache.getResource Unable to add the resource at [/WEB-INF/classes/] to the cache for web application [/BloodForLifeCommunity] because there was insufficient free space available after evicting expired cache entries - consider increasing the maximum size of the cache
21-Jul-2018 02:22:48.593 WARNING [http-nio-8080-exec-154] org.apache.catalina.webresources.Cache.getResource Unable to add the resource at [/WEB-INF/classes/] to the cache for web application [/BloodForLifeCommunity] because there was insufficient free space available after evicting expired cache entries - consider increasing the maximum size of the cache
21-Jul-2018 02:22:48.716 INFO [http-nio-8080-exec-154] org.apache.jasper.servlet.TldScanner.scanJars At least one JAR was scanned for TLDs yet contained no TLDs. Enable debug logging for this logger for a complete list of JARs that were scanned but no TLDs were found in them. Skipping unneeded JARs during scanning can improve startup time and JSP compilation time.
21-Jul-2018 02:22:48.730 WARNING [http-nio-8080-exec-154] org.apache.catalina.webresources.Cache.getResource Unable to add the resource at [/] to the cache for web application [/BloodForLifeCommunity] because there was insufficient free space available after evicting expired cache entries - consider increasing the maximum size of the cache
21-Jul-2018 02:22:48.789 INFO [http-nio-8080-exec-154] org.apache.catalina.startup.HostConfig.deployDescriptor Deployment of deployment descriptor [G:\Softwares\apache-tomcat-9.0.8\conf\Catalina\localhost\BloodForLifeCommunity.xml] has finished in [2,341] ms
21-Jul-2018 02:22:48.798 INFO [http-nio-8080-exec-178] org.apache.catalina.util.LifecycleBase.start The start() method was called on component [StandardEngine[Catalina].StandardHost[localhost].StandardContext[/BloodForLifeCommunity]] after start() had already been called. The second call will be ignored.
