02-Apr-2018 09:53:50.640 INFO [main] org.apache.catalina.startup.VersionLoggerListener.log Server version:        Apache Tomcat/9.0.6
02-Apr-2018 09:53:50.640 INFO [main] org.apache.catalina.startup.VersionLoggerListener.log Server built:          Mar 5 2018 09:34:35 UTC
02-Apr-2018 09:53:50.640 INFO [main] org.apache.catalina.startup.VersionLoggerListener.log Server number:         9.0.6.0
02-Apr-2018 09:53:50.640 INFO [main] org.apache.catalina.startup.VersionLoggerListener.log OS Name:               Windows 10
02-Apr-2018 09:53:50.640 INFO [main] org.apache.catalina.startup.VersionLoggerListener.log OS Version:            10.0
02-Apr-2018 09:53:50.640 INFO [main] org.apache.catalina.startup.VersionLoggerListener.log Architecture:          amd64
02-Apr-2018 09:53:50.640 INFO [main] org.apache.catalina.startup.VersionLoggerListener.log Java Home:             C:\Program Files\Java\jdk1.8.0_111\jre
02-Apr-2018 09:53:50.640 INFO [main] org.apache.catalina.startup.VersionLoggerListener.log JVM Version:           1.8.0_111-b14
02-Apr-2018 09:53:50.640 INFO [main] org.apache.catalina.startup.VersionLoggerListener.log JVM Vendor:            Oracle Corporation
02-Apr-2018 09:53:50.640 INFO [main] org.apache.catalina.startup.VersionLoggerListener.log CATALINA_BASE:         G:\LICT18\apache-tomcat-9.0.6
02-Apr-2018 09:53:50.640 INFO [main] org.apache.catalina.startup.VersionLoggerListener.log CATALINA_HOME:         G:\LICT18\apache-tomcat-9.0.6
02-Apr-2018 09:53:50.640 INFO [main] org.apache.catalina.startup.VersionLoggerListener.log Command line argument: -Djava.util.logging.config.file=G:\LICT18\apache-tomcat-9.0.6\conf\logging.properties
02-Apr-2018 09:53:50.640 INFO [main] org.apache.catalina.startup.VersionLoggerListener.log Command line argument: -Djava.util.logging.manager=org.apache.juli.ClassLoaderLogManager
02-Apr-2018 09:53:50.640 INFO [main] org.apache.catalina.startup.VersionLoggerListener.log Command line argument: -Dhttp.nonProxyHosts=localhost|127.0.0.1|DESKTOP-IVGRA1C
02-Apr-2018 09:53:50.640 INFO [main] org.apache.catalina.startup.VersionLoggerListener.log Command line argument: -Djdk.tls.ephemeralDHKeySize=2048
02-Apr-2018 09:53:50.640 INFO [main] org.apache.catalina.startup.VersionLoggerListener.log Command line argument: -Djava.protocol.handler.pkgs=org.apache.catalina.webresources
02-Apr-2018 09:53:50.656 INFO [main] org.apache.catalina.startup.VersionLoggerListener.log Command line argument: -Dignore.endorsed.dirs=
02-Apr-2018 09:53:50.656 INFO [main] org.apache.catalina.startup.VersionLoggerListener.log Command line argument: -Dcatalina.base=G:\LICT18\apache-tomcat-9.0.6
02-Apr-2018 09:53:50.656 INFO [main] org.apache.catalina.startup.VersionLoggerListener.log Command line argument: -Dcatalina.home=G:\LICT18\apache-tomcat-9.0.6
02-Apr-2018 09:53:50.656 INFO [main] org.apache.catalina.startup.VersionLoggerListener.log Command line argument: -Djava.io.tmpdir=G:\LICT18\apache-tomcat-9.0.6\temp
02-Apr-2018 09:53:50.656 INFO [main] org.apache.catalina.core.AprLifecycleListener.lifecycleEvent The APR based Apache Tomcat Native library which allows optimal performance in production environments was not found on the java.library.path: [C:\Program Files\Java\jdk1.8.0_111\bin;C:\WINDOWS\Sun\Java\bin;C:\WINDOWS\system32;C:\WINDOWS;C:\ProgramData\Oracle\Java\javapath;C:\WINDOWS\system32;C:\WINDOWS;C:\WINDOWS\System32\Wbem;C:\WINDOWS\System32\WindowsPowerShell\v1.0\;C:\Program Files\Java\jdk1.8.0_111\bin;C:\Program Files\Microsoft SQL Server\130\Tools\Binn\;C:\Users\Bappy's Pc\AppData\Local\Microsoft\WindowsApps;;.]
02-Apr-2018 09:53:51.343 INFO [main] org.apache.coyote.AbstractProtocol.init Initializing ProtocolHandler ["http-nio-9090"]
02-Apr-2018 09:53:51.640 INFO [main] org.apache.tomcat.util.net.NioSelectorPool.getSharedSelector Using a shared selector for servlet write/read
02-Apr-2018 09:53:51.672 INFO [main] org.apache.coyote.AbstractProtocol.init Initializing ProtocolHandler ["ajp-nio-8009"]
02-Apr-2018 09:53:51.672 INFO [main] org.apache.tomcat.util.net.NioSelectorPool.getSharedSelector Using a shared selector for servlet write/read
02-Apr-2018 09:53:51.672 INFO [main] org.apache.catalina.startup.Catalina.load Initialization processed in 2826 ms
02-Apr-2018 09:53:51.834 INFO [main] org.apache.catalina.core.StandardService.startInternal Starting service [Catalina]
02-Apr-2018 09:53:51.834 INFO [main] org.apache.catalina.core.StandardEngine.startInternal Starting Servlet Engine: Apache Tomcat/9.0.6
02-Apr-2018 09:53:52.022 INFO [main] org.apache.catalina.startup.HostConfig.deployDescriptor Deploying deployment descriptor [G:\LICT18\apache-tomcat-9.0.6\conf\Catalina\localhost\BloodForLifeCommunity.xml]
02-Apr-2018 09:53:52.131 WARNING [main] org.apache.catalina.startup.HostConfig.deployDescriptor The path attribute with value [/BloodForLifeCommunity] in deployment descriptor [G:\LICT18\apache-tomcat-9.0.6\conf\Catalina\localhost\BloodForLifeCommunity.xml] has been ignored
02-Apr-2018 09:53:54.678 INFO [main] org.apache.jasper.servlet.TldScanner.scanJars At least one JAR was scanned for TLDs yet contained no TLDs. Enable debug logging for this logger for a complete list of JARs that were scanned but no TLDs were found in them. Skipping unneeded JARs during scanning can improve startup time and JSP compilation time.
02-Apr-2018 09:53:55.350 INFO [main] org.apache.catalina.startup.HostConfig.deployDescriptor Deployment of deployment descriptor [G:\LICT18\apache-tomcat-9.0.6\conf\Catalina\localhost\BloodForLifeCommunity.xml] has finished in [3,328] ms
02-Apr-2018 09:53:55.381 INFO [main] org.apache.catalina.startup.HostConfig.deployDescriptor Deploying deployment descriptor [G:\LICT18\apache-tomcat-9.0.6\conf\Catalina\localhost\EmpMng.xml]
02-Apr-2018 09:53:55.381 WARNING [main] org.apache.catalina.startup.HostConfig.deployDescriptor The path attribute with value [/EmpMng] in deployment descriptor [G:\LICT18\apache-tomcat-9.0.6\conf\Catalina\localhost\EmpMng.xml] has been ignored
02-Apr-2018 09:53:56.115 INFO [main] org.apache.jasper.servlet.TldScanner.scanJars At least one JAR was scanned for TLDs yet contained no TLDs. Enable debug logging for this logger for a complete list of JARs that were scanned but no TLDs were found in them. Skipping unneeded JARs during scanning can improve startup time and JSP compilation time.
02-Apr-2018 09:53:56.131 INFO [main] org.apache.catalina.startup.HostConfig.deployDescriptor Deployment of deployment descriptor [G:\LICT18\apache-tomcat-9.0.6\conf\Catalina\localhost\EmpMng.xml] has finished in [750] ms
02-Apr-2018 09:53:56.131 INFO [main] org.apache.catalina.startup.HostConfig.deployDescriptor Deploying deployment descriptor [G:\LICT18\apache-tomcat-9.0.6\conf\Catalina\localhost\LoginApp1.xml]
02-Apr-2018 09:53:56.131 WARNING [main] org.apache.catalina.startup.HostConfig.deployDescriptor The path attribute with value [/LoginApp1] in deployment descriptor [G:\LICT18\apache-tomcat-9.0.6\conf\Catalina\localhost\LoginApp1.xml] has been ignored
02-Apr-2018 09:53:56.178 INFO [main] org.apache.catalina.startup.HostConfig.deployDescriptor Deployment of deployment descriptor [G:\LICT18\apache-tomcat-9.0.6\conf\Catalina\localhost\LoginApp1.xml] has finished in [47] ms
02-Apr-2018 09:53:56.178 INFO [main] org.apache.catalina.startup.HostConfig.deployDescriptor Deploying deployment descriptor [G:\LICT18\apache-tomcat-9.0.6\conf\Catalina\localhost\WebApplication1.xml]
02-Apr-2018 09:53:56.209 WARNING [main] org.apache.catalina.startup.HostConfig.deployDescriptor The path attribute with value [/WebApplication1] in deployment descriptor [G:\LICT18\apache-tomcat-9.0.6\conf\Catalina\localhost\WebApplication1.xml] has been ignored
02-Apr-2018 09:53:56.256 INFO [main] org.apache.catalina.startup.HostConfig.deployDescriptor Deployment of deployment descriptor [G:\LICT18\apache-tomcat-9.0.6\conf\Catalina\localhost\WebApplication1.xml] has finished in [78] ms
02-Apr-2018 09:53:56.256 INFO [main] org.apache.catalina.startup.HostConfig.deployDirectory Deploying web application directory [G:\LICT18\apache-tomcat-9.0.6\webapps\docs]
02-Apr-2018 09:53:56.319 INFO [main] org.apache.catalina.startup.HostConfig.deployDirectory Deployment of web application directory [G:\LICT18\apache-tomcat-9.0.6\webapps\docs] has finished in [63] ms
02-Apr-2018 09:53:56.319 INFO [main] org.apache.catalina.startup.HostConfig.deployDirectory Deploying web application directory [G:\LICT18\apache-tomcat-9.0.6\webapps\examples]
02-Apr-2018 09:53:59.428 INFO [main] org.apache.catalina.startup.HostConfig.deployDirectory Deployment of web application directory [G:\LICT18\apache-tomcat-9.0.6\webapps\examples] has finished in [3,109] ms
02-Apr-2018 09:53:59.428 INFO [main] org.apache.catalina.startup.HostConfig.deployDirectory Deploying web application directory [G:\LICT18\apache-tomcat-9.0.6\webapps\host-manager]
02-Apr-2018 09:53:59.522 INFO [main] org.apache.catalina.startup.HostConfig.deployDirectory Deployment of web application directory [G:\LICT18\apache-tomcat-9.0.6\webapps\host-manager] has finished in [94] ms
02-Apr-2018 09:53:59.522 INFO [main] org.apache.catalina.startup.HostConfig.deployDirectory Deploying web application directory [G:\LICT18\apache-tomcat-9.0.6\webapps\manager]
02-Apr-2018 09:53:59.819 INFO [main] org.apache.catalina.startup.HostConfig.deployDirectory Deployment of web application directory [G:\LICT18\apache-tomcat-9.0.6\webapps\manager] has finished in [297] ms
02-Apr-2018 09:53:59.819 INFO [main] org.apache.catalina.startup.HostConfig.deployDirectory Deploying web application directory [G:\LICT18\apache-tomcat-9.0.6\webapps\ROOT]
02-Apr-2018 09:53:59.954 INFO [main] org.apache.catalina.startup.HostConfig.deployDirectory Deployment of web application directory [G:\LICT18\apache-tomcat-9.0.6\webapps\ROOT] has finished in [135] ms
02-Apr-2018 09:53:59.954 INFO [main] org.apache.coyote.AbstractProtocol.start Starting ProtocolHandler ["http-nio-9090"]
02-Apr-2018 09:53:59.985 INFO [main] org.apache.coyote.AbstractProtocol.start Starting ProtocolHandler ["ajp-nio-8009"]
02-Apr-2018 09:53:59.985 INFO [main] org.apache.catalina.startup.Catalina.start Server startup in 8305 ms
02-Apr-2018 09:58:38.071 INFO [http-nio-9090-exec-3] org.apache.catalina.core.StandardContext.reload Reloading Context with name [/BloodForLifeCommunity] has started
02-Apr-2018 09:58:38.134 WARNING [http-nio-9090-exec-3] org.apache.catalina.loader.WebappClassLoaderBase.clearReferencesJdbc The web application [BloodForLifeCommunity] registered the JDBC driver [com.mysql.jdbc.Driver] but failed to unregister it when the web application was stopped. To prevent a memory leak, the JDBC Driver has been forcibly unregistered.
02-Apr-2018 09:58:38.134 WARNING [http-nio-9090-exec-3] org.apache.catalina.loader.WebappClassLoaderBase.clearReferencesThreads The web application [BloodForLifeCommunity] appears to have started a thread named [Abandoned connection cleanup thread] but has failed to stop it. This is very likely to create a memory leak. Stack trace of thread:
 java.lang.Object.wait(Native Method)
 java.lang.ref.ReferenceQueue.remove(ReferenceQueue.java:143)
 com.mysql.jdbc.AbandonedConnectionCleanupThread.run(AbandonedConnectionCleanupThread.java:64)
 java.util.concurrent.ThreadPoolExecutor.runWorker(ThreadPoolExecutor.java:1142)
 java.util.concurrent.ThreadPoolExecutor$Worker.run(ThreadPoolExecutor.java:617)
 java.lang.Thread.run(Thread.java:745)
02-Apr-2018 09:58:38.368 INFO [Abandoned connection cleanup thread] org.apache.catalina.loader.WebappClassLoaderBase.checkStateForResourceLoading Illegal access: this web application instance has been stopped already. Could not load []. The following stack trace is thrown for debugging purposes as well as to attempt to terminate the thread which caused the illegal access.
 java.lang.IllegalStateException: Illegal access: this web application instance has been stopped already. Could not load []. The following stack trace is thrown for debugging purposes as well as to attempt to terminate the thread which caused the illegal access.
	at org.apache.catalina.loader.WebappClassLoaderBase.checkStateForResourceLoading(WebappClassLoaderBase.java:1295)
	at org.apache.catalina.loader.WebappClassLoaderBase.getResource(WebappClassLoaderBase.java:972)
	at com.mysql.jdbc.AbandonedConnectionCleanupThread.checkContextClassLoaders(AbandonedConnectionCleanupThread.java:90)
	at com.mysql.jdbc.AbandonedConnectionCleanupThread.run(AbandonedConnectionCleanupThread.java:63)
	at java.util.concurrent.ThreadPoolExecutor.runWorker(ThreadPoolExecutor.java:1142)
	at java.util.concurrent.ThreadPoolExecutor$Worker.run(ThreadPoolExecutor.java:617)
	at java.lang.Thread.run(Thread.java:745)

02-Apr-2018 09:58:38.368 INFO [Abandoned connection cleanup thread] org.apache.catalina.loader.WebappClassLoaderBase.checkStateForResourceLoading Illegal access: this web application instance has been stopped already. Could not load []. The following stack trace is thrown for debugging purposes as well as to attempt to terminate the thread which caused the illegal access.
 java.lang.IllegalStateException: Illegal access: this web application instance has been stopped already. Could not load []. The following stack trace is thrown for debugging purposes as well as to attempt to terminate the thread which caused the illegal access.
	at org.apache.catalina.loader.WebappClassLoaderBase.checkStateForResourceLoading(WebappClassLoaderBase.java:1295)
	at org.apache.catalina.loader.WebappClassLoaderBase.getResource(WebappClassLoaderBase.java:972)
	at com.mysql.jdbc.AbandonedConnectionCleanupThread.checkContextClassLoaders(AbandonedConnectionCleanupThread.java:90)
	at com.mysql.jdbc.AbandonedConnectionCleanupThread.run(AbandonedConnectionCleanupThread.java:63)
	at java.util.concurrent.ThreadPoolExecutor.runWorker(ThreadPoolExecutor.java:1142)
	at java.util.concurrent.ThreadPoolExecutor$Worker.run(ThreadPoolExecutor.java:617)
	at java.lang.Thread.run(Thread.java:745)

02-Apr-2018 09:58:38.603 INFO [20] org.apache.catalina.core.StandardContext.reload Reloading Context with name [/BloodForLifeCommunity] is completed
02-Apr-2018 09:58:39.978 INFO [http-nio-9090-exec-10] org.apache.catalina.core.StandardContext.reload Reloading Context with name [/BloodForLifeCommunity] has started
02-Apr-2018 09:58:40.212 INFO [http-nio-9090-exec-10] org.apache.catalina.core.StandardContext.reload Reloading Context with name [/BloodForLifeCommunity] is completed
02-Apr-2018 10:03:26.842 INFO [http-nio-9090-exec-13] org.apache.catalina.core.StandardContext.reload Reloading Context with name [/EmpMng] has started
02-Apr-2018 10:03:26.857 WARNING [http-nio-9090-exec-13] org.apache.catalina.loader.WebappClassLoaderBase.clearReferencesThreads The web application [EmpMng] appears to have started a thread named [Abandoned connection cleanup thread] but has failed to stop it. This is very likely to create a memory leak. Stack trace of thread:
 com.mysql.jdbc.AbandonedConnectionCleanupThread.checkContextClassLoaders(AbandonedConnectionCleanupThread.java:90)
 com.mysql.jdbc.AbandonedConnectionCleanupThread.run(AbandonedConnectionCleanupThread.java:63)
 java.util.concurrent.ThreadPoolExecutor.runWorker(ThreadPoolExecutor.java:1142)
 java.util.concurrent.ThreadPoolExecutor$Worker.run(ThreadPoolExecutor.java:617)
 java.lang.Thread.run(Thread.java:745)
02-Apr-2018 10:03:27.138 INFO [http-nio-9090-exec-13] org.apache.catalina.core.StandardContext.reload Reloading Context with name [/EmpMng] is completed
02-Apr-2018 10:03:31.885 INFO [Abandoned connection cleanup thread] org.apache.catalina.loader.WebappClassLoaderBase.checkStateForResourceLoading Illegal access: this web application instance has been stopped already. Could not load []. The following stack trace is thrown for debugging purposes as well as to attempt to terminate the thread which caused the illegal access.
 java.lang.IllegalStateException: Illegal access: this web application instance has been stopped already. Could not load []. The following stack trace is thrown for debugging purposes as well as to attempt to terminate the thread which caused the illegal access.
	at org.apache.catalina.loader.WebappClassLoaderBase.checkStateForResourceLoading(WebappClassLoaderBase.java:1295)
	at org.apache.catalina.loader.WebappClassLoaderBase.getResource(WebappClassLoaderBase.java:972)
	at com.mysql.jdbc.AbandonedConnectionCleanupThread.checkContextClassLoaders(AbandonedConnectionCleanupThread.java:90)
	at com.mysql.jdbc.AbandonedConnectionCleanupThread.run(AbandonedConnectionCleanupThread.java:63)
	at java.util.concurrent.ThreadPoolExecutor.runWorker(ThreadPoolExecutor.java:1142)
	at java.util.concurrent.ThreadPoolExecutor$Worker.run(ThreadPoolExecutor.java:617)
	at java.lang.Thread.run(Thread.java:745)

02-Apr-2018 10:11:21.053 INFO [main] org.apache.catalina.core.StandardServer.await A valid shutdown command was received via the shutdown port. Stopping the Server instance.
02-Apr-2018 10:11:21.053 INFO [main] org.apache.coyote.AbstractProtocol.pause Pausing ProtocolHandler ["http-nio-9090"]
02-Apr-2018 10:11:21.272 INFO [main] org.apache.coyote.AbstractProtocol.pause Pausing ProtocolHandler ["ajp-nio-8009"]
02-Apr-2018 10:11:21.476 INFO [main] org.apache.catalina.core.StandardService.stopInternal Stopping service [Catalina]
02-Apr-2018 10:11:21.491 WARNING [main] org.apache.catalina.loader.WebappClassLoaderBase.clearReferencesJdbc The web application [BloodForLifeCommunity] registered the JDBC driver [com.mysql.jdbc.Driver] but failed to unregister it when the web application was stopped. To prevent a memory leak, the JDBC Driver has been forcibly unregistered.
02-Apr-2018 10:11:21.491 WARNING [main] org.apache.catalina.loader.WebappClassLoaderBase.clearReferencesThreads The web application [BloodForLifeCommunity] appears to have started a thread named [Abandoned connection cleanup thread] but has failed to stop it. This is very likely to create a memory leak. Stack trace of thread:
 java.lang.Object.wait(Native Method)
 java.lang.ref.ReferenceQueue.remove(ReferenceQueue.java:143)
 com.mysql.jdbc.AbandonedConnectionCleanupThread.run(AbandonedConnectionCleanupThread.java:64)
 java.util.concurrent.ThreadPoolExecutor.runWorker(ThreadPoolExecutor.java:1142)
 java.util.concurrent.ThreadPoolExecutor$Worker.run(ThreadPoolExecutor.java:617)
 java.lang.Thread.run(Thread.java:745)
02-Apr-2018 10:11:21.522 WARNING [main] org.apache.catalina.loader.WebappClassLoaderBase.clearReferencesJdbc The web application [EmpMng] registered the JDBC driver [com.mysql.jdbc.Driver] but failed to unregister it when the web application was stopped. To prevent a memory leak, the JDBC Driver has been forcibly unregistered.
02-Apr-2018 10:11:21.522 WARNING [main] org.apache.catalina.loader.WebappClassLoaderBase.clearReferencesThreads The web application [EmpMng] appears to have started a thread named [Abandoned connection cleanup thread] but has failed to stop it. This is very likely to create a memory leak. Stack trace of thread:
 java.lang.Object.wait(Native Method)
 java.lang.ref.ReferenceQueue.remove(ReferenceQueue.java:143)
 com.mysql.jdbc.AbandonedConnectionCleanupThread.run(AbandonedConnectionCleanupThread.java:64)
 java.util.concurrent.ThreadPoolExecutor.runWorker(ThreadPoolExecutor.java:1142)
 java.util.concurrent.ThreadPoolExecutor$Worker.run(ThreadPoolExecutor.java:617)
 java.lang.Thread.run(Thread.java:745)
02-Apr-2018 10:11:21.538 INFO [main] org.apache.coyote.AbstractProtocol.stop Stopping ProtocolHandler ["http-nio-9090"]
02-Apr-2018 10:11:21.538 INFO [main] org.apache.coyote.AbstractProtocol.stop Stopping ProtocolHandler ["ajp-nio-8009"]
02-Apr-2018 10:11:21.538 INFO [main] org.apache.coyote.AbstractProtocol.destroy Destroying ProtocolHandler ["http-nio-9090"]
02-Apr-2018 10:11:21.554 INFO [main] org.apache.coyote.AbstractProtocol.destroy Destroying ProtocolHandler ["ajp-nio-8009"]
