27-Mar-2018 00:00:33.001 INFO [http-nio-9090-exec-34] org.apache.catalina.core.StandardContext.reload Reloading Context with name [/BloodForLifeCommunity] has started
27-Mar-2018 00:00:36.213 INFO [http-nio-9090-exec-34] org.apache.catalina.core.StandardContext.reload Reloading Context with name [/BloodForLifeCommunity] is completed
27-Mar-2018 00:00:38.225 INFO [http-nio-9090-exec-30] org.apache.catalina.core.StandardContext.reload Reloading Context with name [/BloodForLifeCommunity] has started
27-Mar-2018 00:00:39.246 INFO [http-nio-9090-exec-30] org.apache.catalina.core.StandardContext.reload Reloading Context with name [/BloodForLifeCommunity] is completed
27-Mar-2018 00:02:03.085 INFO [http-nio-9090-exec-38] org.apache.catalina.core.StandardContext.reload Reloading Context with name [/BloodForLifeCommunity] has started
27-Mar-2018 00:02:04.931 INFO [http-nio-9090-exec-38] org.apache.catalina.core.StandardContext.reload Reloading Context with name [/BloodForLifeCommunity] is completed
27-Mar-2018 00:03:59.804 INFO [http-nio-9090-exec-36] org.apache.catalina.core.StandardContext.reload Reloading Context with name [/BloodForLifeCommunity] has started
27-Mar-2018 00:04:01.103 INFO [http-nio-9090-exec-36] org.apache.catalina.core.StandardContext.reload Reloading Context with name [/BloodForLifeCommunity] is completed
27-Mar-2018 00:04:01.989 INFO [http-nio-9090-exec-44] org.apache.catalina.core.StandardContext.reload Reloading Context with name [/BloodForLifeCommunity] has started
27-Mar-2018 00:04:02.705 INFO [http-nio-9090-exec-44] org.apache.catalina.core.StandardContext.reload Reloading Context with name [/BloodForLifeCommunity] is completed
27-Mar-2018 00:04:02.791 INFO [http-nio-9090-exec-42] org.apache.catalina.core.StandardContext.reload Reloading Context with name [/BloodForLifeCommunity] has started
27-Mar-2018 00:04:03.309 INFO [http-nio-9090-exec-42] org.apache.catalina.core.StandardContext.reload Reloading Context with name [/BloodForLifeCommunity] is completed
27-Mar-2018 00:04:21.862 INFO [http-nio-9090-exec-48] org.apache.catalina.core.StandardContext.reload Reloading Context with name [/BloodForLifeCommunity] has started
27-Mar-2018 00:04:22.147 INFO [http-nio-9090-exec-48] org.apache.catalina.core.StandardContext.reload Reloading Context with name [/BloodForLifeCommunity] is completed
27-Mar-2018 00:04:22.519 INFO [http-nio-9090-exec-45] org.apache.catalina.core.StandardContext.reload Reloading Context with name [/BloodForLifeCommunity] has started
27-Mar-2018 00:04:22.824 INFO [http-nio-9090-exec-45] org.apache.catalina.core.StandardContext.reload Reloading Context with name [/BloodForLifeCommunity] is completed
27-Mar-2018 00:05:24.564 INFO [http-nio-9090-exec-49] org.apache.catalina.core.StandardContext.reload Reloading Context with name [/BloodForLifeCommunity] has started
27-Mar-2018 00:05:24.987 INFO [http-nio-9090-exec-49] org.apache.catalina.core.StandardContext.reload Reloading Context with name [/BloodForLifeCommunity] is completed
27-Mar-2018 00:05:27.619 INFO [http-nio-9090-exec-42] org.apache.catalina.core.StandardContext.reload Reloading Context with name [/BloodForLifeCommunity] has started
27-Mar-2018 00:05:27.797 INFO [http-nio-9090-exec-42] org.apache.catalina.core.StandardContext.reload Reloading Context with name [/BloodForLifeCommunity] is completed
27-Mar-2018 00:06:01.261 INFO [http-nio-9090-exec-40] org.apache.catalina.core.StandardContext.reload Reloading Context with name [/BloodForLifeCommunity] has started
27-Mar-2018 00:06:01.899 INFO [http-nio-9090-exec-40] org.apache.catalina.core.StandardContext.reload Reloading Context with name [/BloodForLifeCommunity] is completed
27-Mar-2018 00:06:02.138 INFO [http-nio-9090-exec-51] org.apache.catalina.core.StandardContext.reload Reloading Context with name [/BloodForLifeCommunity] has started
27-Mar-2018 00:06:02.510 INFO [http-nio-9090-exec-51] org.apache.catalina.core.StandardContext.reload Reloading Context with name [/BloodForLifeCommunity] is completed
27-Mar-2018 00:06:10.790 INFO [http-nio-9090-exec-50] org.apache.catalina.core.StandardContext.reload Reloading Context with name [/BloodForLifeCommunity] has started
27-Mar-2018 00:06:10.980 INFO [http-nio-9090-exec-50] org.apache.catalina.core.StandardContext.reload Reloading Context with name [/BloodForLifeCommunity] is completed
27-Mar-2018 00:07:19.309 INFO [http-nio-9090-exec-40] org.apache.catalina.core.StandardContext.reload Reloading Context with name [/BloodForLifeCommunity] has started
27-Mar-2018 00:07:19.650 INFO [http-nio-9090-exec-40] org.apache.catalina.core.StandardContext.reload Reloading Context with name [/BloodForLifeCommunity] is completed
27-Mar-2018 00:07:20.138 INFO [http-nio-9090-exec-56] org.apache.catalina.core.StandardContext.reload Reloading Context with name [/BloodForLifeCommunity] has started
27-Mar-2018 00:07:20.409 INFO [http-nio-9090-exec-56] org.apache.catalina.core.StandardContext.reload Reloading Context with name [/BloodForLifeCommunity] is completed
27-Mar-2018 00:07:22.227 INFO [http-nio-9090-exec-52] org.apache.catalina.core.StandardContext.reload Reloading Context with name [/BloodForLifeCommunity] has started
27-Mar-2018 00:07:22.454 INFO [http-nio-9090-exec-52] org.apache.catalina.core.StandardContext.reload Reloading Context with name [/BloodForLifeCommunity] is completed
27-Mar-2018 00:07:34.570 INFO [http-nio-9090-exec-40] org.apache.catalina.core.StandardContext.reload Reloading Context with name [/BloodForLifeCommunity] has started
27-Mar-2018 00:07:34.747 INFO [http-nio-9090-exec-40] org.apache.catalina.core.StandardContext.reload Reloading Context with name [/BloodForLifeCommunity] is completed
27-Mar-2018 00:07:41.431 INFO [http-nio-9090-exec-62] org.apache.catalina.core.StandardContext.reload Reloading Context with name [/BloodForLifeCommunity] has started
27-Mar-2018 00:07:41.782 INFO [http-nio-9090-exec-62] org.apache.catalina.core.StandardContext.reload Reloading Context with name [/BloodForLifeCommunity] is completed
27-Mar-2018 00:07:41.849 INFO [http-nio-9090-exec-57] org.apache.catalina.core.StandardContext.reload Reloading Context with name [/BloodForLifeCommunity] has started
27-Mar-2018 00:07:42.097 INFO [http-nio-9090-exec-57] org.apache.catalina.core.StandardContext.reload Reloading Context with name [/BloodForLifeCommunity] is completed
27-Mar-2018 00:07:52.575 INFO [http-nio-9090-exec-63] org.apache.catalina.core.StandardContext.reload Reloading Context with name [/BloodForLifeCommunity] has started
27-Mar-2018 00:07:52.921 INFO [http-nio-9090-exec-63] org.apache.catalina.core.StandardContext.reload Reloading Context with name [/BloodForLifeCommunity] is completed
27-Mar-2018 00:07:52.964 INFO [http-nio-9090-exec-59] org.apache.catalina.core.StandardContext.reload Reloading Context with name [/BloodForLifeCommunity] has started
27-Mar-2018 00:07:53.160 INFO [http-nio-9090-exec-59] org.apache.catalina.core.StandardContext.reload Reloading Context with name [/BloodForLifeCommunity] is completed
27-Mar-2018 00:08:00.842 INFO [http-nio-9090-exec-64] org.apache.catalina.core.StandardContext.reload Reloading Context with name [/BloodForLifeCommunity] has started
27-Mar-2018 00:08:01.097 INFO [http-nio-9090-exec-64] org.apache.catalina.core.StandardContext.reload Reloading Context with name [/BloodForLifeCommunity] is completed
27-Mar-2018 00:08:01.133 INFO [http-nio-9090-exec-59] org.apache.catalina.core.StandardContext.reload Reloading Context with name [/BloodForLifeCommunity] has started
27-Mar-2018 00:08:01.384 INFO [http-nio-9090-exec-59] org.apache.catalina.core.StandardContext.reload Reloading Context with name [/BloodForLifeCommunity] is completed
27-Mar-2018 00:08:05.026 INFO [http-nio-9090-exec-65] org.apache.catalina.core.StandardContext.reload Reloading Context with name [/BloodForLifeCommunity] has started
27-Mar-2018 00:08:05.225 INFO [http-nio-9090-exec-65] org.apache.catalina.core.StandardContext.reload Reloading Context with name [/BloodForLifeCommunity] is completed
27-Mar-2018 00:08:09.442 INFO [http-nio-9090-exec-60] org.apache.catalina.core.StandardContext.reload Reloading Context with name [/BloodForLifeCommunity] has started
27-Mar-2018 00:08:09.617 INFO [http-nio-9090-exec-60] org.apache.catalina.core.StandardContext.reload Reloading Context with name [/BloodForLifeCommunity] is completed
27-Mar-2018 00:08:39.418 INFO [http-nio-9090-exec-67] org.apache.catalina.core.StandardContext.reload Reloading Context with name [/BloodForLifeCommunity] has started
27-Mar-2018 00:08:39.667 INFO [http-nio-9090-exec-67] org.apache.catalina.core.StandardContext.reload Reloading Context with name [/BloodForLifeCommunity] is completed
27-Mar-2018 00:08:40.354 INFO [http-nio-9090-exec-59] org.apache.catalina.core.StandardContext.reload Reloading Context with name [/BloodForLifeCommunity] has started
27-Mar-2018 00:08:40.531 INFO [http-nio-9090-exec-59] org.apache.catalina.core.StandardContext.reload Reloading Context with name [/BloodForLifeCommunity] is completed
27-Mar-2018 00:08:46.771 INFO [http-nio-9090-exec-54] org.apache.catalina.core.StandardContext.reload Reloading Context with name [/BloodForLifeCommunity] has started
27-Mar-2018 00:08:47.013 INFO [http-nio-9090-exec-54] org.apache.catalina.core.StandardContext.reload Reloading Context with name [/BloodForLifeCommunity] is completed
27-Mar-2018 00:08:47.044 INFO [http-nio-9090-exec-68] org.apache.catalina.core.StandardContext.reload Reloading Context with name [/BloodForLifeCommunity] has started
27-Mar-2018 00:08:47.239 INFO [http-nio-9090-exec-68] org.apache.catalina.core.StandardContext.reload Reloading Context with name [/BloodForLifeCommunity] is completed
27-Mar-2018 00:09:18.346 INFO [http-nio-9090-exec-54] org.apache.catalina.core.StandardContext.reload Reloading Context with name [/BloodForLifeCommunity] has started
27-Mar-2018 00:09:18.575 INFO [http-nio-9090-exec-54] org.apache.catalina.core.StandardContext.reload Reloading Context with name [/BloodForLifeCommunity] is completed
27-Mar-2018 00:09:19.613 INFO [http-nio-9090-exec-68] org.apache.catalina.core.StandardContext.reload Reloading Context with name [/BloodForLifeCommunity] has started
27-Mar-2018 00:09:19.847 INFO [http-nio-9090-exec-68] org.apache.catalina.core.StandardContext.reload Reloading Context with name [/BloodForLifeCommunity] is completed
27-Mar-2018 00:09:20.698 INFO [http-nio-9090-exec-57] org.apache.catalina.core.StandardContext.reload Reloading Context with name [/BloodForLifeCommunity] has started
27-Mar-2018 00:09:20.878 INFO [http-nio-9090-exec-57] org.apache.catalina.core.StandardContext.reload Reloading Context with name [/BloodForLifeCommunity] is completed
27-Mar-2018 00:10:25.179 INFO [http-nio-9090-exec-64] org.apache.catalina.core.StandardContext.reload Reloading Context with name [/BloodForLifeCommunity] has started
27-Mar-2018 00:10:25.429 INFO [http-nio-9090-exec-64] org.apache.catalina.core.StandardContext.reload Reloading Context with name [/BloodForLifeCommunity] is completed
27-Mar-2018 00:10:42.253 INFO [http-nio-9090-exec-73] org.apache.catalina.core.StandardContext.reload Reloading Context with name [/BloodForLifeCommunity] has started
27-Mar-2018 00:10:42.540 INFO [http-nio-9090-exec-73] org.apache.catalina.core.StandardContext.reload Reloading Context with name [/BloodForLifeCommunity] is completed
27-Mar-2018 00:11:16.079 INFO [http-nio-9090-exec-74] org.apache.catalina.core.StandardContext.reload Reloading Context with name [/BloodForLifeCommunity] has started
27-Mar-2018 00:11:16.232 INFO [http-nio-9090-exec-74] org.apache.catalina.core.StandardContext.reload Reloading Context with name [/BloodForLifeCommunity] is completed
27-Mar-2018 00:11:26.749 INFO [http-nio-9090-exec-76] org.apache.catalina.core.StandardContext.reload Reloading Context with name [/BloodForLifeCommunity] has started
27-Mar-2018 00:11:26.915 INFO [http-nio-9090-exec-76] org.apache.catalina.core.StandardContext.reload Reloading Context with name [/BloodForLifeCommunity] is completed
27-Mar-2018 00:11:55.548 INFO [http-nio-9090-exec-54] org.apache.catalina.core.StandardContext.reload Reloading Context with name [/BloodForLifeCommunity] has started
27-Mar-2018 00:11:55.694 INFO [http-nio-9090-exec-54] org.apache.catalina.core.StandardContext.reload Reloading Context with name [/BloodForLifeCommunity] is completed
27-Mar-2018 00:12:18.993 INFO [http-nio-9090-exec-63] org.apache.catalina.core.StandardContext.reload Reloading Context with name [/BloodForLifeCommunity] has started
27-Mar-2018 00:12:19.242 INFO [http-nio-9090-exec-63] org.apache.catalina.core.StandardContext.reload Reloading Context with name [/BloodForLifeCommunity] is completed
27-Mar-2018 00:12:34.249 INFO [http-nio-9090-exec-62] org.apache.catalina.core.StandardContext.reload Reloading Context with name [/BloodForLifeCommunity] has started
27-Mar-2018 00:12:34.469 INFO [http-nio-9090-exec-62] org.apache.catalina.core.StandardContext.reload Reloading Context with name [/BloodForLifeCommunity] is completed
27-Mar-2018 00:12:51.051 INFO [http-nio-9090-exec-76] org.apache.catalina.core.StandardContext.reload Reloading Context with name [/BloodForLifeCommunity] has started
27-Mar-2018 00:12:51.245 INFO [http-nio-9090-exec-76] org.apache.catalina.core.StandardContext.reload Reloading Context with name [/BloodForLifeCommunity] is completed
27-Mar-2018 00:13:06.477 INFO [http-nio-9090-exec-62] org.apache.catalina.core.StandardContext.reload Reloading Context with name [/BloodForLifeCommunity] has started
27-Mar-2018 00:13:06.681 INFO [http-nio-9090-exec-62] org.apache.catalina.core.StandardContext.reload Reloading Context with name [/BloodForLifeCommunity] is completed
27-Mar-2018 00:13:17.380 INFO [http-nio-9090-exec-76] org.apache.catalina.core.StandardContext.reload Reloading Context with name [/BloodForLifeCommunity] has started
27-Mar-2018 00:13:17.522 INFO [http-nio-9090-exec-76] org.apache.catalina.core.StandardContext.reload Reloading Context with name [/BloodForLifeCommunity] is completed
27-Mar-2018 00:13:25.389 INFO [http-nio-9090-exec-62] org.apache.catalina.core.StandardContext.reload Reloading Context with name [/BloodForLifeCommunity] has started
27-Mar-2018 00:13:25.536 INFO [http-nio-9090-exec-62] org.apache.catalina.core.StandardContext.reload Reloading Context with name [/BloodForLifeCommunity] is completed
27-Mar-2018 00:13:34.869 INFO [http-nio-9090-exec-63] org.apache.catalina.core.StandardContext.reload Reloading Context with name [/BloodForLifeCommunity] has started
27-Mar-2018 00:13:35.075 INFO [http-nio-9090-exec-63] org.apache.catalina.core.StandardContext.reload Reloading Context with name [/BloodForLifeCommunity] is completed
27-Mar-2018 00:13:38.909 INFO [http-nio-9090-exec-86] org.apache.catalina.core.StandardContext.reload Reloading Context with name [/BloodForLifeCommunity] has started
27-Mar-2018 00:13:39.089 INFO [http-nio-9090-exec-86] org.apache.catalina.core.StandardContext.reload Reloading Context with name [/BloodForLifeCommunity] is completed
27-Mar-2018 00:13:54.745 INFO [http-nio-9090-exec-87] org.apache.catalina.core.StandardContext.reload Reloading Context with name [/BloodForLifeCommunity] has started
27-Mar-2018 00:13:54.981 INFO [http-nio-9090-exec-87] org.apache.catalina.core.StandardContext.reload Reloading Context with name [/BloodForLifeCommunity] is completed
27-Mar-2018 00:14:06.896 INFO [http-nio-9090-exec-80] org.apache.catalina.core.StandardContext.reload Reloading Context with name [/BloodForLifeCommunity] has started
27-Mar-2018 00:14:07.045 INFO [http-nio-9090-exec-80] org.apache.catalina.core.StandardContext.reload Reloading Context with name [/BloodForLifeCommunity] is completed
27-Mar-2018 00:14:29.200 INFO [http-nio-9090-exec-85] org.apache.catalina.core.StandardContext.reload Reloading Context with name [/BloodForLifeCommunity] has started
27-Mar-2018 00:14:29.353 INFO [http-nio-9090-exec-85] org.apache.catalina.core.StandardContext.reload Reloading Context with name [/BloodForLifeCommunity] is completed
27-Mar-2018 00:15:30.288 INFO [main] org.apache.catalina.core.StandardServer.await A valid shutdown command was received via the shutdown port. Stopping the Server instance.
27-Mar-2018 00:15:30.289 INFO [main] org.apache.coyote.AbstractProtocol.pause Pausing ProtocolHandler ["http-nio-9090"]
27-Mar-2018 00:15:30.658 INFO [main] org.apache.coyote.AbstractProtocol.pause Pausing ProtocolHandler ["ajp-nio-8009"]
27-Mar-2018 00:15:30.784 INFO [main] org.apache.catalina.core.StandardService.stopInternal Stopping service [Catalina]
27-Mar-2018 00:15:30.863 INFO [main] org.apache.coyote.AbstractProtocol.stop Stopping ProtocolHandler ["http-nio-9090"]
27-Mar-2018 00:15:30.865 INFO [main] org.apache.coyote.AbstractProtocol.stop Stopping ProtocolHandler ["ajp-nio-8009"]
27-Mar-2018 00:15:30.868 INFO [main] org.apache.coyote.AbstractProtocol.destroy Destroying ProtocolHandler ["http-nio-9090"]
27-Mar-2018 00:15:30.871 INFO [main] org.apache.coyote.AbstractProtocol.destroy Destroying ProtocolHandler ["ajp-nio-8009"]
