18-Apr-2018 00:24:37.686 INFO [main] org.apache.catalina.core.ApplicationContext.log SessionListener: contextDestroyed()
18-Apr-2018 00:24:37.689 INFO [main] org.apache.catalina.core.ApplicationContext.log ContextListener: contextDestroyed()
18-Apr-2018 10:49:11.970 INFO [main] org.apache.catalina.core.ApplicationContext.log ContextListener: contextInitialized()
18-Apr-2018 10:49:11.970 INFO [main] org.apache.catalina.core.ApplicationContext.log SessionListener: contextInitialized()
18-Apr-2018 10:49:11.972 INFO [main] org.apache.catalina.core.ApplicationContext.log ContextListener: attributeAdded('StockTicker', 'async.Stockticker@7857fe2')
18-Apr-2018 11:52:48.759 INFO [main] org.apache.catalina.core.ApplicationContext.log SessionListener: contextDestroyed()
18-Apr-2018 11:52:48.759 INFO [main] org.apache.catalina.core.ApplicationContext.log ContextListener: contextDestroyed()
18-Apr-2018 15:10:06.510 INFO [main] org.apache.catalina.core.ApplicationContext.log ContextListener: contextInitialized()
18-Apr-2018 15:10:06.510 INFO [main] org.apache.catalina.core.ApplicationContext.log SessionListener: contextInitialized()
18-Apr-2018 15:10:06.512 INFO [main] org.apache.catalina.core.ApplicationContext.log ContextListener: attributeAdded('StockTicker', 'async.Stockticker@7857fe2')
18-Apr-2018 15:32:18.596 SEVERE [http-nio-9090-exec-17] org.apache.catalina.core.StandardWrapperValve.invoke Servlet.service() for servlet [jsp] in context with path [/BloodForLifeCommunity] threw exception [An exception occurred processing [/home.jsp] at line [31]

28:     
29:     sl=rs.getInt("sl");
30:     title=rs.getString("title");
31:     gr=rs.getString("ge");
32:     unit=rs.getString("unit");
33:     dist=rs.getString("dist");
34:     location=rs.getString("location");


Stacktrace:] with root cause
 java.sql.SQLException: Column 'ge' not found.
	at com.mysql.jdbc.SQLError.createSQLException(SQLError.java:1074)
	at com.mysql.jdbc.SQLError.createSQLException(SQLError.java:988)
	at com.mysql.jdbc.SQLError.createSQLException(SQLError.java:974)
	at com.mysql.jdbc.SQLError.createSQLException(SQLError.java:919)
	at com.mysql.jdbc.ResultSetImpl.findColumn(ResultSetImpl.java:1167)
	at com.mysql.jdbc.ResultSetImpl.getString(ResultSetImpl.java:5733)
	at org.apache.jsp.home_jsp._jspService(home_jsp.java:149)
	at org.apache.jasper.runtime.HttpJspBase.service(HttpJspBase.java:70)
	at javax.servlet.http.HttpServlet.service(HttpServlet.java:741)
	at org.apache.jasper.servlet.JspServletWrapper.service(JspServletWrapper.java:444)
	at org.apache.jasper.servlet.JspServlet.serviceJspFile(JspServlet.java:386)
	at org.apache.jasper.servlet.JspServlet.service(JspServlet.java:330)
	at javax.servlet.http.HttpServlet.service(HttpServlet.java:741)
	at org.apache.catalina.core.ApplicationFilterChain.internalDoFilter(ApplicationFilterChain.java:231)
	at org.apache.catalina.core.ApplicationFilterChain.doFilter(ApplicationFilterChain.java:166)
	at org.apache.tomcat.websocket.server.WsFilter.doFilter(WsFilter.java:53)
	at org.apache.catalina.core.ApplicationFilterChain.internalDoFilter(ApplicationFilterChain.java:193)
	at org.apache.catalina.core.ApplicationFilterChain.doFilter(ApplicationFilterChain.java:166)
	at org.apache.catalina.core.StandardWrapperValve.invoke(StandardWrapperValve.java:199)
	at org.apache.catalina.core.StandardContextValve.invoke(StandardContextValve.java:96)
	at org.apache.catalina.authenticator.AuthenticatorBase.invoke(AuthenticatorBase.java:494)
	at org.apache.catalina.core.StandardHostValve.invoke(StandardHostValve.java:137)
	at org.apache.catalina.valves.ErrorReportValve.invoke(ErrorReportValve.java:92)
	at org.apache.catalina.valves.AbstractAccessLogValve.invoke(AbstractAccessLogValve.java:651)
	at org.apache.catalina.core.StandardEngineValve.invoke(StandardEngineValve.java:87)
	at org.apache.catalina.connector.CoyoteAdapter.service(CoyoteAdapter.java:343)
	at org.apache.coyote.http11.Http11Processor.service(Http11Processor.java:407)
	at org.apache.coyote.AbstractProcessorLight.process(AbstractProcessorLight.java:66)
	at org.apache.coyote.AbstractProtocol$ConnectionHandler.process(AbstractProtocol.java:754)
	at org.apache.tomcat.util.net.NioEndpoint$SocketProcessor.doRun(NioEndpoint.java:1376)
	at org.apache.tomcat.util.net.SocketProcessorBase.run(SocketProcessorBase.java:49)
	at java.util.concurrent.ThreadPoolExecutor.runWorker(ThreadPoolExecutor.java:1142)
	at java.util.concurrent.ThreadPoolExecutor$Worker.run(ThreadPoolExecutor.java:617)
	at org.apache.tomcat.util.threads.TaskThread$WrappingRunnable.run(TaskThread.java:61)
	at java.lang.Thread.run(Thread.java:745)

18-Apr-2018 16:28:21.631 SEVERE [http-nio-9090-exec-40] org.apache.catalina.core.StandardWrapperValve.invoke Servlet.service() for servlet [jsp] in context with path [/BloodForLifeCommunity] threw exception [Unable to compile class for JSP: 

An error occurred at line: [118] in the jsp file: [/home.jsp]
Duplicate local variable sl
115:                        
116:                 <!--Retrieving Notices--->
117:  <%
118:     int sl=0;
119:     String title="",gr="",unit="",dist="",location="",contact="",date="",published_by="";
120:     String sql="Select * From notice_tb LIMIT 2";
121: 


An error occurred at line: [119] in the jsp file: [/home.jsp]
Duplicate local variable title
116:                 <!--Retrieving Notices--->
117:  <%
118:     int sl=0;
119:     String title="",gr="",unit="",dist="",location="",contact="",date="",published_by="";
120:     String sql="Select * From notice_tb LIMIT 2";
121: 
122: 


An error occurred at line: [119] in the jsp file: [/home.jsp]
Duplicate local variable gr
116:                 <!--Retrieving Notices--->
117:  <%
118:     int sl=0;
119:     String title="",gr="",unit="",dist="",location="",contact="",date="",published_by="";
120:     String sql="Select * From notice_tb LIMIT 2";
121: 
122: 


An error occurred at line: [119] in the jsp file: [/home.jsp]
Duplicate local variable unit
116:                 <!--Retrieving Notices--->
117:  <%
118:     int sl=0;
119:     String title="",gr="",unit="",dist="",location="",contact="",date="",published_by="";
120:     String sql="Select * From notice_tb LIMIT 2";
121: 
122: 


An error occurred at line: [119] in the jsp file: [/home.jsp]
Duplicate local variable dist
116:                 <!--Retrieving Notices--->
117:  <%
118:     int sl=0;
119:     String title="",gr="",unit="",dist="",location="",contact="",date="",published_by="";
120:     String sql="Select * From notice_tb LIMIT 2";
121: 
122: 


An error occurred at line: [119] in the jsp file: [/home.jsp]
Duplicate local variable location
116:                 <!--Retrieving Notices--->
117:  <%
118:     int sl=0;
119:     String title="",gr="",unit="",dist="",location="",contact="",date="",published_by="";
120:     String sql="Select * From notice_tb LIMIT 2";
121: 
122: 


An error occurred at line: [119] in the jsp file: [/home.jsp]
Duplicate local variable contact
116:                 <!--Retrieving Notices--->
117:  <%
118:     int sl=0;
119:     String title="",gr="",unit="",dist="",location="",contact="",date="",published_by="";
120:     String sql="Select * From notice_tb LIMIT 2";
121: 
122: 


An error occurred at line: [119] in the jsp file: [/home.jsp]
Duplicate local variable date
116:                 <!--Retrieving Notices--->
117:  <%
118:     int sl=0;
119:     String title="",gr="",unit="",dist="",location="",contact="",date="",published_by="";
120:     String sql="Select * From notice_tb LIMIT 2";
121: 
122: 


An error occurred at line: [119] in the jsp file: [/home.jsp]
Duplicate local variable published_by
116:                 <!--Retrieving Notices--->
117:  <%
118:     int sl=0;
119:     String title="",gr="",unit="",dist="",location="",contact="",date="",published_by="";
120:     String sql="Select * From notice_tb LIMIT 2";
121: 
122: 


An error occurred at line: [120] in the jsp file: [/home.jsp]
Duplicate local variable sql
117:  <%
118:     int sl=0;
119:     String title="",gr="",unit="",dist="",location="",contact="",date="",published_by="";
120:     String sql="Select * From notice_tb LIMIT 2";
121: 
122: 
123:     Class.forName("com.mysql.jdbc.Driver");


An error occurred at line: [124] in the jsp file: [/home.jsp]
Duplicate local variable con
121: 
122: 
123:     Class.forName("com.mysql.jdbc.Driver");
124:     Connection con=DriverManager.getConnection("jdbc:mysql://localhost:3306/bl_for_life","root","");
125:     Statement st=con.createStatement();
126:     ResultSet rs;
127:     rs=st.executeQuery(sql);


An error occurred at line: [125] in the jsp file: [/home.jsp]
Duplicate local variable st
122: 
123:     Class.forName("com.mysql.jdbc.Driver");
124:     Connection con=DriverManager.getConnection("jdbc:mysql://localhost:3306/bl_for_life","root","");
125:     Statement st=con.createStatement();
126:     ResultSet rs;
127:     rs=st.executeQuery(sql);
128: 


An error occurred at line: [126] in the jsp file: [/home.jsp]
Duplicate local variable rs
123:     Class.forName("com.mysql.jdbc.Driver");
124:     Connection con=DriverManager.getConnection("jdbc:mysql://localhost:3306/bl_for_life","root","");
125:     Statement st=con.createStatement();
126:     ResultSet rs;
127:     rs=st.executeQuery(sql);
128: 
129:     while(rs.next()){


Stacktrace:] with root cause
 org.apache.jasper.JasperException: Unable to compile class for JSP: 

An error occurred at line: [118] in the jsp file: [/home.jsp]
Duplicate local variable sl
115:                        
116:                 <!--Retrieving Notices--->
117:  <%
118:     int sl=0;
119:     String title="",gr="",unit="",dist="",location="",contact="",date="",published_by="";
120:     String sql="Select * From notice_tb LIMIT 2";
121: 


An error occurred at line: [119] in the jsp file: [/home.jsp]
Duplicate local variable title
116:                 <!--Retrieving Notices--->
117:  <%
118:     int sl=0;
119:     String title="",gr="",unit="",dist="",location="",contact="",date="",published_by="";
120:     String sql="Select * From notice_tb LIMIT 2";
121: 
122: 


An error occurred at line: [119] in the jsp file: [/home.jsp]
Duplicate local variable gr
116:                 <!--Retrieving Notices--->
117:  <%
118:     int sl=0;
119:     String title="",gr="",unit="",dist="",location="",contact="",date="",published_by="";
120:     String sql="Select * From notice_tb LIMIT 2";
121: 
122: 


An error occurred at line: [119] in the jsp file: [/home.jsp]
Duplicate local variable unit
116:                 <!--Retrieving Notices--->
117:  <%
118:     int sl=0;
119:     String title="",gr="",unit="",dist="",location="",contact="",date="",published_by="";
120:     String sql="Select * From notice_tb LIMIT 2";
121: 
122: 


An error occurred at line: [119] in the jsp file: [/home.jsp]
Duplicate local variable dist
116:                 <!--Retrieving Notices--->
117:  <%
118:     int sl=0;
119:     String title="",gr="",unit="",dist="",location="",contact="",date="",published_by="";
120:     String sql="Select * From notice_tb LIMIT 2";
121: 
122: 


An error occurred at line: [119] in the jsp file: [/home.jsp]
Duplicate local variable location
116:                 <!--Retrieving Notices--->
117:  <%
118:     int sl=0;
119:     String title="",gr="",unit="",dist="",location="",contact="",date="",published_by="";
120:     String sql="Select * From notice_tb LIMIT 2";
121: 
122: 


An error occurred at line: [119] in the jsp file: [/home.jsp]
Duplicate local variable contact
116:                 <!--Retrieving Notices--->
117:  <%
118:     int sl=0;
119:     String title="",gr="",unit="",dist="",location="",contact="",date="",published_by="";
120:     String sql="Select * From notice_tb LIMIT 2";
121: 
122: 


An error occurred at line: [119] in the jsp file: [/home.jsp]
Duplicate local variable date
116:                 <!--Retrieving Notices--->
117:  <%
118:     int sl=0;
119:     String title="",gr="",unit="",dist="",location="",contact="",date="",published_by="";
120:     String sql="Select * From notice_tb LIMIT 2";
121: 
122: 


An error occurred at line: [119] in the jsp file: [/home.jsp]
Duplicate local variable published_by
116:                 <!--Retrieving Notices--->
117:  <%
118:     int sl=0;
119:     String title="",gr="",unit="",dist="",location="",contact="",date="",published_by="";
120:     String sql="Select * From notice_tb LIMIT 2";
121: 
122: 


An error occurred at line: [120] in the jsp file: [/home.jsp]
Duplicate local variable sql
117:  <%
118:     int sl=0;
119:     String title="",gr="",unit="",dist="",location="",contact="",date="",published_by="";
120:     String sql="Select * From notice_tb LIMIT 2";
121: 
122: 
123:     Class.forName("com.mysql.jdbc.Driver");


An error occurred at line: [124] in the jsp file: [/home.jsp]
Duplicate local variable con
121: 
122: 
123:     Class.forName("com.mysql.jdbc.Driver");
124:     Connection con=DriverManager.getConnection("jdbc:mysql://localhost:3306/bl_for_life","root","");
125:     Statement st=con.createStatement();
126:     ResultSet rs;
127:     rs=st.executeQuery(sql);


An error occurred at line: [125] in the jsp file: [/home.jsp]
Duplicate local variable st
122: 
123:     Class.forName("com.mysql.jdbc.Driver");
124:     Connection con=DriverManager.getConnection("jdbc:mysql://localhost:3306/bl_for_life","root","");
125:     Statement st=con.createStatement();
126:     ResultSet rs;
127:     rs=st.executeQuery(sql);
128: 


An error occurred at line: [126] in the jsp file: [/home.jsp]
Duplicate local variable rs
123:     Class.forName("com.mysql.jdbc.Driver");
124:     Connection con=DriverManager.getConnection("jdbc:mysql://localhost:3306/bl_for_life","root","");
125:     Statement st=con.createStatement();
126:     ResultSet rs;
127:     rs=st.executeQuery(sql);
128: 
129:     while(rs.next()){


Stacktrace:
	at org.apache.jasper.compiler.DefaultErrorHandler.javacError(DefaultErrorHandler.java:103)
	at org.apache.jasper.compiler.ErrorDispatcher.javacError(ErrorDispatcher.java:213)
	at org.apache.jasper.compiler.JDTCompiler.generateClass(JDTCompiler.java:461)
	at org.apache.jasper.compiler.Compiler.compile(Compiler.java:392)
	at org.apache.jasper.compiler.Compiler.compile(Compiler.java:362)
	at org.apache.jasper.compiler.Compiler.compile(Compiler.java:346)
	at org.apache.jasper.JspCompilationContext.compile(JspCompilationContext.java:603)
	at org.apache.jasper.servlet.JspServletWrapper.service(JspServletWrapper.java:369)
	at org.apache.jasper.servlet.JspServlet.serviceJspFile(JspServlet.java:386)
	at org.apache.jasper.servlet.JspServlet.service(JspServlet.java:330)
	at javax.servlet.http.HttpServlet.service(HttpServlet.java:741)
	at org.apache.catalina.core.ApplicationFilterChain.internalDoFilter(ApplicationFilterChain.java:231)
	at org.apache.catalina.core.ApplicationFilterChain.doFilter(ApplicationFilterChain.java:166)
	at org.apache.tomcat.websocket.server.WsFilter.doFilter(WsFilter.java:53)
	at org.apache.catalina.core.ApplicationFilterChain.internalDoFilter(ApplicationFilterChain.java:193)
	at org.apache.catalina.core.ApplicationFilterChain.doFilter(ApplicationFilterChain.java:166)
	at org.apache.catalina.core.StandardWrapperValve.invoke(StandardWrapperValve.java:199)
	at org.apache.catalina.core.StandardContextValve.invoke(StandardContextValve.java:96)
	at org.apache.catalina.authenticator.AuthenticatorBase.invoke(AuthenticatorBase.java:494)
	at org.apache.catalina.core.StandardHostValve.invoke(StandardHostValve.java:137)
	at org.apache.catalina.valves.ErrorReportValve.invoke(ErrorReportValve.java:92)
	at org.apache.catalina.valves.AbstractAccessLogValve.invoke(AbstractAccessLogValve.java:651)
	at org.apache.catalina.core.StandardEngineValve.invoke(StandardEngineValve.java:87)
	at org.apache.catalina.connector.CoyoteAdapter.service(CoyoteAdapter.java:343)
	at org.apache.coyote.http11.Http11Processor.service(Http11Processor.java:407)
	at org.apache.coyote.AbstractProcessorLight.process(AbstractProcessorLight.java:66)
	at org.apache.coyote.AbstractProtocol$ConnectionHandler.process(AbstractProtocol.java:754)
	at org.apache.tomcat.util.net.NioEndpoint$SocketProcessor.doRun(NioEndpoint.java:1376)
	at org.apache.tomcat.util.net.SocketProcessorBase.run(SocketProcessorBase.java:49)
	at java.util.concurrent.ThreadPoolExecutor.runWorker(ThreadPoolExecutor.java:1142)
	at java.util.concurrent.ThreadPoolExecutor$Worker.run(ThreadPoolExecutor.java:617)
	at org.apache.tomcat.util.threads.TaskThread$WrappingRunnable.run(TaskThread.java:61)
	at java.lang.Thread.run(Thread.java:745)

18-Apr-2018 16:28:33.873 SEVERE [http-nio-9090-exec-36] org.apache.catalina.core.StandardWrapperValve.invoke Servlet.service() for servlet [jsp] in context with path [/BloodForLifeCommunity] threw exception [Unable to compile class for JSP: 

An error occurred at line: [118] in the jsp file: [/home.jsp]
Duplicate local variable sl
115:                        
116:                 <!--Retrieving Notices--->
117:  <%
118:     int sl=0;
119:     String title="",gr="",unit="",dist="",location="",contact="",date="",published_by="";
120:     String sql="Select * From notice_tb LIMIT 2";
121: 


An error occurred at line: [119] in the jsp file: [/home.jsp]
Duplicate local variable title
116:                 <!--Retrieving Notices--->
117:  <%
118:     int sl=0;
119:     String title="",gr="",unit="",dist="",location="",contact="",date="",published_by="";
120:     String sql="Select * From notice_tb LIMIT 2";
121: 
122: 


An error occurred at line: [119] in the jsp file: [/home.jsp]
Duplicate local variable gr
116:                 <!--Retrieving Notices--->
117:  <%
118:     int sl=0;
119:     String title="",gr="",unit="",dist="",location="",contact="",date="",published_by="";
120:     String sql="Select * From notice_tb LIMIT 2";
121: 
122: 


An error occurred at line: [119] in the jsp file: [/home.jsp]
Duplicate local variable unit
116:                 <!--Retrieving Notices--->
117:  <%
118:     int sl=0;
119:     String title="",gr="",unit="",dist="",location="",contact="",date="",published_by="";
120:     String sql="Select * From notice_tb LIMIT 2";
121: 
122: 


An error occurred at line: [119] in the jsp file: [/home.jsp]
Duplicate local variable dist
116:                 <!--Retrieving Notices--->
117:  <%
118:     int sl=0;
119:     String title="",gr="",unit="",dist="",location="",contact="",date="",published_by="";
120:     String sql="Select * From notice_tb LIMIT 2";
121: 
122: 


An error occurred at line: [119] in the jsp file: [/home.jsp]
Duplicate local variable location
116:                 <!--Retrieving Notices--->
117:  <%
118:     int sl=0;
119:     String title="",gr="",unit="",dist="",location="",contact="",date="",published_by="";
120:     String sql="Select * From notice_tb LIMIT 2";
121: 
122: 


An error occurred at line: [119] in the jsp file: [/home.jsp]
Duplicate local variable contact
116:                 <!--Retrieving Notices--->
117:  <%
118:     int sl=0;
119:     String title="",gr="",unit="",dist="",location="",contact="",date="",published_by="";
120:     String sql="Select * From notice_tb LIMIT 2";
121: 
122: 


An error occurred at line: [119] in the jsp file: [/home.jsp]
Duplicate local variable date
116:                 <!--Retrieving Notices--->
117:  <%
118:     int sl=0;
119:     String title="",gr="",unit="",dist="",location="",contact="",date="",published_by="";
120:     String sql="Select * From notice_tb LIMIT 2";
121: 
122: 


An error occurred at line: [119] in the jsp file: [/home.jsp]
Duplicate local variable published_by
116:                 <!--Retrieving Notices--->
117:  <%
118:     int sl=0;
119:     String title="",gr="",unit="",dist="",location="",contact="",date="",published_by="";
120:     String sql="Select * From notice_tb LIMIT 2";
121: 
122: 


An error occurred at line: [120] in the jsp file: [/home.jsp]
Duplicate local variable sql
117:  <%
118:     int sl=0;
119:     String title="",gr="",unit="",dist="",location="",contact="",date="",published_by="";
120:     String sql="Select * From notice_tb LIMIT 2";
121: 
122: 
123:     Class.forName("com.mysql.jdbc.Driver");


An error occurred at line: [124] in the jsp file: [/home.jsp]
Duplicate local variable con
121: 
122: 
123:     Class.forName("com.mysql.jdbc.Driver");
124:     Connection con=DriverManager.getConnection("jdbc:mysql://localhost:3306/bl_for_life","root","");
125:     Statement st=con.createStatement();
126:     ResultSet rs;
127:     rs=st.executeQuery(sql);


An error occurred at line: [125] in the jsp file: [/home.jsp]
Duplicate local variable st
122: 
123:     Class.forName("com.mysql.jdbc.Driver");
124:     Connection con=DriverManager.getConnection("jdbc:mysql://localhost:3306/bl_for_life","root","");
125:     Statement st=con.createStatement();
126:     ResultSet rs;
127:     rs=st.executeQuery(sql);
128: 


An error occurred at line: [126] in the jsp file: [/home.jsp]
Duplicate local variable rs
123:     Class.forName("com.mysql.jdbc.Driver");
124:     Connection con=DriverManager.getConnection("jdbc:mysql://localhost:3306/bl_for_life","root","");
125:     Statement st=con.createStatement();
126:     ResultSet rs;
127:     rs=st.executeQuery(sql);
128: 
129:     while(rs.next()){


Stacktrace:] with root cause
 org.apache.jasper.JasperException: Unable to compile class for JSP: 

An error occurred at line: [118] in the jsp file: [/home.jsp]
Duplicate local variable sl
115:                        
116:                 <!--Retrieving Notices--->
117:  <%
118:     int sl=0;
119:     String title="",gr="",unit="",dist="",location="",contact="",date="",published_by="";
120:     String sql="Select * From notice_tb LIMIT 2";
121: 


An error occurred at line: [119] in the jsp file: [/home.jsp]
Duplicate local variable title
116:                 <!--Retrieving Notices--->
117:  <%
118:     int sl=0;
119:     String title="",gr="",unit="",dist="",location="",contact="",date="",published_by="";
120:     String sql="Select * From notice_tb LIMIT 2";
121: 
122: 


An error occurred at line: [119] in the jsp file: [/home.jsp]
Duplicate local variable gr
116:                 <!--Retrieving Notices--->
117:  <%
118:     int sl=0;
119:     String title="",gr="",unit="",dist="",location="",contact="",date="",published_by="";
120:     String sql="Select * From notice_tb LIMIT 2";
121: 
122: 


An error occurred at line: [119] in the jsp file: [/home.jsp]
Duplicate local variable unit
116:                 <!--Retrieving Notices--->
117:  <%
118:     int sl=0;
119:     String title="",gr="",unit="",dist="",location="",contact="",date="",published_by="";
120:     String sql="Select * From notice_tb LIMIT 2";
121: 
122: 


An error occurred at line: [119] in the jsp file: [/home.jsp]
Duplicate local variable dist
116:                 <!--Retrieving Notices--->
117:  <%
118:     int sl=0;
119:     String title="",gr="",unit="",dist="",location="",contact="",date="",published_by="";
120:     String sql="Select * From notice_tb LIMIT 2";
121: 
122: 


An error occurred at line: [119] in the jsp file: [/home.jsp]
Duplicate local variable location
116:                 <!--Retrieving Notices--->
117:  <%
118:     int sl=0;
119:     String title="",gr="",unit="",dist="",location="",contact="",date="",published_by="";
120:     String sql="Select * From notice_tb LIMIT 2";
121: 
122: 


An error occurred at line: [119] in the jsp file: [/home.jsp]
Duplicate local variable contact
116:                 <!--Retrieving Notices--->
117:  <%
118:     int sl=0;
119:     String title="",gr="",unit="",dist="",location="",contact="",date="",published_by="";
120:     String sql="Select * From notice_tb LIMIT 2";
121: 
122: 


An error occurred at line: [119] in the jsp file: [/home.jsp]
Duplicate local variable date
116:                 <!--Retrieving Notices--->
117:  <%
118:     int sl=0;
119:     String title="",gr="",unit="",dist="",location="",contact="",date="",published_by="";
120:     String sql="Select * From notice_tb LIMIT 2";
121: 
122: 


An error occurred at line: [119] in the jsp file: [/home.jsp]
Duplicate local variable published_by
116:                 <!--Retrieving Notices--->
117:  <%
118:     int sl=0;
119:     String title="",gr="",unit="",dist="",location="",contact="",date="",published_by="";
120:     String sql="Select * From notice_tb LIMIT 2";
121: 
122: 


An error occurred at line: [120] in the jsp file: [/home.jsp]
Duplicate local variable sql
117:  <%
118:     int sl=0;
119:     String title="",gr="",unit="",dist="",location="",contact="",date="",published_by="";
120:     String sql="Select * From notice_tb LIMIT 2";
121: 
122: 
123:     Class.forName("com.mysql.jdbc.Driver");


An error occurred at line: [124] in the jsp file: [/home.jsp]
Duplicate local variable con
121: 
122: 
123:     Class.forName("com.mysql.jdbc.Driver");
124:     Connection con=DriverManager.getConnection("jdbc:mysql://localhost:3306/bl_for_life","root","");
125:     Statement st=con.createStatement();
126:     ResultSet rs;
127:     rs=st.executeQuery(sql);


An error occurred at line: [125] in the jsp file: [/home.jsp]
Duplicate local variable st
122: 
123:     Class.forName("com.mysql.jdbc.Driver");
124:     Connection con=DriverManager.getConnection("jdbc:mysql://localhost:3306/bl_for_life","root","");
125:     Statement st=con.createStatement();
126:     ResultSet rs;
127:     rs=st.executeQuery(sql);
128: 


An error occurred at line: [126] in the jsp file: [/home.jsp]
Duplicate local variable rs
123:     Class.forName("com.mysql.jdbc.Driver");
124:     Connection con=DriverManager.getConnection("jdbc:mysql://localhost:3306/bl_for_life","root","");
125:     Statement st=con.createStatement();
126:     ResultSet rs;
127:     rs=st.executeQuery(sql);
128: 
129:     while(rs.next()){


Stacktrace:
	at org.apache.jasper.compiler.DefaultErrorHandler.javacError(DefaultErrorHandler.java:103)
	at org.apache.jasper.compiler.ErrorDispatcher.javacError(ErrorDispatcher.java:213)
	at org.apache.jasper.compiler.JDTCompiler.generateClass(JDTCompiler.java:461)
	at org.apache.jasper.compiler.Compiler.compile(Compiler.java:392)
	at org.apache.jasper.compiler.Compiler.compile(Compiler.java:362)
	at org.apache.jasper.compiler.Compiler.compile(Compiler.java:346)
	at org.apache.jasper.JspCompilationContext.compile(JspCompilationContext.java:603)
	at org.apache.jasper.servlet.JspServletWrapper.service(JspServletWrapper.java:369)
	at org.apache.jasper.servlet.JspServlet.serviceJspFile(JspServlet.java:386)
	at org.apache.jasper.servlet.JspServlet.service(JspServlet.java:330)
	at javax.servlet.http.HttpServlet.service(HttpServlet.java:741)
	at org.apache.catalina.core.ApplicationFilterChain.internalDoFilter(ApplicationFilterChain.java:231)
	at org.apache.catalina.core.ApplicationFilterChain.doFilter(ApplicationFilterChain.java:166)
	at org.apache.tomcat.websocket.server.WsFilter.doFilter(WsFilter.java:53)
	at org.apache.catalina.core.ApplicationFilterChain.internalDoFilter(ApplicationFilterChain.java:193)
	at org.apache.catalina.core.ApplicationFilterChain.doFilter(ApplicationFilterChain.java:166)
	at org.apache.catalina.core.StandardWrapperValve.invoke(StandardWrapperValve.java:199)
	at org.apache.catalina.core.StandardContextValve.invoke(StandardContextValve.java:96)
	at org.apache.catalina.authenticator.AuthenticatorBase.invoke(AuthenticatorBase.java:494)
	at org.apache.catalina.core.StandardHostValve.invoke(StandardHostValve.java:137)
	at org.apache.catalina.valves.ErrorReportValve.invoke(ErrorReportValve.java:92)
	at org.apache.catalina.valves.AbstractAccessLogValve.invoke(AbstractAccessLogValve.java:651)
	at org.apache.catalina.core.StandardEngineValve.invoke(StandardEngineValve.java:87)
	at org.apache.catalina.connector.CoyoteAdapter.service(CoyoteAdapter.java:343)
	at org.apache.coyote.http11.Http11Processor.service(Http11Processor.java:407)
	at org.apache.coyote.AbstractProcessorLight.process(AbstractProcessorLight.java:66)
	at org.apache.coyote.AbstractProtocol$ConnectionHandler.process(AbstractProtocol.java:754)
	at org.apache.tomcat.util.net.NioEndpoint$SocketProcessor.doRun(NioEndpoint.java:1376)
	at org.apache.tomcat.util.net.SocketProcessorBase.run(SocketProcessorBase.java:49)
	at java.util.concurrent.ThreadPoolExecutor.runWorker(ThreadPoolExecutor.java:1142)
	at java.util.concurrent.ThreadPoolExecutor$Worker.run(ThreadPoolExecutor.java:617)
	at org.apache.tomcat.util.threads.TaskThread$WrappingRunnable.run(TaskThread.java:61)
	at java.lang.Thread.run(Thread.java:745)

18-Apr-2018 16:30:01.127 SEVERE [http-nio-9090-exec-37] org.apache.catalina.core.StandardWrapperValve.invoke Servlet.service() for servlet [jsp] in context with path [/BloodForLifeCommunity] threw exception [Unable to compile class for JSP: 

An error occurred at line: [118] in the jsp file: [/home.jsp]
Duplicate local variable sl
115:                        
116:                 <!--Retrieving Notices--->
117:  <%
118:     int sl=0;
119:     String title="",gr="",unit="",dist="",location="",contact="",date="",published_by="";
120:     String sql="Select * From notice_tb LIMIT 2";
121: 


An error occurred at line: [119] in the jsp file: [/home.jsp]
Duplicate local variable title
116:                 <!--Retrieving Notices--->
117:  <%
118:     int sl=0;
119:     String title="",gr="",unit="",dist="",location="",contact="",date="",published_by="";
120:     String sql="Select * From notice_tb LIMIT 2";
121: 
122: 


An error occurred at line: [119] in the jsp file: [/home.jsp]
Duplicate local variable gr
116:                 <!--Retrieving Notices--->
117:  <%
118:     int sl=0;
119:     String title="",gr="",unit="",dist="",location="",contact="",date="",published_by="";
120:     String sql="Select * From notice_tb LIMIT 2";
121: 
122: 


An error occurred at line: [119] in the jsp file: [/home.jsp]
Duplicate local variable unit
116:                 <!--Retrieving Notices--->
117:  <%
118:     int sl=0;
119:     String title="",gr="",unit="",dist="",location="",contact="",date="",published_by="";
120:     String sql="Select * From notice_tb LIMIT 2";
121: 
122: 


An error occurred at line: [119] in the jsp file: [/home.jsp]
Duplicate local variable dist
116:                 <!--Retrieving Notices--->
117:  <%
118:     int sl=0;
119:     String title="",gr="",unit="",dist="",location="",contact="",date="",published_by="";
120:     String sql="Select * From notice_tb LIMIT 2";
121: 
122: 


An error occurred at line: [119] in the jsp file: [/home.jsp]
Duplicate local variable location
116:                 <!--Retrieving Notices--->
117:  <%
118:     int sl=0;
119:     String title="",gr="",unit="",dist="",location="",contact="",date="",published_by="";
120:     String sql="Select * From notice_tb LIMIT 2";
121: 
122: 


An error occurred at line: [119] in the jsp file: [/home.jsp]
Duplicate local variable contact
116:                 <!--Retrieving Notices--->
117:  <%
118:     int sl=0;
119:     String title="",gr="",unit="",dist="",location="",contact="",date="",published_by="";
120:     String sql="Select * From notice_tb LIMIT 2";
121: 
122: 


An error occurred at line: [119] in the jsp file: [/home.jsp]
Duplicate local variable date
116:                 <!--Retrieving Notices--->
117:  <%
118:     int sl=0;
119:     String title="",gr="",unit="",dist="",location="",contact="",date="",published_by="";
120:     String sql="Select * From notice_tb LIMIT 2";
121: 
122: 


An error occurred at line: [119] in the jsp file: [/home.jsp]
Duplicate local variable published_by
116:                 <!--Retrieving Notices--->
117:  <%
118:     int sl=0;
119:     String title="",gr="",unit="",dist="",location="",contact="",date="",published_by="";
120:     String sql="Select * From notice_tb LIMIT 2";
121: 
122: 


An error occurred at line: [120] in the jsp file: [/home.jsp]
Duplicate local variable sql
117:  <%
118:     int sl=0;
119:     String title="",gr="",unit="",dist="",location="",contact="",date="",published_by="";
120:     String sql="Select * From notice_tb LIMIT 2";
121: 
122: 
123:     Class.forName("com.mysql.jdbc.Driver");


An error occurred at line: [124] in the jsp file: [/home.jsp]
Duplicate local variable con
121: 
122: 
123:     Class.forName("com.mysql.jdbc.Driver");
124:     Connection con=DriverManager.getConnection("jdbc:mysql://localhost:3306/bl_for_life","root","");
125:     Statement st=con.createStatement();
126:     ResultSet rs;
127:     rs=st.executeQuery(sql);


An error occurred at line: [125] in the jsp file: [/home.jsp]
Duplicate local variable st
122: 
123:     Class.forName("com.mysql.jdbc.Driver");
124:     Connection con=DriverManager.getConnection("jdbc:mysql://localhost:3306/bl_for_life","root","");
125:     Statement st=con.createStatement();
126:     ResultSet rs;
127:     rs=st.executeQuery(sql);
128: 


An error occurred at line: [126] in the jsp file: [/home.jsp]
Duplicate local variable rs
123:     Class.forName("com.mysql.jdbc.Driver");
124:     Connection con=DriverManager.getConnection("jdbc:mysql://localhost:3306/bl_for_life","root","");
125:     Statement st=con.createStatement();
126:     ResultSet rs;
127:     rs=st.executeQuery(sql);
128: 
129:     while(rs.next()){


Stacktrace:] with root cause
 org.apache.jasper.JasperException: Unable to compile class for JSP: 

An error occurred at line: [118] in the jsp file: [/home.jsp]
Duplicate local variable sl
115:                        
116:                 <!--Retrieving Notices--->
117:  <%
118:     int sl=0;
119:     String title="",gr="",unit="",dist="",location="",contact="",date="",published_by="";
120:     String sql="Select * From notice_tb LIMIT 2";
121: 


An error occurred at line: [119] in the jsp file: [/home.jsp]
Duplicate local variable title
116:                 <!--Retrieving Notices--->
117:  <%
118:     int sl=0;
119:     String title="",gr="",unit="",dist="",location="",contact="",date="",published_by="";
120:     String sql="Select * From notice_tb LIMIT 2";
121: 
122: 


An error occurred at line: [119] in the jsp file: [/home.jsp]
Duplicate local variable gr
116:                 <!--Retrieving Notices--->
117:  <%
118:     int sl=0;
119:     String title="",gr="",unit="",dist="",location="",contact="",date="",published_by="";
120:     String sql="Select * From notice_tb LIMIT 2";
121: 
122: 


An error occurred at line: [119] in the jsp file: [/home.jsp]
Duplicate local variable unit
116:                 <!--Retrieving Notices--->
117:  <%
118:     int sl=0;
119:     String title="",gr="",unit="",dist="",location="",contact="",date="",published_by="";
120:     String sql="Select * From notice_tb LIMIT 2";
121: 
122: 


An error occurred at line: [119] in the jsp file: [/home.jsp]
Duplicate local variable dist
116:                 <!--Retrieving Notices--->
117:  <%
118:     int sl=0;
119:     String title="",gr="",unit="",dist="",location="",contact="",date="",published_by="";
120:     String sql="Select * From notice_tb LIMIT 2";
121: 
122: 


An error occurred at line: [119] in the jsp file: [/home.jsp]
Duplicate local variable location
116:                 <!--Retrieving Notices--->
117:  <%
118:     int sl=0;
119:     String title="",gr="",unit="",dist="",location="",contact="",date="",published_by="";
120:     String sql="Select * From notice_tb LIMIT 2";
121: 
122: 


An error occurred at line: [119] in the jsp file: [/home.jsp]
Duplicate local variable contact
116:                 <!--Retrieving Notices--->
117:  <%
118:     int sl=0;
119:     String title="",gr="",unit="",dist="",location="",contact="",date="",published_by="";
120:     String sql="Select * From notice_tb LIMIT 2";
121: 
122: 


An error occurred at line: [119] in the jsp file: [/home.jsp]
Duplicate local variable date
116:                 <!--Retrieving Notices--->
117:  <%
118:     int sl=0;
119:     String title="",gr="",unit="",dist="",location="",contact="",date="",published_by="";
120:     String sql="Select * From notice_tb LIMIT 2";
121: 
122: 


An error occurred at line: [119] in the jsp file: [/home.jsp]
Duplicate local variable published_by
116:                 <!--Retrieving Notices--->
117:  <%
118:     int sl=0;
119:     String title="",gr="",unit="",dist="",location="",contact="",date="",published_by="";
120:     String sql="Select * From notice_tb LIMIT 2";
121: 
122: 


An error occurred at line: [120] in the jsp file: [/home.jsp]
Duplicate local variable sql
117:  <%
118:     int sl=0;
119:     String title="",gr="",unit="",dist="",location="",contact="",date="",published_by="";
120:     String sql="Select * From notice_tb LIMIT 2";
121: 
122: 
123:     Class.forName("com.mysql.jdbc.Driver");


An error occurred at line: [124] in the jsp file: [/home.jsp]
Duplicate local variable con
121: 
122: 
123:     Class.forName("com.mysql.jdbc.Driver");
124:     Connection con=DriverManager.getConnection("jdbc:mysql://localhost:3306/bl_for_life","root","");
125:     Statement st=con.createStatement();
126:     ResultSet rs;
127:     rs=st.executeQuery(sql);


An error occurred at line: [125] in the jsp file: [/home.jsp]
Duplicate local variable st
122: 
123:     Class.forName("com.mysql.jdbc.Driver");
124:     Connection con=DriverManager.getConnection("jdbc:mysql://localhost:3306/bl_for_life","root","");
125:     Statement st=con.createStatement();
126:     ResultSet rs;
127:     rs=st.executeQuery(sql);
128: 


An error occurred at line: [126] in the jsp file: [/home.jsp]
Duplicate local variable rs
123:     Class.forName("com.mysql.jdbc.Driver");
124:     Connection con=DriverManager.getConnection("jdbc:mysql://localhost:3306/bl_for_life","root","");
125:     Statement st=con.createStatement();
126:     ResultSet rs;
127:     rs=st.executeQuery(sql);
128: 
129:     while(rs.next()){


Stacktrace:
	at org.apache.jasper.compiler.DefaultErrorHandler.javacError(DefaultErrorHandler.java:103)
	at org.apache.jasper.compiler.ErrorDispatcher.javacError(ErrorDispatcher.java:213)
	at org.apache.jasper.compiler.JDTCompiler.generateClass(JDTCompiler.java:461)
	at org.apache.jasper.compiler.Compiler.compile(Compiler.java:392)
	at org.apache.jasper.compiler.Compiler.compile(Compiler.java:362)
	at org.apache.jasper.compiler.Compiler.compile(Compiler.java:346)
	at org.apache.jasper.JspCompilationContext.compile(JspCompilationContext.java:603)
	at org.apache.jasper.servlet.JspServletWrapper.service(JspServletWrapper.java:369)
	at org.apache.jasper.servlet.JspServlet.serviceJspFile(JspServlet.java:386)
	at org.apache.jasper.servlet.JspServlet.service(JspServlet.java:330)
	at javax.servlet.http.HttpServlet.service(HttpServlet.java:741)
	at org.apache.catalina.core.ApplicationFilterChain.internalDoFilter(ApplicationFilterChain.java:231)
	at org.apache.catalina.core.ApplicationFilterChain.doFilter(ApplicationFilterChain.java:166)
	at org.apache.tomcat.websocket.server.WsFilter.doFilter(WsFilter.java:53)
	at org.apache.catalina.core.ApplicationFilterChain.internalDoFilter(ApplicationFilterChain.java:193)
	at org.apache.catalina.core.ApplicationFilterChain.doFilter(ApplicationFilterChain.java:166)
	at org.apache.catalina.core.StandardWrapperValve.invoke(StandardWrapperValve.java:199)
	at org.apache.catalina.core.StandardContextValve.invoke(StandardContextValve.java:96)
	at org.apache.catalina.authenticator.AuthenticatorBase.invoke(AuthenticatorBase.java:494)
	at org.apache.catalina.core.StandardHostValve.invoke(StandardHostValve.java:137)
	at org.apache.catalina.valves.ErrorReportValve.invoke(ErrorReportValve.java:92)
	at org.apache.catalina.valves.AbstractAccessLogValve.invoke(AbstractAccessLogValve.java:651)
	at org.apache.catalina.core.StandardEngineValve.invoke(StandardEngineValve.java:87)
	at org.apache.catalina.connector.CoyoteAdapter.service(CoyoteAdapter.java:343)
	at org.apache.coyote.http11.Http11Processor.service(Http11Processor.java:407)
	at org.apache.coyote.AbstractProcessorLight.process(AbstractProcessorLight.java:66)
	at org.apache.coyote.AbstractProtocol$ConnectionHandler.process(AbstractProtocol.java:754)
	at org.apache.tomcat.util.net.NioEndpoint$SocketProcessor.doRun(NioEndpoint.java:1376)
	at org.apache.tomcat.util.net.SocketProcessorBase.run(SocketProcessorBase.java:49)
	at java.util.concurrent.ThreadPoolExecutor.runWorker(ThreadPoolExecutor.java:1142)
	at java.util.concurrent.ThreadPoolExecutor$Worker.run(ThreadPoolExecutor.java:617)
	at org.apache.tomcat.util.threads.TaskThread$WrappingRunnable.run(TaskThread.java:61)
	at java.lang.Thread.run(Thread.java:745)

18-Apr-2018 17:18:09.700 INFO [main] org.apache.catalina.core.ApplicationContext.log SessionListener: contextDestroyed()
18-Apr-2018 17:18:09.700 INFO [main] org.apache.catalina.core.ApplicationContext.log ContextListener: contextDestroyed()
18-Apr-2018 19:06:54.478 INFO [main] org.apache.catalina.core.ApplicationContext.log ContextListener: contextInitialized()
18-Apr-2018 19:06:54.478 INFO [main] org.apache.catalina.core.ApplicationContext.log SessionListener: contextInitialized()
18-Apr-2018 19:06:54.480 INFO [main] org.apache.catalina.core.ApplicationContext.log ContextListener: attributeAdded('StockTicker', 'async.Stockticker@1be2019a')
18-Apr-2018 19:41:38.259 INFO [main] org.apache.catalina.core.ApplicationContext.log SessionListener: contextDestroyed()
18-Apr-2018 19:41:38.260 INFO [main] org.apache.catalina.core.ApplicationContext.log ContextListener: contextDestroyed()
18-Apr-2018 22:06:42.358 INFO [main] org.apache.catalina.core.ApplicationContext.log ContextListener: contextInitialized()
18-Apr-2018 22:06:42.358 INFO [main] org.apache.catalina.core.ApplicationContext.log SessionListener: contextInitialized()
18-Apr-2018 22:06:42.360 INFO [main] org.apache.catalina.core.ApplicationContext.log ContextListener: attributeAdded('StockTicker', 'async.Stockticker@7857fe2')
18-Apr-2018 23:20:15.394 SEVERE [http-nio-9090-exec-26] org.apache.catalina.core.StandardWrapperValve.invoke Servlet.service() for servlet [jsp] in context with path [/BloodForLifeCommunity] threw exception [An exception occurred processing [/search.jsp] at line [110]

107: 
108:     Statement st1=con.createStatement();
109:     ResultSet rs1;
110:     rs1=st1.executeQuery(sql1);
111: 
112:     while(rs1.next()){
113:     


Stacktrace:] with root cause
 java.sql.SQLException: Can not issue empty query.
	at com.mysql.jdbc.SQLError.createSQLException(SQLError.java:1074)
	at com.mysql.jdbc.SQLError.createSQLException(SQLError.java:988)
	at com.mysql.jdbc.SQLError.createSQLException(SQLError.java:974)
	at com.mysql.jdbc.SQLError.createSQLException(SQLError.java:919)
	at com.mysql.jdbc.StatementImpl.checkNullOrEmptyQuery(StatementImpl.java:528)
	at com.mysql.jdbc.StatementImpl.executeQuery(StatementImpl.java:1483)
	at org.apache.jsp.search_jsp._jspService(search_jsp.java:245)
	at org.apache.jasper.runtime.HttpJspBase.service(HttpJspBase.java:70)
	at javax.servlet.http.HttpServlet.service(HttpServlet.java:741)
	at org.apache.jasper.servlet.JspServletWrapper.service(JspServletWrapper.java:444)
	at org.apache.jasper.servlet.JspServlet.serviceJspFile(JspServlet.java:386)
	at org.apache.jasper.servlet.JspServlet.service(JspServlet.java:330)
	at javax.servlet.http.HttpServlet.service(HttpServlet.java:741)
	at org.apache.catalina.core.ApplicationFilterChain.internalDoFilter(ApplicationFilterChain.java:231)
	at org.apache.catalina.core.ApplicationFilterChain.doFilter(ApplicationFilterChain.java:166)
	at org.apache.tomcat.websocket.server.WsFilter.doFilter(WsFilter.java:53)
	at org.apache.catalina.core.ApplicationFilterChain.internalDoFilter(ApplicationFilterChain.java:193)
	at org.apache.catalina.core.ApplicationFilterChain.doFilter(ApplicationFilterChain.java:166)
	at org.apache.catalina.core.StandardWrapperValve.invoke(StandardWrapperValve.java:199)
	at org.apache.catalina.core.StandardContextValve.invoke(StandardContextValve.java:96)
	at org.apache.catalina.authenticator.AuthenticatorBase.invoke(AuthenticatorBase.java:494)
	at org.apache.catalina.core.StandardHostValve.invoke(StandardHostValve.java:137)
	at org.apache.catalina.valves.ErrorReportValve.invoke(ErrorReportValve.java:92)
	at org.apache.catalina.valves.AbstractAccessLogValve.invoke(AbstractAccessLogValve.java:651)
	at org.apache.catalina.core.StandardEngineValve.invoke(StandardEngineValve.java:87)
	at org.apache.catalina.connector.CoyoteAdapter.service(CoyoteAdapter.java:343)
	at org.apache.coyote.http11.Http11Processor.service(Http11Processor.java:407)
	at org.apache.coyote.AbstractProcessorLight.process(AbstractProcessorLight.java:66)
	at org.apache.coyote.AbstractProtocol$ConnectionHandler.process(AbstractProtocol.java:754)
	at org.apache.tomcat.util.net.NioEndpoint$SocketProcessor.doRun(NioEndpoint.java:1376)
	at org.apache.tomcat.util.net.SocketProcessorBase.run(SocketProcessorBase.java:49)
	at java.util.concurrent.ThreadPoolExecutor.runWorker(ThreadPoolExecutor.java:1142)
	at java.util.concurrent.ThreadPoolExecutor$Worker.run(ThreadPoolExecutor.java:617)
	at org.apache.tomcat.util.threads.TaskThread$WrappingRunnable.run(TaskThread.java:61)
	at java.lang.Thread.run(Thread.java:745)

18-Apr-2018 23:23:00.527 SEVERE [http-nio-9090-exec-35] org.apache.catalina.core.StandardWrapperValve.invoke Servlet.service() for servlet [jsp] in context with path [/BloodForLifeCommunity] threw exception [An exception occurred processing [/search.jsp] at line [110]

107: 
108:     Statement st1=con.createStatement();
109:     ResultSet rs1;
110:     rs1=st1.executeQuery(sql1);
111: 
112:     while(rs1.next()){
113:     


Stacktrace:] with root cause
 java.sql.SQLException: Can not issue empty query.
	at com.mysql.jdbc.SQLError.createSQLException(SQLError.java:1074)
	at com.mysql.jdbc.SQLError.createSQLException(SQLError.java:988)
	at com.mysql.jdbc.SQLError.createSQLException(SQLError.java:974)
	at com.mysql.jdbc.SQLError.createSQLException(SQLError.java:919)
	at com.mysql.jdbc.StatementImpl.checkNullOrEmptyQuery(StatementImpl.java:528)
	at com.mysql.jdbc.StatementImpl.executeQuery(StatementImpl.java:1483)
	at org.apache.jsp.search_jsp._jspService(search_jsp.java:245)
	at org.apache.jasper.runtime.HttpJspBase.service(HttpJspBase.java:70)
	at javax.servlet.http.HttpServlet.service(HttpServlet.java:741)
	at org.apache.jasper.servlet.JspServletWrapper.service(JspServletWrapper.java:444)
	at org.apache.jasper.servlet.JspServlet.serviceJspFile(JspServlet.java:386)
	at org.apache.jasper.servlet.JspServlet.service(JspServlet.java:330)
	at javax.servlet.http.HttpServlet.service(HttpServlet.java:741)
	at org.apache.catalina.core.ApplicationFilterChain.internalDoFilter(ApplicationFilterChain.java:231)
	at org.apache.catalina.core.ApplicationFilterChain.doFilter(ApplicationFilterChain.java:166)
	at org.apache.tomcat.websocket.server.WsFilter.doFilter(WsFilter.java:53)
	at org.apache.catalina.core.ApplicationFilterChain.internalDoFilter(ApplicationFilterChain.java:193)
	at org.apache.catalina.core.ApplicationFilterChain.doFilter(ApplicationFilterChain.java:166)
	at org.apache.catalina.core.StandardWrapperValve.invoke(StandardWrapperValve.java:199)
	at org.apache.catalina.core.StandardContextValve.invoke(StandardContextValve.java:96)
	at org.apache.catalina.authenticator.AuthenticatorBase.invoke(AuthenticatorBase.java:494)
	at org.apache.catalina.core.StandardHostValve.invoke(StandardHostValve.java:137)
	at org.apache.catalina.valves.ErrorReportValve.invoke(ErrorReportValve.java:92)
	at org.apache.catalina.valves.AbstractAccessLogValve.invoke(AbstractAccessLogValve.java:651)
	at org.apache.catalina.core.StandardEngineValve.invoke(StandardEngineValve.java:87)
	at org.apache.catalina.connector.CoyoteAdapter.service(CoyoteAdapter.java:343)
	at org.apache.coyote.http11.Http11Processor.service(Http11Processor.java:407)
	at org.apache.coyote.AbstractProcessorLight.process(AbstractProcessorLight.java:66)
	at org.apache.coyote.AbstractProtocol$ConnectionHandler.process(AbstractProtocol.java:754)
	at org.apache.tomcat.util.net.NioEndpoint$SocketProcessor.doRun(NioEndpoint.java:1376)
	at org.apache.tomcat.util.net.SocketProcessorBase.run(SocketProcessorBase.java:49)
	at java.util.concurrent.ThreadPoolExecutor.runWorker(ThreadPoolExecutor.java:1142)
	at java.util.concurrent.ThreadPoolExecutor$Worker.run(ThreadPoolExecutor.java:617)
	at org.apache.tomcat.util.threads.TaskThread$WrappingRunnable.run(TaskThread.java:61)
	at java.lang.Thread.run(Thread.java:745)

18-Apr-2018 23:25:35.358 SEVERE [http-nio-9090-exec-42] org.apache.catalina.core.StandardWrapperValve.invoke Servlet.service() for servlet [jsp] in context with path [/BloodForLifeCommunity] threw exception [An exception occurred processing [/search.jsp] at line [110]

107: 
108:     Statement st1=con.createStatement();
109:     ResultSet rs1;
110:     rs1=st1.executeQuery(sql1);
111: 
112:     while(rs1.next()){
113:     


Stacktrace:] with root cause
 java.sql.SQLException: Can not issue empty query.
	at com.mysql.jdbc.SQLError.createSQLException(SQLError.java:1074)
	at com.mysql.jdbc.SQLError.createSQLException(SQLError.java:988)
	at com.mysql.jdbc.SQLError.createSQLException(SQLError.java:974)
	at com.mysql.jdbc.SQLError.createSQLException(SQLError.java:919)
	at com.mysql.jdbc.StatementImpl.checkNullOrEmptyQuery(StatementImpl.java:528)
	at com.mysql.jdbc.StatementImpl.executeQuery(StatementImpl.java:1483)
	at org.apache.jsp.search_jsp._jspService(search_jsp.java:245)
	at org.apache.jasper.runtime.HttpJspBase.service(HttpJspBase.java:70)
	at javax.servlet.http.HttpServlet.service(HttpServlet.java:741)
	at org.apache.jasper.servlet.JspServletWrapper.service(JspServletWrapper.java:444)
	at org.apache.jasper.servlet.JspServlet.serviceJspFile(JspServlet.java:386)
	at org.apache.jasper.servlet.JspServlet.service(JspServlet.java:330)
	at javax.servlet.http.HttpServlet.service(HttpServlet.java:741)
	at org.apache.catalina.core.ApplicationFilterChain.internalDoFilter(ApplicationFilterChain.java:231)
	at org.apache.catalina.core.ApplicationFilterChain.doFilter(ApplicationFilterChain.java:166)
	at org.apache.tomcat.websocket.server.WsFilter.doFilter(WsFilter.java:53)
	at org.apache.catalina.core.ApplicationFilterChain.internalDoFilter(ApplicationFilterChain.java:193)
	at org.apache.catalina.core.ApplicationFilterChain.doFilter(ApplicationFilterChain.java:166)
	at org.apache.catalina.core.StandardWrapperValve.invoke(StandardWrapperValve.java:199)
	at org.apache.catalina.core.StandardContextValve.invoke(StandardContextValve.java:96)
	at org.apache.catalina.authenticator.AuthenticatorBase.invoke(AuthenticatorBase.java:494)
	at org.apache.catalina.core.StandardHostValve.invoke(StandardHostValve.java:137)
	at org.apache.catalina.valves.ErrorReportValve.invoke(ErrorReportValve.java:92)
	at org.apache.catalina.valves.AbstractAccessLogValve.invoke(AbstractAccessLogValve.java:651)
	at org.apache.catalina.core.StandardEngineValve.invoke(StandardEngineValve.java:87)
	at org.apache.catalina.connector.CoyoteAdapter.service(CoyoteAdapter.java:343)
	at org.apache.coyote.http11.Http11Processor.service(Http11Processor.java:407)
	at org.apache.coyote.AbstractProcessorLight.process(AbstractProcessorLight.java:66)
	at org.apache.coyote.AbstractProtocol$ConnectionHandler.process(AbstractProtocol.java:754)
	at org.apache.tomcat.util.net.NioEndpoint$SocketProcessor.doRun(NioEndpoint.java:1376)
	at org.apache.tomcat.util.net.SocketProcessorBase.run(SocketProcessorBase.java:49)
	at java.util.concurrent.ThreadPoolExecutor.runWorker(ThreadPoolExecutor.java:1142)
	at java.util.concurrent.ThreadPoolExecutor$Worker.run(ThreadPoolExecutor.java:617)
	at org.apache.tomcat.util.threads.TaskThread$WrappingRunnable.run(TaskThread.java:61)
	at java.lang.Thread.run(Thread.java:745)

18-Apr-2018 23:59:41.379 INFO [main] org.apache.catalina.core.ApplicationContext.log SessionListener: contextDestroyed()
18-Apr-2018 23:59:41.379 INFO [main] org.apache.catalina.core.ApplicationContext.log ContextListener: contextDestroyed()
