20-Mar-2018 15:45:04.493 INFO [main] org.apache.catalina.core.ApplicationContext.log ContextListener: contextInitialized()
20-Mar-2018 15:45:04.493 INFO [main] org.apache.catalina.core.ApplicationContext.log SessionListener: contextInitialized()
20-Mar-2018 15:45:04.508 INFO [main] org.apache.catalina.core.ApplicationContext.log ContextListener: attributeAdded('StockTicker', 'async.Stockticker@662ac478')
20-Mar-2018 15:48:20.184 INFO [main] org.apache.catalina.core.ApplicationContext.log SessionListener: contextDestroyed()
20-Mar-2018 15:48:20.184 INFO [main] org.apache.catalina.core.ApplicationContext.log ContextListener: contextDestroyed()
20-Mar-2018 15:48:25.591 INFO [main] org.apache.catalina.core.ApplicationContext.log ContextListener: contextInitialized()
20-Mar-2018 15:48:25.591 INFO [main] org.apache.catalina.core.ApplicationContext.log SessionListener: contextInitialized()
20-Mar-2018 15:48:25.591 INFO [main] org.apache.catalina.core.ApplicationContext.log ContextListener: attributeAdded('StockTicker', 'async.Stockticker@662ac478')
20-Mar-2018 15:49:05.146 INFO [main] org.apache.catalina.core.ApplicationContext.log SessionListener: contextDestroyed()
20-Mar-2018 15:49:05.146 INFO [main] org.apache.catalina.core.ApplicationContext.log ContextListener: contextDestroyed()
20-Mar-2018 15:51:12.428 INFO [main] org.apache.catalina.core.ApplicationContext.log ContextListener: contextInitialized()
20-Mar-2018 15:51:12.428 INFO [main] org.apache.catalina.core.ApplicationContext.log SessionListener: contextInitialized()
20-Mar-2018 15:51:12.428 INFO [main] org.apache.catalina.core.ApplicationContext.log ContextListener: attributeAdded('StockTicker', 'async.Stockticker@9d5509a')
20-Mar-2018 15:52:02.980 INFO [main] org.apache.catalina.core.ApplicationContext.log SessionListener: contextDestroyed()
20-Mar-2018 15:52:02.980 INFO [main] org.apache.catalina.core.ApplicationContext.log ContextListener: contextDestroyed()
20-Mar-2018 18:26:07.481 INFO [main] org.apache.catalina.core.ApplicationContext.log ContextListener: contextInitialized()
20-Mar-2018 18:26:07.481 INFO [main] org.apache.catalina.core.ApplicationContext.log SessionListener: contextInitialized()
20-Mar-2018 18:26:07.483 INFO [main] org.apache.catalina.core.ApplicationContext.log ContextListener: attributeAdded('StockTicker', 'async.Stockticker@b2c9a9c')
20-Mar-2018 19:06:51.284 INFO [main] org.apache.catalina.core.ApplicationContext.log SessionListener: contextDestroyed()
20-Mar-2018 19:06:51.284 INFO [main] org.apache.catalina.core.ApplicationContext.log ContextListener: contextDestroyed()
20-Mar-2018 21:36:35.432 INFO [main] org.apache.catalina.core.ApplicationContext.log ContextListener: contextInitialized()
20-Mar-2018 21:36:35.432 INFO [main] org.apache.catalina.core.ApplicationContext.log SessionListener: contextInitialized()
20-Mar-2018 21:36:35.434 INFO [main] org.apache.catalina.core.ApplicationContext.log ContextListener: attributeAdded('StockTicker', 'async.Stockticker@1c9b0314')
20-Mar-2018 22:55:04.753 INFO [main] org.apache.catalina.core.ApplicationContext.log SessionListener: contextDestroyed()
20-Mar-2018 22:55:04.753 INFO [main] org.apache.catalina.core.ApplicationContext.log ContextListener: contextDestroyed()
