20-Mar-2018 15:51:15.272 INFO [http-nio-9090-exec-4] org.apache.catalina.core.ApplicationContext.log Manager: init: Associated with Deployer 'Catalina:type=Deployer,host=localhost'
20-Mar-2018 15:51:15.272 INFO [http-nio-9090-exec-4] org.apache.catalina.core.ApplicationContext.log Manager: init: Global resources are available
20-Mar-2018 15:51:15.788 INFO [http-nio-9090-exec-5] org.apache.catalina.core.ApplicationContext.log Manager: list: Listing contexts for virtual host 'localhost'
20-Mar-2018 15:51:15.788 INFO [http-nio-9090-exec-7] org.apache.catalina.core.ApplicationContext.log Manager: list: Listing contexts for virtual host 'localhost'
20-Mar-2018 15:51:15.803 INFO [http-nio-9090-exec-9] org.apache.catalina.core.ApplicationContext.log Manager: install: Installing context configuration at 'file:/C:/Users/BAPPY'~1/AppData/Local/Temp/context6802573630389482221.xml'
20-Mar-2018 15:51:15.850 INFO [http-nio-9090-exec-8] org.apache.catalina.core.ApplicationContext.log Manager: start: Starting web application '/WebApplication1'
20-Mar-2018 18:26:11.676 INFO [http-nio-9090-exec-6] org.apache.catalina.core.ApplicationContext.log Manager: init: Associated with Deployer 'Catalina:type=Deployer,host=localhost'
20-Mar-2018 18:26:11.677 INFO [http-nio-9090-exec-6] org.apache.catalina.core.ApplicationContext.log Manager: init: Global resources are available
20-Mar-2018 18:26:15.398 INFO [http-nio-9090-exec-7] org.apache.catalina.core.ApplicationContext.log Manager: list: Listing contexts for virtual host 'localhost'
20-Mar-2018 18:26:15.408 INFO [http-nio-9090-exec-8] org.apache.catalina.core.ApplicationContext.log Manager: list: Listing contexts for virtual host 'localhost'
20-Mar-2018 18:26:15.544 INFO [http-nio-9090-exec-9] org.apache.catalina.core.ApplicationContext.log Manager: install: Installing context configuration at 'file:/C:/Users/BAPPY'~1/AppData/Local/Temp/context6246984334388629732.xml'
20-Mar-2018 18:26:15.636 INFO [http-nio-9090-exec-10] org.apache.catalina.core.ApplicationContext.log Manager: start: Starting web application '/EmpMng'
20-Mar-2018 18:28:57.691 INFO [http-nio-9090-exec-6] org.apache.catalina.core.ApplicationContext.log Manager: list: Listing contexts for virtual host 'localhost'
20-Mar-2018 18:28:57.695 INFO [http-nio-9090-exec-5] org.apache.catalina.core.ApplicationContext.log Manager: list: Listing contexts for virtual host 'localhost'
20-Mar-2018 18:31:19.641 INFO [http-nio-9090-exec-4] org.apache.catalina.core.ApplicationContext.log Manager: list: Listing contexts for virtual host 'localhost'
20-Mar-2018 18:31:19.688 INFO [http-nio-9090-exec-2] org.apache.catalina.core.ApplicationContext.log Manager: restart: Reloading web application '/EmpMng'
20-Mar-2018 18:31:23.803 INFO [http-nio-9090-exec-11] org.apache.catalina.core.ApplicationContext.log Manager: list: Listing contexts for virtual host 'localhost'
20-Mar-2018 18:31:23.819 INFO [http-nio-9090-exec-1] org.apache.catalina.core.ApplicationContext.log Manager: restart: Reloading web application '/EmpMng'
20-Mar-2018 18:31:39.374 INFO [http-nio-9090-exec-5] org.apache.catalina.core.ApplicationContext.log Manager: list: Listing contexts for virtual host 'localhost'
20-Mar-2018 18:31:39.381 INFO [http-nio-9090-exec-13] org.apache.catalina.core.ApplicationContext.log Manager: restart: Reloading web application '/EmpMng'
20-Mar-2018 18:32:10.030 INFO [http-nio-9090-exec-15] org.apache.catalina.core.ApplicationContext.log Manager: list: Listing contexts for virtual host 'localhost'
20-Mar-2018 18:32:10.030 INFO [http-nio-9090-exec-16] org.apache.catalina.core.ApplicationContext.log Manager: restart: Reloading web application '/EmpMng'
20-Mar-2018 18:32:20.481 INFO [http-nio-9090-exec-18] org.apache.catalina.core.ApplicationContext.log Manager: list: Listing contexts for virtual host 'localhost'
20-Mar-2018 18:32:20.497 INFO [http-nio-9090-exec-19] org.apache.catalina.core.ApplicationContext.log Manager: restart: Reloading web application '/EmpMng'
20-Mar-2018 18:32:31.879 INFO [http-nio-9090-exec-20] org.apache.catalina.core.ApplicationContext.log Manager: list: Listing contexts for virtual host 'localhost'
20-Mar-2018 18:32:31.879 INFO [http-nio-9090-exec-22] org.apache.catalina.core.ApplicationContext.log Manager: restart: Reloading web application '/EmpMng'
20-Mar-2018 18:32:34.124 INFO [http-nio-9090-exec-13] org.apache.catalina.core.ApplicationContext.log Manager: list: Listing contexts for virtual host 'localhost'
20-Mar-2018 18:32:34.138 INFO [http-nio-9090-exec-20] org.apache.catalina.core.ApplicationContext.log Manager: restart: Reloading web application '/EmpMng'
20-Mar-2018 18:32:44.669 INFO [http-nio-9090-exec-22] org.apache.catalina.core.ApplicationContext.log Manager: list: Listing contexts for virtual host 'localhost'
20-Mar-2018 18:32:44.669 INFO [http-nio-9090-exec-26] org.apache.catalina.core.ApplicationContext.log Manager: restart: Reloading web application '/EmpMng'
20-Mar-2018 18:32:53.504 INFO [http-nio-9090-exec-28] org.apache.catalina.core.ApplicationContext.log Manager: list: Listing contexts for virtual host 'localhost'
20-Mar-2018 18:32:53.520 INFO [http-nio-9090-exec-22] org.apache.catalina.core.ApplicationContext.log Manager: restart: Reloading web application '/EmpMng'
20-Mar-2018 18:33:03.131 INFO [http-nio-9090-exec-27] org.apache.catalina.core.ApplicationContext.log Manager: list: Listing contexts for virtual host 'localhost'
20-Mar-2018 18:33:03.194 INFO [http-nio-9090-exec-14] org.apache.catalina.core.ApplicationContext.log Manager: restart: Reloading web application '/EmpMng'
20-Mar-2018 18:33:05.521 INFO [http-nio-9090-exec-31] org.apache.catalina.core.ApplicationContext.log Manager: list: Listing contexts for virtual host 'localhost'
20-Mar-2018 18:33:05.536 INFO [http-nio-9090-exec-29] org.apache.catalina.core.ApplicationContext.log Manager: restart: Reloading web application '/EmpMng'
20-Mar-2018 18:33:14.268 INFO [http-nio-9090-exec-33] org.apache.catalina.core.ApplicationContext.log Manager: list: Listing contexts for virtual host 'localhost'
20-Mar-2018 18:33:14.283 INFO [http-nio-9090-exec-14] org.apache.catalina.core.ApplicationContext.log Manager: restart: Reloading web application '/EmpMng'
20-Mar-2018 18:33:16.095 INFO [http-nio-9090-exec-13] org.apache.catalina.core.ApplicationContext.log Manager: list: Listing contexts for virtual host 'localhost'
20-Mar-2018 18:33:16.095 INFO [http-nio-9090-exec-20] org.apache.catalina.core.ApplicationContext.log Manager: restart: Reloading web application '/EmpMng'
20-Mar-2018 18:33:23.182 INFO [http-nio-9090-exec-35] org.apache.catalina.core.ApplicationContext.log Manager: list: Listing contexts for virtual host 'localhost'
20-Mar-2018 18:33:23.182 INFO [http-nio-9090-exec-36] org.apache.catalina.core.ApplicationContext.log Manager: restart: Reloading web application '/EmpMng'
20-Mar-2018 18:33:29.845 INFO [http-nio-9090-exec-39] org.apache.catalina.core.ApplicationContext.log Manager: list: Listing contexts for virtual host 'localhost'
20-Mar-2018 18:33:29.861 INFO [http-nio-9090-exec-14] org.apache.catalina.core.ApplicationContext.log Manager: restart: Reloading web application '/EmpMng'
20-Mar-2018 18:33:40.154 INFO [http-nio-9090-exec-41] org.apache.catalina.core.ApplicationContext.log Manager: list: Listing contexts for virtual host 'localhost'
20-Mar-2018 18:33:40.170 INFO [http-nio-9090-exec-42] org.apache.catalina.core.ApplicationContext.log Manager: restart: Reloading web application '/EmpMng'
20-Mar-2018 18:33:40.605 INFO [http-nio-9090-exec-42] org.apache.catalina.core.ApplicationContext.log Manager: list: Listing contexts for virtual host 'localhost'
20-Mar-2018 18:33:40.621 INFO [http-nio-9090-exec-28] org.apache.catalina.core.ApplicationContext.log Manager: restart: Reloading web application '/EmpMng'
20-Mar-2018 18:33:51.348 INFO [http-nio-9090-exec-44] org.apache.catalina.core.ApplicationContext.log Manager: list: Listing contexts for virtual host 'localhost'
20-Mar-2018 18:33:51.380 INFO [http-nio-9090-exec-45] org.apache.catalina.core.ApplicationContext.log Manager: restart: Reloading web application '/EmpMng'
20-Mar-2018 18:33:51.803 INFO [http-nio-9090-exec-40] org.apache.catalina.core.ApplicationContext.log Manager: list: Listing contexts for virtual host 'localhost'
20-Mar-2018 18:33:51.811 INFO [http-nio-9090-exec-28] org.apache.catalina.core.ApplicationContext.log Manager: restart: Reloading web application '/EmpMng'
20-Mar-2018 18:33:59.786 INFO [http-nio-9090-exec-47] org.apache.catalina.core.ApplicationContext.log Manager: list: Listing contexts for virtual host 'localhost'
20-Mar-2018 18:33:59.801 INFO [http-nio-9090-exec-48] org.apache.catalina.core.ApplicationContext.log Manager: restart: Reloading web application '/EmpMng'
20-Mar-2018 18:34:13.558 INFO [http-nio-9090-exec-40] org.apache.catalina.core.ApplicationContext.log Manager: list: Listing contexts for virtual host 'localhost'
20-Mar-2018 18:34:13.558 INFO [http-nio-9090-exec-48] org.apache.catalina.core.ApplicationContext.log Manager: list: Listing contexts for virtual host 'localhost'
20-Mar-2018 18:34:13.574 INFO [http-nio-9090-exec-46] org.apache.catalina.core.ApplicationContext.log Manager: restart: Reloading web application '/EmpMng'
20-Mar-2018 18:34:56.663 INFO [http-nio-9090-exec-54] org.apache.catalina.core.ApplicationContext.log Manager: list: Listing contexts for virtual host 'localhost'
20-Mar-2018 18:34:56.663 INFO [http-nio-9090-exec-51] org.apache.catalina.core.ApplicationContext.log Manager: list: Listing contexts for virtual host 'localhost'
20-Mar-2018 18:48:22.846 INFO [http-nio-9090-exec-61] org.apache.catalina.core.ApplicationContext.log Manager: list: Listing contexts for virtual host 'localhost'
20-Mar-2018 18:48:25.092 INFO [http-nio-9090-exec-55] org.apache.catalina.core.ApplicationContext.log Manager: list: Listing contexts for virtual host 'localhost'
20-Mar-2018 18:48:56.192 INFO [http-nio-9090-exec-61] org.apache.catalina.core.ApplicationContext.log Manager: list: Listing contexts for virtual host 'localhost'
20-Mar-2018 18:48:56.192 INFO [http-nio-9090-exec-54] org.apache.catalina.core.ApplicationContext.log Manager: list: Listing contexts for virtual host 'localhost'
20-Mar-2018 19:01:22.298 INFO [http-nio-9090-exec-58] org.apache.catalina.core.ApplicationContext.log Manager: list: Listing contexts for virtual host 'localhost'
20-Mar-2018 19:01:22.435 INFO [http-nio-9090-exec-58] org.apache.catalina.core.ApplicationContext.log Manager: list: Listing contexts for virtual host 'localhost'
20-Mar-2018 19:05:56.744 INFO [http-nio-9090-exec-60] org.apache.catalina.core.ApplicationContext.log Manager: list: Listing contexts for virtual host 'localhost'
20-Mar-2018 19:05:56.829 INFO [http-nio-9090-exec-56] org.apache.catalina.core.ApplicationContext.log Manager: list: Listing contexts for virtual host 'localhost'
20-Mar-2018 19:05:57.548 INFO [http-nio-9090-exec-56] org.apache.catalina.core.ApplicationContext.log Manager: list: Listing contexts for virtual host 'localhost'
20-Mar-2018 19:05:58.005 INFO [http-nio-9090-exec-55] org.apache.catalina.core.ApplicationContext.log Manager: list: Listing contexts for virtual host 'localhost'
20-Mar-2018 21:36:53.482 INFO [http-nio-9090-exec-6] org.apache.catalina.core.ApplicationContext.log Manager: init: Associated with Deployer 'Catalina:type=Deployer,host=localhost'
20-Mar-2018 21:36:53.482 INFO [http-nio-9090-exec-6] org.apache.catalina.core.ApplicationContext.log Manager: init: Global resources are available
20-Mar-2018 21:36:54.030 INFO [http-nio-9090-exec-7] org.apache.catalina.core.ApplicationContext.log Manager: list: Listing contexts for virtual host 'localhost'
20-Mar-2018 21:36:54.036 INFO [http-nio-9090-exec-9] org.apache.catalina.core.ApplicationContext.log Manager: list: Listing contexts for virtual host 'localhost'
20-Mar-2018 21:37:22.269 INFO [http-nio-9090-exec-9] org.apache.catalina.core.ApplicationContext.log Manager: list: Listing contexts for virtual host 'localhost'
20-Mar-2018 21:37:22.274 INFO [http-nio-9090-exec-2] org.apache.catalina.core.ApplicationContext.log Manager: list: Listing contexts for virtual host 'localhost'
20-Mar-2018 21:41:52.635 INFO [http-nio-9090-exec-1] org.apache.catalina.core.ApplicationContext.log Manager: list: Listing contexts for virtual host 'localhost'
20-Mar-2018 21:41:52.707 INFO [http-nio-9090-exec-5] org.apache.catalina.core.ApplicationContext.log Manager: restart: Reloading web application '/EmpMng'
20-Mar-2018 21:55:42.766 INFO [http-nio-9090-exec-13] org.apache.catalina.core.ApplicationContext.log Manager: list: Listing contexts for virtual host 'localhost'
20-Mar-2018 21:55:42.772 INFO [http-nio-9090-exec-14] org.apache.catalina.core.ApplicationContext.log Manager: list: Listing contexts for virtual host 'localhost'
20-Mar-2018 21:55:42.798 INFO [http-nio-9090-exec-15] org.apache.catalina.core.ApplicationContext.log Manager: restart: Reloading web application '/EmpMng'
20-Mar-2018 22:03:12.316 INFO [http-nio-9090-exec-30] org.apache.catalina.core.ApplicationContext.log Manager: list: Listing contexts for virtual host 'localhost'
20-Mar-2018 22:03:12.333 INFO [http-nio-9090-exec-28] org.apache.catalina.core.ApplicationContext.log Manager: restart: Reloading web application '/EmpMng'
20-Mar-2018 22:26:09.994 INFO [http-nio-9090-exec-40] org.apache.catalina.core.ApplicationContext.log Manager: list: Listing contexts for virtual host 'localhost'
20-Mar-2018 22:26:10.077 INFO [http-nio-9090-exec-31] org.apache.catalina.core.ApplicationContext.log Manager: restart: Reloading web application '/EmpMng'
20-Mar-2018 22:37:15.483 INFO [http-nio-9090-exec-50] org.apache.catalina.core.ApplicationContext.log Manager: list: Listing contexts for virtual host 'localhost'
20-Mar-2018 22:37:15.499 INFO [http-nio-9090-exec-41] org.apache.catalina.core.ApplicationContext.log Manager: restart: Reloading web application '/EmpMng'
20-Mar-2018 22:43:02.915 INFO [http-nio-9090-exec-52] org.apache.catalina.core.ApplicationContext.log Manager: list: Listing contexts for virtual host 'localhost'
20-Mar-2018 22:43:02.935 INFO [http-nio-9090-exec-53] org.apache.catalina.core.ApplicationContext.log Manager: restart: Reloading web application '/EmpMng'
20-Mar-2018 22:54:53.535 INFO [http-nio-9090-exec-65] org.apache.catalina.core.ApplicationContext.log Manager: list: Listing contexts for virtual host 'localhost'
20-Mar-2018 22:54:53.673 INFO [http-nio-9090-exec-58] org.apache.catalina.core.ApplicationContext.log Manager: restart: Reloading web application '/EmpMng'
