23-Mar-2018 23:21:09.950 INFO [http-nio-9090-exec-5] org.apache.catalina.core.ApplicationContext.log Manager: init: Associated with Deployer 'Catalina:type=Deployer,host=localhost'
23-Mar-2018 23:21:09.950 INFO [http-nio-9090-exec-5] org.apache.catalina.core.ApplicationContext.log Manager: init: Global resources are available
23-Mar-2018 23:21:10.045 INFO [http-nio-9090-exec-7] org.apache.catalina.core.ApplicationContext.log Manager: list: Listing contexts for virtual host 'localhost'
23-Mar-2018 23:21:10.056 INFO [http-nio-9090-exec-8] org.apache.catalina.core.ApplicationContext.log Manager: list: Listing contexts for virtual host 'localhost'
23-Mar-2018 23:21:10.161 INFO [http-nio-9090-exec-9] org.apache.catalina.core.ApplicationContext.log Manager: install: Installing context configuration at 'file:/C:/Users/BAPPY'~1/AppData/Local/Temp/context7286755920884230432.xml'
23-Mar-2018 23:21:10.459 INFO [http-nio-9090-exec-10] org.apache.catalina.core.ApplicationContext.log Manager: start: Starting web application '/BloodForLifeCommunity'
23-Mar-2018 23:21:53.727 INFO [http-nio-9090-exec-5] org.apache.catalina.core.ApplicationContext.log Manager: list: Listing contexts for virtual host 'localhost'
23-Mar-2018 23:21:56.476 INFO [http-nio-9090-exec-3] org.apache.catalina.core.ApplicationContext.log Manager: list: Listing contexts for virtual host 'localhost'
23-Mar-2018 23:21:56.480 INFO [http-nio-9090-exec-2] org.apache.catalina.core.ApplicationContext.log Manager: list: Listing contexts for virtual host 'localhost'
23-Mar-2018 23:23:13.368 INFO [http-nio-9090-exec-5] org.apache.catalina.core.ApplicationContext.log Manager: list: Listing contexts for virtual host 'localhost'
23-Mar-2018 23:23:26.348 INFO [http-nio-9090-exec-8] org.apache.catalina.core.ApplicationContext.log Manager: list: Listing contexts for virtual host 'localhost'
23-Mar-2018 23:23:53.637 INFO [http-nio-9090-exec-10] org.apache.catalina.core.ApplicationContext.log Manager: list: Listing contexts for virtual host 'localhost'
23-Mar-2018 23:25:06.844 INFO [http-nio-9090-exec-1] org.apache.catalina.core.ApplicationContext.log Manager: list: Listing contexts for virtual host 'localhost'
23-Mar-2018 23:25:24.106 INFO [http-nio-9090-exec-6] org.apache.catalina.core.ApplicationContext.log Manager: list: Listing contexts for virtual host 'localhost'
23-Mar-2018 23:25:24.113 INFO [http-nio-9090-exec-5] org.apache.catalina.core.ApplicationContext.log Manager: list: Listing contexts for virtual host 'localhost'
23-Mar-2018 23:26:09.956 INFO [http-nio-9090-exec-6] org.apache.catalina.core.ApplicationContext.log Manager: list: Listing contexts for virtual host 'localhost'
23-Mar-2018 23:26:09.960 INFO [http-nio-9090-exec-8] org.apache.catalina.core.ApplicationContext.log Manager: list: Listing contexts for virtual host 'localhost'
23-Mar-2018 23:26:59.632 INFO [http-nio-9090-exec-3] org.apache.catalina.core.ApplicationContext.log Manager: list: Listing contexts for virtual host 'localhost'
23-Mar-2018 23:27:09.610 INFO [http-nio-9090-exec-3] org.apache.catalina.core.ApplicationContext.log Manager: list: Listing contexts for virtual host 'localhost'
23-Mar-2018 23:28:03.215 INFO [http-nio-9090-exec-3] org.apache.catalina.core.ApplicationContext.log Manager: list: Listing contexts for virtual host 'localhost'
23-Mar-2018 23:29:34.372 INFO [http-nio-9090-exec-6] org.apache.catalina.core.ApplicationContext.log Manager: list: Listing contexts for virtual host 'localhost'
23-Mar-2018 23:29:53.455 INFO [http-nio-9090-exec-9] org.apache.catalina.core.ApplicationContext.log Manager: list: Listing contexts for virtual host 'localhost'
23-Mar-2018 23:33:10.023 INFO [http-nio-9090-exec-5] org.apache.catalina.core.ApplicationContext.log Manager: list: Listing contexts for virtual host 'localhost'
23-Mar-2018 23:39:23.784 INFO [http-nio-9090-exec-6] org.apache.catalina.core.ApplicationContext.log Manager: list: Listing contexts for virtual host 'localhost'
23-Mar-2018 23:40:25.584 INFO [http-nio-9090-exec-8] org.apache.catalina.core.ApplicationContext.log Manager: list: Listing contexts for virtual host 'localhost'
23-Mar-2018 23:41:40.255 INFO [http-nio-9090-exec-6] org.apache.catalina.core.ApplicationContext.log Manager: list: Listing contexts for virtual host 'localhost'
23-Mar-2018 23:42:04.136 INFO [http-nio-9090-exec-1] org.apache.catalina.core.ApplicationContext.log Manager: list: Listing contexts for virtual host 'localhost'
23-Mar-2018 23:45:21.865 INFO [http-nio-9090-exec-8] org.apache.catalina.core.ApplicationContext.log Manager: list: Listing contexts for virtual host 'localhost'
23-Mar-2018 23:46:12.181 INFO [http-nio-9090-exec-2] org.apache.catalina.core.ApplicationContext.log Manager: list: Listing contexts for virtual host 'localhost'
23-Mar-2018 23:46:26.069 INFO [http-nio-9090-exec-10] org.apache.catalina.core.ApplicationContext.log Manager: list: Listing contexts for virtual host 'localhost'
23-Mar-2018 23:46:43.186 INFO [http-nio-9090-exec-6] org.apache.catalina.core.ApplicationContext.log Manager: list: Listing contexts for virtual host 'localhost'
