18-Apr-2018 00:11:48.333 INFO [http-nio-9090-exec-39] org.apache.catalina.core.ApplicationContext.log Manager: list: Listing contexts for virtual host 'localhost'
18-Apr-2018 00:11:48.346 INFO [http-nio-9090-exec-41] org.apache.catalina.core.ApplicationContext.log Manager: list: Listing contexts for virtual host 'localhost'
18-Apr-2018 00:11:49.182 INFO [http-nio-9090-exec-44] org.apache.catalina.core.ApplicationContext.log Manager: restart: Reloading web application '/BloodForLifeCommunity'
18-Apr-2018 10:49:18.011 INFO [http-nio-9090-exec-8] org.apache.catalina.core.ApplicationContext.log Manager: init: Associated with Deployer 'Catalina:type=Deployer,host=localhost'
18-Apr-2018 10:49:18.011 INFO [http-nio-9090-exec-8] org.apache.catalina.core.ApplicationContext.log Manager: init: Global resources are available
18-Apr-2018 10:49:20.209 INFO [http-nio-9090-exec-5] org.apache.catalina.core.ApplicationContext.log Manager: list: Listing contexts for virtual host 'localhost'
18-Apr-2018 10:49:20.226 INFO [http-nio-9090-exec-4] org.apache.catalina.core.ApplicationContext.log Manager: list: Listing contexts for virtual host 'localhost'
18-Apr-2018 10:49:20.803 INFO [http-nio-9090-exec-6] org.apache.catalina.core.ApplicationContext.log Manager: restart: Reloading web application '/BloodForLifeCommunity'
18-Apr-2018 10:50:53.315 INFO [http-nio-9090-exec-13] org.apache.catalina.core.ApplicationContext.log Manager: list: Listing contexts for virtual host 'localhost'
18-Apr-2018 10:50:53.330 INFO [http-nio-9090-exec-14] org.apache.catalina.core.ApplicationContext.log Manager: restart: Reloading web application '/BloodForLifeCommunity'
18-Apr-2018 10:56:31.018 INFO [http-nio-9090-exec-26] org.apache.catalina.core.ApplicationContext.log Manager: list: Listing contexts for virtual host 'localhost'
18-Apr-2018 10:56:31.065 INFO [http-nio-9090-exec-21] org.apache.catalina.core.ApplicationContext.log Manager: restart: Reloading web application '/BloodForLifeCommunity'
18-Apr-2018 10:58:52.760 INFO [http-nio-9090-exec-28] org.apache.catalina.core.ApplicationContext.log Manager: list: Listing contexts for virtual host 'localhost'
18-Apr-2018 10:58:52.773 INFO [http-nio-9090-exec-32] org.apache.catalina.core.ApplicationContext.log Manager: restart: Reloading web application '/BloodForLifeCommunity'
18-Apr-2018 11:02:14.948 INFO [http-nio-9090-exec-39] org.apache.catalina.core.ApplicationContext.log Manager: list: Listing contexts for virtual host 'localhost'
18-Apr-2018 11:02:14.959 INFO [http-nio-9090-exec-41] org.apache.catalina.core.ApplicationContext.log Manager: restart: Reloading web application '/BloodForLifeCommunity'
18-Apr-2018 11:03:21.315 INFO [http-nio-9090-exec-46] org.apache.catalina.core.ApplicationContext.log Manager: list: Listing contexts for virtual host 'localhost'
18-Apr-2018 11:03:21.330 INFO [http-nio-9090-exec-47] org.apache.catalina.core.ApplicationContext.log Manager: restart: Reloading web application '/BloodForLifeCommunity'
18-Apr-2018 11:04:19.194 INFO [http-nio-9090-exec-48] org.apache.catalina.core.ApplicationContext.log Manager: list: Listing contexts for virtual host 'localhost'
18-Apr-2018 11:04:19.205 INFO [http-nio-9090-exec-28] org.apache.catalina.core.ApplicationContext.log Manager: restart: Reloading web application '/BloodForLifeCommunity'
18-Apr-2018 11:04:37.208 INFO [http-nio-9090-exec-37] org.apache.catalina.core.ApplicationContext.log Manager: list: Listing contexts for virtual host 'localhost'
18-Apr-2018 11:04:37.225 INFO [http-nio-9090-exec-54] org.apache.catalina.core.ApplicationContext.log Manager: restart: Reloading web application '/BloodForLifeCommunity'
18-Apr-2018 11:05:04.267 INFO [http-nio-9090-exec-46] org.apache.catalina.core.ApplicationContext.log Manager: list: Listing contexts for virtual host 'localhost'
18-Apr-2018 11:05:04.280 INFO [http-nio-9090-exec-40] org.apache.catalina.core.ApplicationContext.log Manager: restart: Reloading web application '/BloodForLifeCommunity'
18-Apr-2018 11:07:59.740 INFO [http-nio-9090-exec-61] org.apache.catalina.core.ApplicationContext.log Manager: list: Listing contexts for virtual host 'localhost'
18-Apr-2018 11:10:42.709 INFO [http-nio-9090-exec-64] org.apache.catalina.core.ApplicationContext.log Manager: list: Listing contexts for virtual host 'localhost'
18-Apr-2018 11:10:49.804 INFO [http-nio-9090-exec-67] org.apache.catalina.core.ApplicationContext.log Manager: list: Listing contexts for virtual host 'localhost'
18-Apr-2018 11:12:24.595 INFO [http-nio-9090-exec-64] org.apache.catalina.core.ApplicationContext.log Manager: list: Listing contexts for virtual host 'localhost'
18-Apr-2018 11:12:47.183 INFO [http-nio-9090-exec-63] org.apache.catalina.core.ApplicationContext.log Manager: list: Listing contexts for virtual host 'localhost'
18-Apr-2018 11:14:10.073 INFO [http-nio-9090-exec-61] org.apache.catalina.core.ApplicationContext.log Manager: list: Listing contexts for virtual host 'localhost'
18-Apr-2018 11:14:43.359 INFO [http-nio-9090-exec-69] org.apache.catalina.core.ApplicationContext.log Manager: list: Listing contexts for virtual host 'localhost'
18-Apr-2018 11:20:17.112 INFO [http-nio-9090-exec-66] org.apache.catalina.core.ApplicationContext.log Manager: list: Listing contexts for virtual host 'localhost'
18-Apr-2018 11:20:27.733 INFO [http-nio-9090-exec-61] org.apache.catalina.core.ApplicationContext.log Manager: list: Listing contexts for virtual host 'localhost'
18-Apr-2018 11:21:06.432 INFO [http-nio-9090-exec-68] org.apache.catalina.core.ApplicationContext.log Manager: list: Listing contexts for virtual host 'localhost'
18-Apr-2018 11:21:54.021 INFO [http-nio-9090-exec-63] org.apache.catalina.core.ApplicationContext.log Manager: list: Listing contexts for virtual host 'localhost'
18-Apr-2018 11:22:18.918 INFO [http-nio-9090-exec-65] org.apache.catalina.core.ApplicationContext.log Manager: list: Listing contexts for virtual host 'localhost'
18-Apr-2018 11:22:25.359 INFO [http-nio-9090-exec-61] org.apache.catalina.core.ApplicationContext.log Manager: list: Listing contexts for virtual host 'localhost'
18-Apr-2018 11:22:25.364 INFO [http-nio-9090-exec-65] org.apache.catalina.core.ApplicationContext.log Manager: list: Listing contexts for virtual host 'localhost'
18-Apr-2018 11:22:25.538 INFO [http-nio-9090-exec-60] org.apache.catalina.core.ApplicationContext.log Manager: restart: Reloading web application '/BloodForLifeCommunity'
18-Apr-2018 11:23:38.609 INFO [http-nio-9090-exec-72] org.apache.catalina.core.ApplicationContext.log Manager: list: Listing contexts for virtual host 'localhost'
18-Apr-2018 11:26:39.558 INFO [http-nio-9090-exec-73] org.apache.catalina.core.ApplicationContext.log Manager: list: Listing contexts for virtual host 'localhost'
18-Apr-2018 11:27:03.352 INFO [http-nio-9090-exec-73] org.apache.catalina.core.ApplicationContext.log Manager: list: Listing contexts for virtual host 'localhost'
18-Apr-2018 11:27:17.094 INFO [http-nio-9090-exec-73] org.apache.catalina.core.ApplicationContext.log Manager: list: Listing contexts for virtual host 'localhost'
18-Apr-2018 11:27:54.198 INFO [http-nio-9090-exec-73] org.apache.catalina.core.ApplicationContext.log Manager: list: Listing contexts for virtual host 'localhost'
18-Apr-2018 11:28:43.517 INFO [http-nio-9090-exec-77] org.apache.catalina.core.ApplicationContext.log Manager: list: Listing contexts for virtual host 'localhost'
18-Apr-2018 11:28:59.787 INFO [http-nio-9090-exec-72] org.apache.catalina.core.ApplicationContext.log Manager: list: Listing contexts for virtual host 'localhost'
18-Apr-2018 11:29:33.324 INFO [http-nio-9090-exec-77] org.apache.catalina.core.ApplicationContext.log Manager: list: Listing contexts for virtual host 'localhost'
18-Apr-2018 11:30:20.923 INFO [http-nio-9090-exec-79] org.apache.catalina.core.ApplicationContext.log Manager: list: Listing contexts for virtual host 'localhost'
18-Apr-2018 11:34:10.705 INFO [http-nio-9090-exec-77] org.apache.catalina.core.ApplicationContext.log Manager: list: Listing contexts for virtual host 'localhost'
18-Apr-2018 11:35:38.549 INFO [http-nio-9090-exec-70] org.apache.catalina.core.ApplicationContext.log Manager: list: Listing contexts for virtual host 'localhost'
18-Apr-2018 11:36:09.302 INFO [http-nio-9090-exec-73] org.apache.catalina.core.ApplicationContext.log Manager: list: Listing contexts for virtual host 'localhost'
18-Apr-2018 11:36:39.295 INFO [http-nio-9090-exec-73] org.apache.catalina.core.ApplicationContext.log Manager: list: Listing contexts for virtual host 'localhost'
18-Apr-2018 11:37:11.208 INFO [http-nio-9090-exec-71] org.apache.catalina.core.ApplicationContext.log Manager: list: Listing contexts for virtual host 'localhost'
18-Apr-2018 11:38:12.115 INFO [http-nio-9090-exec-78] org.apache.catalina.core.ApplicationContext.log Manager: list: Listing contexts for virtual host 'localhost'
18-Apr-2018 11:39:10.991 INFO [http-nio-9090-exec-77] org.apache.catalina.core.ApplicationContext.log Manager: list: Listing contexts for virtual host 'localhost'
18-Apr-2018 15:10:12.429 INFO [http-nio-9090-exec-1] org.apache.catalina.core.ApplicationContext.log Manager: init: Associated with Deployer 'Catalina:type=Deployer,host=localhost'
18-Apr-2018 15:10:12.429 INFO [http-nio-9090-exec-1] org.apache.catalina.core.ApplicationContext.log Manager: init: Global resources are available
18-Apr-2018 15:10:13.200 INFO [http-nio-9090-exec-9] org.apache.catalina.core.ApplicationContext.log Manager: list: Listing contexts for virtual host 'localhost'
18-Apr-2018 15:10:13.211 INFO [http-nio-9090-exec-2] org.apache.catalina.core.ApplicationContext.log Manager: list: Listing contexts for virtual host 'localhost'
18-Apr-2018 15:10:13.404 INFO [http-nio-9090-exec-5] org.apache.catalina.core.ApplicationContext.log Manager: restart: Reloading web application '/BloodForLifeCommunity'
18-Apr-2018 15:12:08.366 INFO [http-nio-9090-exec-11] org.apache.catalina.core.ApplicationContext.log Manager: list: Listing contexts for virtual host 'localhost'
18-Apr-2018 15:12:27.575 INFO [http-nio-9090-exec-15] org.apache.catalina.core.ApplicationContext.log Manager: list: Listing contexts for virtual host 'localhost'
18-Apr-2018 15:15:34.517 INFO [http-nio-9090-exec-20] org.apache.catalina.core.ApplicationContext.log Manager: list: Listing contexts for virtual host 'localhost'
18-Apr-2018 15:16:59.291 INFO [http-nio-9090-exec-16] org.apache.catalina.core.ApplicationContext.log Manager: list: Listing contexts for virtual host 'localhost'
18-Apr-2018 15:17:35.338 INFO [http-nio-9090-exec-17] org.apache.catalina.core.ApplicationContext.log Manager: list: Listing contexts for virtual host 'localhost'
18-Apr-2018 15:18:11.125 INFO [http-nio-9090-exec-18] org.apache.catalina.core.ApplicationContext.log Manager: list: Listing contexts for virtual host 'localhost'
18-Apr-2018 15:18:25.121 INFO [http-nio-9090-exec-13] org.apache.catalina.core.ApplicationContext.log Manager: list: Listing contexts for virtual host 'localhost'
18-Apr-2018 15:19:17.200 INFO [http-nio-9090-exec-19] org.apache.catalina.core.ApplicationContext.log Manager: list: Listing contexts for virtual host 'localhost'
18-Apr-2018 15:20:40.178 INFO [http-nio-9090-exec-14] org.apache.catalina.core.ApplicationContext.log Manager: list: Listing contexts for virtual host 'localhost'
18-Apr-2018 15:21:09.735 INFO [http-nio-9090-exec-19] org.apache.catalina.core.ApplicationContext.log Manager: list: Listing contexts for virtual host 'localhost'
18-Apr-2018 15:22:29.008 INFO [http-nio-9090-exec-17] org.apache.catalina.core.ApplicationContext.log Manager: list: Listing contexts for virtual host 'localhost'
18-Apr-2018 15:25:02.617 INFO [http-nio-9090-exec-13] org.apache.catalina.core.ApplicationContext.log Manager: list: Listing contexts for virtual host 'localhost'
18-Apr-2018 15:25:57.827 INFO [http-nio-9090-exec-12] org.apache.catalina.core.ApplicationContext.log Manager: list: Listing contexts for virtual host 'localhost'
18-Apr-2018 15:26:07.762 INFO [http-nio-9090-exec-20] org.apache.catalina.core.ApplicationContext.log Manager: list: Listing contexts for virtual host 'localhost'
18-Apr-2018 15:27:26.491 INFO [http-nio-9090-exec-15] org.apache.catalina.core.ApplicationContext.log Manager: list: Listing contexts for virtual host 'localhost'
18-Apr-2018 15:27:52.640 INFO [http-nio-9090-exec-18] org.apache.catalina.core.ApplicationContext.log Manager: list: Listing contexts for virtual host 'localhost'
18-Apr-2018 15:29:22.224 INFO [http-nio-9090-exec-13] org.apache.catalina.core.ApplicationContext.log Manager: list: Listing contexts for virtual host 'localhost'
18-Apr-2018 15:29:53.695 INFO [http-nio-9090-exec-18] org.apache.catalina.core.ApplicationContext.log Manager: list: Listing contexts for virtual host 'localhost'
18-Apr-2018 15:31:03.357 INFO [http-nio-9090-exec-20] org.apache.catalina.core.ApplicationContext.log Manager: list: Listing contexts for virtual host 'localhost'
18-Apr-2018 15:32:16.496 INFO [http-nio-9090-exec-14] org.apache.catalina.core.ApplicationContext.log Manager: list: Listing contexts for virtual host 'localhost'
18-Apr-2018 15:32:16.496 INFO [http-nio-9090-exec-12] org.apache.catalina.core.ApplicationContext.log Manager: list: Listing contexts for virtual host 'localhost'
18-Apr-2018 15:32:16.680 INFO [http-nio-9090-exec-18] org.apache.catalina.core.ApplicationContext.log Manager: restart: Reloading web application '/BloodForLifeCommunity'
18-Apr-2018 15:32:46.311 INFO [http-nio-9090-exec-23] org.apache.catalina.core.ApplicationContext.log Manager: list: Listing contexts for virtual host 'localhost'
18-Apr-2018 15:33:26.176 INFO [http-nio-9090-exec-22] org.apache.catalina.core.ApplicationContext.log Manager: list: Listing contexts for virtual host 'localhost'
18-Apr-2018 15:33:59.329 INFO [http-nio-9090-exec-11] org.apache.catalina.core.ApplicationContext.log Manager: list: Listing contexts for virtual host 'localhost'
18-Apr-2018 15:34:23.674 INFO [http-nio-9090-exec-22] org.apache.catalina.core.ApplicationContext.log Manager: list: Listing contexts for virtual host 'localhost'
18-Apr-2018 15:34:50.382 INFO [http-nio-9090-exec-21] org.apache.catalina.core.ApplicationContext.log Manager: list: Listing contexts for virtual host 'localhost'
18-Apr-2018 15:35:18.934 INFO [http-nio-9090-exec-27] org.apache.catalina.core.ApplicationContext.log Manager: list: Listing contexts for virtual host 'localhost'
18-Apr-2018 15:35:28.343 INFO [http-nio-9090-exec-26] org.apache.catalina.core.ApplicationContext.log Manager: list: Listing contexts for virtual host 'localhost'
18-Apr-2018 15:36:05.845 INFO [http-nio-9090-exec-27] org.apache.catalina.core.ApplicationContext.log Manager: list: Listing contexts for virtual host 'localhost'
18-Apr-2018 15:36:18.522 INFO [http-nio-9090-exec-23] org.apache.catalina.core.ApplicationContext.log Manager: list: Listing contexts for virtual host 'localhost'
18-Apr-2018 15:36:51.597 INFO [http-nio-9090-exec-30] org.apache.catalina.core.ApplicationContext.log Manager: list: Listing contexts for virtual host 'localhost'
18-Apr-2018 15:38:10.144 INFO [http-nio-9090-exec-28] org.apache.catalina.core.ApplicationContext.log Manager: list: Listing contexts for virtual host 'localhost'
18-Apr-2018 15:38:19.025 INFO [http-nio-9090-exec-22] org.apache.catalina.core.ApplicationContext.log Manager: list: Listing contexts for virtual host 'localhost'
18-Apr-2018 15:39:09.316 INFO [http-nio-9090-exec-25] org.apache.catalina.core.ApplicationContext.log Manager: list: Listing contexts for virtual host 'localhost'
18-Apr-2018 15:45:15.814 INFO [http-nio-9090-exec-24] org.apache.catalina.core.ApplicationContext.log Manager: list: Listing contexts for virtual host 'localhost'
18-Apr-2018 15:45:53.922 INFO [http-nio-9090-exec-26] org.apache.catalina.core.ApplicationContext.log Manager: list: Listing contexts for virtual host 'localhost'
18-Apr-2018 15:46:39.830 INFO [http-nio-9090-exec-21] org.apache.catalina.core.ApplicationContext.log Manager: list: Listing contexts for virtual host 'localhost'
18-Apr-2018 15:47:23.392 INFO [http-nio-9090-exec-22] org.apache.catalina.core.ApplicationContext.log Manager: list: Listing contexts for virtual host 'localhost'
18-Apr-2018 15:48:20.876 INFO [http-nio-9090-exec-28] org.apache.catalina.core.ApplicationContext.log Manager: list: Listing contexts for virtual host 'localhost'
18-Apr-2018 15:48:43.061 INFO [http-nio-9090-exec-23] org.apache.catalina.core.ApplicationContext.log Manager: list: Listing contexts for virtual host 'localhost'
18-Apr-2018 15:48:51.238 INFO [http-nio-9090-exec-23] org.apache.catalina.core.ApplicationContext.log Manager: list: Listing contexts for virtual host 'localhost'
18-Apr-2018 15:49:24.662 INFO [http-nio-9090-exec-30] org.apache.catalina.core.ApplicationContext.log Manager: list: Listing contexts for virtual host 'localhost'
18-Apr-2018 15:49:39.903 INFO [http-nio-9090-exec-21] org.apache.catalina.core.ApplicationContext.log Manager: list: Listing contexts for virtual host 'localhost'
18-Apr-2018 15:50:35.058 INFO [http-nio-9090-exec-25] org.apache.catalina.core.ApplicationContext.log Manager: list: Listing contexts for virtual host 'localhost'
18-Apr-2018 15:51:20.969 INFO [http-nio-9090-exec-24] org.apache.catalina.core.ApplicationContext.log Manager: list: Listing contexts for virtual host 'localhost'
18-Apr-2018 16:04:29.918 INFO [http-nio-9090-exec-25] org.apache.catalina.core.ApplicationContext.log Manager: list: Listing contexts for virtual host 'localhost'
18-Apr-2018 16:05:57.397 INFO [http-nio-9090-exec-29] org.apache.catalina.core.ApplicationContext.log Manager: list: Listing contexts for virtual host 'localhost'
18-Apr-2018 16:06:15.186 INFO [http-nio-9090-exec-25] org.apache.catalina.core.ApplicationContext.log Manager: list: Listing contexts for virtual host 'localhost'
18-Apr-2018 16:06:36.372 INFO [http-nio-9090-exec-30] org.apache.catalina.core.ApplicationContext.log Manager: list: Listing contexts for virtual host 'localhost'
18-Apr-2018 16:07:05.976 INFO [http-nio-9090-exec-26] org.apache.catalina.core.ApplicationContext.log Manager: list: Listing contexts for virtual host 'localhost'
18-Apr-2018 16:07:15.427 INFO [http-nio-9090-exec-24] org.apache.catalina.core.ApplicationContext.log Manager: list: Listing contexts for virtual host 'localhost'
18-Apr-2018 16:07:15.432 INFO [http-nio-9090-exec-23] org.apache.catalina.core.ApplicationContext.log Manager: list: Listing contexts for virtual host 'localhost'
18-Apr-2018 16:07:15.618 INFO [http-nio-9090-exec-27] org.apache.catalina.core.ApplicationContext.log Manager: restart: Reloading web application '/BloodForLifeCommunity'
18-Apr-2018 16:08:04.804 INFO [http-nio-9090-exec-29] org.apache.catalina.core.ApplicationContext.log Manager: list: Listing contexts for virtual host 'localhost'
18-Apr-2018 16:08:40.434 INFO [http-nio-9090-exec-31] org.apache.catalina.core.ApplicationContext.log Manager: list: Listing contexts for virtual host 'localhost'
18-Apr-2018 16:09:29.567 INFO [http-nio-9090-exec-26] org.apache.catalina.core.ApplicationContext.log Manager: list: Listing contexts for virtual host 'localhost'
18-Apr-2018 16:09:45.406 INFO [http-nio-9090-exec-33] org.apache.catalina.core.ApplicationContext.log Manager: list: Listing contexts for virtual host 'localhost'
18-Apr-2018 16:14:10.150 INFO [http-nio-9090-exec-35] org.apache.catalina.core.ApplicationContext.log Manager: list: Listing contexts for virtual host 'localhost'
18-Apr-2018 16:14:20.226 INFO [http-nio-9090-exec-31] org.apache.catalina.core.ApplicationContext.log Manager: list: Listing contexts for virtual host 'localhost'
18-Apr-2018 16:14:41.983 INFO [http-nio-9090-exec-33] org.apache.catalina.core.ApplicationContext.log Manager: list: Listing contexts for virtual host 'localhost'
18-Apr-2018 16:15:39.452 INFO [http-nio-9090-exec-32] org.apache.catalina.core.ApplicationContext.log Manager: list: Listing contexts for virtual host 'localhost'
18-Apr-2018 16:16:34.558 INFO [http-nio-9090-exec-38] org.apache.catalina.core.ApplicationContext.log Manager: list: Listing contexts for virtual host 'localhost'
18-Apr-2018 16:19:15.562 INFO [http-nio-9090-exec-40] org.apache.catalina.core.ApplicationContext.log Manager: list: Listing contexts for virtual host 'localhost'
18-Apr-2018 16:20:00.732 INFO [http-nio-9090-exec-33] org.apache.catalina.core.ApplicationContext.log Manager: list: Listing contexts for virtual host 'localhost'
18-Apr-2018 16:20:30.273 INFO [http-nio-9090-exec-36] org.apache.catalina.core.ApplicationContext.log Manager: list: Listing contexts for virtual host 'localhost'
18-Apr-2018 16:22:07.114 INFO [http-nio-9090-exec-37] org.apache.catalina.core.ApplicationContext.log Manager: list: Listing contexts for virtual host 'localhost'
18-Apr-2018 16:22:47.706 INFO [http-nio-9090-exec-35] org.apache.catalina.core.ApplicationContext.log Manager: list: Listing contexts for virtual host 'localhost'
18-Apr-2018 16:23:24.961 INFO [http-nio-9090-exec-38] org.apache.catalina.core.ApplicationContext.log Manager: list: Listing contexts for virtual host 'localhost'
18-Apr-2018 16:24:32.399 INFO [http-nio-9090-exec-33] org.apache.catalina.core.ApplicationContext.log Manager: list: Listing contexts for virtual host 'localhost'
18-Apr-2018 16:24:56.510 INFO [http-nio-9090-exec-38] org.apache.catalina.core.ApplicationContext.log Manager: list: Listing contexts for virtual host 'localhost'
18-Apr-2018 16:25:15.157 INFO [http-nio-9090-exec-37] org.apache.catalina.core.ApplicationContext.log Manager: list: Listing contexts for virtual host 'localhost'
18-Apr-2018 16:25:32.706 INFO [http-nio-9090-exec-32] org.apache.catalina.core.ApplicationContext.log Manager: list: Listing contexts for virtual host 'localhost'
18-Apr-2018 16:25:59.745 INFO [http-nio-9090-exec-34] org.apache.catalina.core.ApplicationContext.log Manager: list: Listing contexts for virtual host 'localhost'
18-Apr-2018 16:26:36.478 INFO [http-nio-9090-exec-32] org.apache.catalina.core.ApplicationContext.log Manager: list: Listing contexts for virtual host 'localhost'
18-Apr-2018 16:26:59.344 INFO [http-nio-9090-exec-33] org.apache.catalina.core.ApplicationContext.log Manager: list: Listing contexts for virtual host 'localhost'
18-Apr-2018 16:27:07.512 INFO [http-nio-9090-exec-40] org.apache.catalina.core.ApplicationContext.log Manager: list: Listing contexts for virtual host 'localhost'
18-Apr-2018 16:28:21.452 INFO [http-nio-9090-exec-39] org.apache.catalina.core.ApplicationContext.log Manager: list: Listing contexts for virtual host 'localhost'
18-Apr-2018 16:30:00.973 INFO [http-nio-9090-exec-35] org.apache.catalina.core.ApplicationContext.log Manager: list: Listing contexts for virtual host 'localhost'
18-Apr-2018 16:31:34.200 INFO [http-nio-9090-exec-35] org.apache.catalina.core.ApplicationContext.log Manager: list: Listing contexts for virtual host 'localhost'
18-Apr-2018 16:31:50.379 INFO [http-nio-9090-exec-31] org.apache.catalina.core.ApplicationContext.log Manager: list: Listing contexts for virtual host 'localhost'
18-Apr-2018 16:33:22.086 INFO [http-nio-9090-exec-38] org.apache.catalina.core.ApplicationContext.log Manager: list: Listing contexts for virtual host 'localhost'
18-Apr-2018 16:33:47.520 INFO [http-nio-9090-exec-34] org.apache.catalina.core.ApplicationContext.log Manager: list: Listing contexts for virtual host 'localhost'
18-Apr-2018 16:34:12.298 INFO [http-nio-9090-exec-39] org.apache.catalina.core.ApplicationContext.log Manager: list: Listing contexts for virtual host 'localhost'
18-Apr-2018 16:34:29.609 INFO [http-nio-9090-exec-39] org.apache.catalina.core.ApplicationContext.log Manager: list: Listing contexts for virtual host 'localhost'
18-Apr-2018 16:34:29.614 INFO [http-nio-9090-exec-40] org.apache.catalina.core.ApplicationContext.log Manager: list: Listing contexts for virtual host 'localhost'
18-Apr-2018 16:34:29.782 INFO [http-nio-9090-exec-38] org.apache.catalina.core.ApplicationContext.log Manager: restart: Reloading web application '/BloodForLifeCommunity'
18-Apr-2018 16:35:31.309 INFO [http-nio-9090-exec-42] org.apache.catalina.core.ApplicationContext.log Manager: list: Listing contexts for virtual host 'localhost'
18-Apr-2018 16:36:50.185 INFO [http-nio-9090-exec-41] org.apache.catalina.core.ApplicationContext.log Manager: list: Listing contexts for virtual host 'localhost'
18-Apr-2018 16:37:45.840 INFO [http-nio-9090-exec-49] org.apache.catalina.core.ApplicationContext.log Manager: list: Listing contexts for virtual host 'localhost'
18-Apr-2018 16:38:10.902 INFO [http-nio-9090-exec-50] org.apache.catalina.core.ApplicationContext.log Manager: list: Listing contexts for virtual host 'localhost'
18-Apr-2018 16:38:47.786 INFO [http-nio-9090-exec-44] org.apache.catalina.core.ApplicationContext.log Manager: list: Listing contexts for virtual host 'localhost'
18-Apr-2018 16:39:40.298 INFO [http-nio-9090-exec-49] org.apache.catalina.core.ApplicationContext.log Manager: list: Listing contexts for virtual host 'localhost'
18-Apr-2018 16:40:28.047 INFO [http-nio-9090-exec-50] org.apache.catalina.core.ApplicationContext.log Manager: list: Listing contexts for virtual host 'localhost'
18-Apr-2018 16:40:50.468 INFO [http-nio-9090-exec-47] org.apache.catalina.core.ApplicationContext.log Manager: list: Listing contexts for virtual host 'localhost'
18-Apr-2018 16:41:14.861 INFO [http-nio-9090-exec-48] org.apache.catalina.core.ApplicationContext.log Manager: list: Listing contexts for virtual host 'localhost'
18-Apr-2018 16:41:48.712 INFO [http-nio-9090-exec-41] org.apache.catalina.core.ApplicationContext.log Manager: list: Listing contexts for virtual host 'localhost'
18-Apr-2018 16:41:56.307 INFO [http-nio-9090-exec-45] org.apache.catalina.core.ApplicationContext.log Manager: list: Listing contexts for virtual host 'localhost'
18-Apr-2018 16:42:15.177 INFO [http-nio-9090-exec-45] org.apache.catalina.core.ApplicationContext.log Manager: list: Listing contexts for virtual host 'localhost'
18-Apr-2018 16:42:33.120 INFO [http-nio-9090-exec-41] org.apache.catalina.core.ApplicationContext.log Manager: list: Listing contexts for virtual host 'localhost'
18-Apr-2018 16:43:19.960 INFO [http-nio-9090-exec-50] org.apache.catalina.core.ApplicationContext.log Manager: list: Listing contexts for virtual host 'localhost'
18-Apr-2018 16:43:43.056 INFO [http-nio-9090-exec-42] org.apache.catalina.core.ApplicationContext.log Manager: list: Listing contexts for virtual host 'localhost'
18-Apr-2018 16:43:55.997 INFO [http-nio-9090-exec-45] org.apache.catalina.core.ApplicationContext.log Manager: list: Listing contexts for virtual host 'localhost'
18-Apr-2018 16:44:20.404 INFO [http-nio-9090-exec-46] org.apache.catalina.core.ApplicationContext.log Manager: list: Listing contexts for virtual host 'localhost'
18-Apr-2018 16:45:00.108 INFO [http-nio-9090-exec-41] org.apache.catalina.core.ApplicationContext.log Manager: list: Listing contexts for virtual host 'localhost'
18-Apr-2018 16:45:21.424 INFO [http-nio-9090-exec-43] org.apache.catalina.core.ApplicationContext.log Manager: list: Listing contexts for virtual host 'localhost'
18-Apr-2018 16:45:38.590 INFO [http-nio-9090-exec-42] org.apache.catalina.core.ApplicationContext.log Manager: list: Listing contexts for virtual host 'localhost'
18-Apr-2018 16:45:59.820 INFO [http-nio-9090-exec-44] org.apache.catalina.core.ApplicationContext.log Manager: list: Listing contexts for virtual host 'localhost'
18-Apr-2018 16:46:16.894 INFO [http-nio-9090-exec-43] org.apache.catalina.core.ApplicationContext.log Manager: list: Listing contexts for virtual host 'localhost'
18-Apr-2018 16:47:09.248 INFO [http-nio-9090-exec-45] org.apache.catalina.core.ApplicationContext.log Manager: list: Listing contexts for virtual host 'localhost'
18-Apr-2018 16:47:31.175 INFO [http-nio-9090-exec-47] org.apache.catalina.core.ApplicationContext.log Manager: list: Listing contexts for virtual host 'localhost'
18-Apr-2018 16:47:42.598 INFO [http-nio-9090-exec-45] org.apache.catalina.core.ApplicationContext.log Manager: list: Listing contexts for virtual host 'localhost'
18-Apr-2018 16:48:13.089 INFO [http-nio-9090-exec-43] org.apache.catalina.core.ApplicationContext.log Manager: list: Listing contexts for virtual host 'localhost'
18-Apr-2018 16:48:38.140 INFO [http-nio-9090-exec-44] org.apache.catalina.core.ApplicationContext.log Manager: list: Listing contexts for virtual host 'localhost'
18-Apr-2018 16:48:59.369 INFO [http-nio-9090-exec-48] org.apache.catalina.core.ApplicationContext.log Manager: list: Listing contexts for virtual host 'localhost'
18-Apr-2018 16:49:23.171 INFO [http-nio-9090-exec-45] org.apache.catalina.core.ApplicationContext.log Manager: list: Listing contexts for virtual host 'localhost'
18-Apr-2018 16:49:47.402 INFO [http-nio-9090-exec-43] org.apache.catalina.core.ApplicationContext.log Manager: list: Listing contexts for virtual host 'localhost'
18-Apr-2018 19:06:58.598 INFO [http-nio-9090-exec-9] org.apache.catalina.core.ApplicationContext.log Manager: init: Associated with Deployer 'Catalina:type=Deployer,host=localhost'
18-Apr-2018 19:06:58.598 INFO [http-nio-9090-exec-9] org.apache.catalina.core.ApplicationContext.log Manager: init: Global resources are available
18-Apr-2018 19:07:01.096 INFO [http-nio-9090-exec-2] org.apache.catalina.core.ApplicationContext.log Manager: list: Listing contexts for virtual host 'localhost'
18-Apr-2018 19:07:01.111 INFO [http-nio-9090-exec-7] org.apache.catalina.core.ApplicationContext.log Manager: list: Listing contexts for virtual host 'localhost'
18-Apr-2018 19:07:02.037 INFO [http-nio-9090-exec-8] org.apache.catalina.core.ApplicationContext.log Manager: restart: Reloading web application '/BloodForLifeCommunity'
18-Apr-2018 19:10:06.976 INFO [http-nio-9090-exec-11] org.apache.catalina.core.ApplicationContext.log Manager: list: Listing contexts for virtual host 'localhost'
18-Apr-2018 19:10:49.941 INFO [http-nio-9090-exec-11] org.apache.catalina.core.ApplicationContext.log Manager: list: Listing contexts for virtual host 'localhost'
18-Apr-2018 19:11:08.876 INFO [http-nio-9090-exec-16] org.apache.catalina.core.ApplicationContext.log Manager: list: Listing contexts for virtual host 'localhost'
18-Apr-2018 19:11:39.063 INFO [http-nio-9090-exec-16] org.apache.catalina.core.ApplicationContext.log Manager: list: Listing contexts for virtual host 'localhost'
18-Apr-2018 19:13:12.639 INFO [http-nio-9090-exec-13] org.apache.catalina.core.ApplicationContext.log Manager: list: Listing contexts for virtual host 'localhost'
18-Apr-2018 19:14:08.697 INFO [http-nio-9090-exec-11] org.apache.catalina.core.ApplicationContext.log Manager: list: Listing contexts for virtual host 'localhost'
18-Apr-2018 19:15:30.194 INFO [http-nio-9090-exec-16] org.apache.catalina.core.ApplicationContext.log Manager: list: Listing contexts for virtual host 'localhost'
18-Apr-2018 19:15:47.298 INFO [http-nio-9090-exec-19] org.apache.catalina.core.ApplicationContext.log Manager: list: Listing contexts for virtual host 'localhost'
18-Apr-2018 19:16:40.179 INFO [http-nio-9090-exec-20] org.apache.catalina.core.ApplicationContext.log Manager: list: Listing contexts for virtual host 'localhost'
18-Apr-2018 19:16:46.055 INFO [http-nio-9090-exec-20] org.apache.catalina.core.ApplicationContext.log Manager: list: Listing contexts for virtual host 'localhost'
18-Apr-2018 19:17:08.275 INFO [http-nio-9090-exec-13] org.apache.catalina.core.ApplicationContext.log Manager: list: Listing contexts for virtual host 'localhost'
18-Apr-2018 19:17:37.419 INFO [http-nio-9090-exec-12] org.apache.catalina.core.ApplicationContext.log Manager: list: Listing contexts for virtual host 'localhost'
18-Apr-2018 19:17:57.008 INFO [http-nio-9090-exec-18] org.apache.catalina.core.ApplicationContext.log Manager: list: Listing contexts for virtual host 'localhost'
18-Apr-2018 19:18:09.265 INFO [http-nio-9090-exec-17] org.apache.catalina.core.ApplicationContext.log Manager: list: Listing contexts for virtual host 'localhost'
18-Apr-2018 19:18:54.495 INFO [http-nio-9090-exec-15] org.apache.catalina.core.ApplicationContext.log Manager: list: Listing contexts for virtual host 'localhost'
18-Apr-2018 19:19:09.657 INFO [http-nio-9090-exec-20] org.apache.catalina.core.ApplicationContext.log Manager: list: Listing contexts for virtual host 'localhost'
18-Apr-2018 19:19:20.206 INFO [http-nio-9090-exec-20] org.apache.catalina.core.ApplicationContext.log Manager: list: Listing contexts for virtual host 'localhost'
18-Apr-2018 19:19:33.461 INFO [http-nio-9090-exec-17] org.apache.catalina.core.ApplicationContext.log Manager: list: Listing contexts for virtual host 'localhost'
18-Apr-2018 19:19:45.402 INFO [http-nio-9090-exec-15] org.apache.catalina.core.ApplicationContext.log Manager: list: Listing contexts for virtual host 'localhost'
18-Apr-2018 19:21:43.240 INFO [http-nio-9090-exec-18] org.apache.catalina.core.ApplicationContext.log Manager: list: Listing contexts for virtual host 'localhost'
18-Apr-2018 19:23:27.299 INFO [http-nio-9090-exec-20] org.apache.catalina.core.ApplicationContext.log Manager: list: Listing contexts for virtual host 'localhost'
18-Apr-2018 19:23:27.315 INFO [http-nio-9090-exec-12] org.apache.catalina.core.ApplicationContext.log Manager: restart: Reloading web application '/BloodForLifeCommunity'
18-Apr-2018 19:23:31.638 INFO [http-nio-9090-exec-21] org.apache.catalina.core.ApplicationContext.log Manager: list: Listing contexts for virtual host 'localhost'
18-Apr-2018 19:23:31.669 INFO [http-nio-9090-exec-20] org.apache.catalina.core.ApplicationContext.log Manager: restart: Reloading web application '/BloodForLifeCommunity'
18-Apr-2018 19:23:40.005 INFO [http-nio-9090-exec-15] org.apache.catalina.core.ApplicationContext.log Manager: list: Listing contexts for virtual host 'localhost'
18-Apr-2018 19:23:40.005 INFO [http-nio-9090-exec-20] org.apache.catalina.core.ApplicationContext.log Manager: restart: Reloading web application '/BloodForLifeCommunity'
18-Apr-2018 19:24:40.027 INFO [http-nio-9090-exec-20] org.apache.catalina.core.ApplicationContext.log Manager: list: Listing contexts for virtual host 'localhost'
18-Apr-2018 19:24:52.932 INFO [http-nio-9090-exec-23] org.apache.catalina.core.ApplicationContext.log Manager: list: Listing contexts for virtual host 'localhost'
18-Apr-2018 19:24:56.187 INFO [http-nio-9090-exec-18] org.apache.catalina.core.ApplicationContext.log Manager: list: Listing contexts for virtual host 'localhost'
18-Apr-2018 19:25:18.253 INFO [http-nio-9090-exec-28] org.apache.catalina.core.ApplicationContext.log Manager: list: Listing contexts for virtual host 'localhost'
18-Apr-2018 19:25:18.268 INFO [http-nio-9090-exec-29] org.apache.catalina.core.ApplicationContext.log Manager: list: Listing contexts for virtual host 'localhost'
18-Apr-2018 19:25:18.458 INFO [http-nio-9090-exec-23] org.apache.catalina.core.ApplicationContext.log Manager: restart: Reloading web application '/BloodForLifeCommunity'
18-Apr-2018 19:27:24.931 INFO [http-nio-9090-exec-35] org.apache.catalina.core.ApplicationContext.log Manager: list: Listing contexts for virtual host 'localhost'
18-Apr-2018 19:27:24.962 INFO [http-nio-9090-exec-36] org.apache.catalina.core.ApplicationContext.log Manager: undeploy: Undeploying web application at '/BloodForLifeCommunity'
18-Apr-2018 19:27:25.641 INFO [http-nio-9090-exec-30] org.apache.catalina.core.ApplicationContext.log Manager: install: Installing context configuration at 'file:/C:/Users/Bappy/AppData/Local/Temp/context4643266252536015430.xml'
18-Apr-2018 19:27:33.995 INFO [http-nio-9090-exec-32] org.apache.catalina.core.ApplicationContext.log Manager: list: Listing contexts for virtual host 'localhost'
18-Apr-2018 19:27:33.995 INFO [http-nio-9090-exec-36] org.apache.catalina.core.ApplicationContext.log Manager: list: Listing contexts for virtual host 'localhost'
18-Apr-2018 19:27:34.011 INFO [http-nio-9090-exec-38] org.apache.catalina.core.ApplicationContext.log Manager: undeploy: Undeploying web application at '/BloodForLifeCommunity'
18-Apr-2018 19:27:34.559 INFO [http-nio-9090-exec-42] org.apache.catalina.core.ApplicationContext.log Manager: install: Installing context configuration at 'file:/C:/Users/Bappy/AppData/Local/Temp/context298828507179024022.xml'
18-Apr-2018 19:27:34.887 INFO [http-nio-9090-exec-36] org.apache.catalina.core.ApplicationContext.log Manager: start: Starting web application '/BloodForLifeCommunity/home.jsp'
18-Apr-2018 19:29:01.884 INFO [http-nio-9090-exec-45] org.apache.catalina.core.ApplicationContext.log Manager: list: Listing contexts for virtual host 'localhost'
18-Apr-2018 19:29:01.900 INFO [http-nio-9090-exec-33] org.apache.catalina.core.ApplicationContext.log Manager: undeploy: Undeploying web application at '/BloodForLifeCommunity/home.jsp'
18-Apr-2018 19:29:02.428 INFO [http-nio-9090-exec-45] org.apache.catalina.core.ApplicationContext.log Manager: install: Installing context configuration at 'file:/C:/Users/Bappy/AppData/Local/Temp/context6850884706646996440.xml'
18-Apr-2018 19:38:52.422 INFO [http-nio-9090-exec-51] org.apache.catalina.core.ApplicationContext.log Manager: list: Listing contexts for virtual host 'localhost'
18-Apr-2018 19:38:52.422 INFO [http-nio-9090-exec-53] org.apache.catalina.core.ApplicationContext.log Manager: list: Listing contexts for virtual host 'localhost'
18-Apr-2018 19:38:52.453 INFO [http-nio-9090-exec-54] org.apache.catalina.core.ApplicationContext.log Manager: undeploy: Undeploying web application at '/BloodForLifeCommunity/home.jsp'
18-Apr-2018 19:38:53.047 INFO [http-nio-9090-exec-55] org.apache.catalina.core.ApplicationContext.log Manager: install: Installing context configuration at 'file:/C:/Users/Bappy/AppData/Local/Temp/context2991517518221848181.xml'
18-Apr-2018 19:38:53.495 INFO [http-nio-9090-exec-50] org.apache.catalina.core.ApplicationContext.log Manager: start: Starting web application '/BloodForLifeCommunity'
18-Apr-2018 22:06:45.178 INFO [http-nio-9090-exec-6] org.apache.catalina.core.ApplicationContext.log Manager: init: Associated with Deployer 'Catalina:type=Deployer,host=localhost'
18-Apr-2018 22:06:45.179 INFO [http-nio-9090-exec-6] org.apache.catalina.core.ApplicationContext.log Manager: init: Global resources are available
18-Apr-2018 22:06:45.792 INFO [http-nio-9090-exec-2] org.apache.catalina.core.ApplicationContext.log Manager: list: Listing contexts for virtual host 'localhost'
18-Apr-2018 22:06:45.808 INFO [http-nio-9090-exec-5] org.apache.catalina.core.ApplicationContext.log Manager: list: Listing contexts for virtual host 'localhost'
18-Apr-2018 22:06:45.998 INFO [http-nio-9090-exec-4] org.apache.catalina.core.ApplicationContext.log Manager: stop: Stopping web application '/BloodForLifeCommunity'
18-Apr-2018 22:06:46.065 INFO [http-nio-9090-exec-5] org.apache.catalina.core.ApplicationContext.log Manager: start: Starting web application '/BloodForLifeCommunity'
18-Apr-2018 22:07:55.716 INFO [http-nio-9090-exec-12] org.apache.catalina.core.ApplicationContext.log Manager: list: Listing contexts for virtual host 'localhost'
18-Apr-2018 22:08:58.267 INFO [http-nio-9090-exec-13] org.apache.catalina.core.ApplicationContext.log Manager: list: Listing contexts for virtual host 'localhost'
18-Apr-2018 22:09:59.086 INFO [http-nio-9090-exec-14] org.apache.catalina.core.ApplicationContext.log Manager: list: Listing contexts for virtual host 'localhost'
18-Apr-2018 22:10:13.582 INFO [http-nio-9090-exec-12] org.apache.catalina.core.ApplicationContext.log Manager: list: Listing contexts for virtual host 'localhost'
18-Apr-2018 22:10:26.613 INFO [http-nio-9090-exec-18] org.apache.catalina.core.ApplicationContext.log Manager: list: Listing contexts for virtual host 'localhost'
18-Apr-2018 22:11:09.764 INFO [http-nio-9090-exec-18] org.apache.catalina.core.ApplicationContext.log Manager: list: Listing contexts for virtual host 'localhost'
18-Apr-2018 22:11:24.563 INFO [http-nio-9090-exec-11] org.apache.catalina.core.ApplicationContext.log Manager: list: Listing contexts for virtual host 'localhost'
18-Apr-2018 22:12:52.065 INFO [http-nio-9090-exec-15] org.apache.catalina.core.ApplicationContext.log Manager: list: Listing contexts for virtual host 'localhost'
18-Apr-2018 22:13:05.981 INFO [http-nio-9090-exec-17] org.apache.catalina.core.ApplicationContext.log Manager: list: Listing contexts for virtual host 'localhost'
18-Apr-2018 22:15:00.316 INFO [http-nio-9090-exec-12] org.apache.catalina.core.ApplicationContext.log Manager: list: Listing contexts for virtual host 'localhost'
18-Apr-2018 22:15:19.533 INFO [http-nio-9090-exec-20] org.apache.catalina.core.ApplicationContext.log Manager: list: Listing contexts for virtual host 'localhost'
18-Apr-2018 22:16:28.132 INFO [http-nio-9090-exec-12] org.apache.catalina.core.ApplicationContext.log Manager: list: Listing contexts for virtual host 'localhost'
18-Apr-2018 22:16:54.257 INFO [http-nio-9090-exec-12] org.apache.catalina.core.ApplicationContext.log Manager: list: Listing contexts for virtual host 'localhost'
18-Apr-2018 22:17:16.380 INFO [http-nio-9090-exec-16] org.apache.catalina.core.ApplicationContext.log Manager: list: Listing contexts for virtual host 'localhost'
18-Apr-2018 22:18:16.502 INFO [http-nio-9090-exec-18] org.apache.catalina.core.ApplicationContext.log Manager: list: Listing contexts for virtual host 'localhost'
18-Apr-2018 22:27:21.857 INFO [http-nio-9090-exec-17] org.apache.catalina.core.ApplicationContext.log Manager: list: Listing contexts for virtual host 'localhost'
18-Apr-2018 22:28:34.467 INFO [http-nio-9090-exec-12] org.apache.catalina.core.ApplicationContext.log Manager: list: Listing contexts for virtual host 'localhost'
18-Apr-2018 22:28:39.087 INFO [http-nio-9090-exec-14] org.apache.catalina.core.ApplicationContext.log Manager: list: Listing contexts for virtual host 'localhost'
18-Apr-2018 22:29:07.090 INFO [http-nio-9090-exec-19] org.apache.catalina.core.ApplicationContext.log Manager: list: Listing contexts for virtual host 'localhost'
18-Apr-2018 22:29:23.789 INFO [http-nio-9090-exec-12] org.apache.catalina.core.ApplicationContext.log Manager: list: Listing contexts for virtual host 'localhost'
18-Apr-2018 22:31:22.278 INFO [http-nio-9090-exec-19] org.apache.catalina.core.ApplicationContext.log Manager: list: Listing contexts for virtual host 'localhost'
18-Apr-2018 22:31:43.079 INFO [http-nio-9090-exec-11] org.apache.catalina.core.ApplicationContext.log Manager: list: Listing contexts for virtual host 'localhost'
18-Apr-2018 22:31:56.479 INFO [http-nio-9090-exec-13] org.apache.catalina.core.ApplicationContext.log Manager: list: Listing contexts for virtual host 'localhost'
18-Apr-2018 22:33:28.545 INFO [http-nio-9090-exec-14] org.apache.catalina.core.ApplicationContext.log Manager: list: Listing contexts for virtual host 'localhost'
18-Apr-2018 22:35:43.689 INFO [http-nio-9090-exec-12] org.apache.catalina.core.ApplicationContext.log Manager: list: Listing contexts for virtual host 'localhost'
18-Apr-2018 22:36:18.734 INFO [http-nio-9090-exec-17] org.apache.catalina.core.ApplicationContext.log Manager: list: Listing contexts for virtual host 'localhost'
18-Apr-2018 22:37:01.754 INFO [http-nio-9090-exec-20] org.apache.catalina.core.ApplicationContext.log Manager: list: Listing contexts for virtual host 'localhost'
18-Apr-2018 22:37:11.895 INFO [http-nio-9090-exec-11] org.apache.catalina.core.ApplicationContext.log Manager: list: Listing contexts for virtual host 'localhost'
18-Apr-2018 22:37:35.761 INFO [http-nio-9090-exec-13] org.apache.catalina.core.ApplicationContext.log Manager: list: Listing contexts for virtual host 'localhost'
18-Apr-2018 22:39:11.707 INFO [http-nio-9090-exec-12] org.apache.catalina.core.ApplicationContext.log Manager: list: Listing contexts for virtual host 'localhost'
18-Apr-2018 22:39:59.236 INFO [http-nio-9090-exec-15] org.apache.catalina.core.ApplicationContext.log Manager: list: Listing contexts for virtual host 'localhost'
18-Apr-2018 22:40:15.665 INFO [http-nio-9090-exec-13] org.apache.catalina.core.ApplicationContext.log Manager: list: Listing contexts for virtual host 'localhost'
18-Apr-2018 22:42:21.642 INFO [http-nio-9090-exec-13] org.apache.catalina.core.ApplicationContext.log Manager: list: Listing contexts for virtual host 'localhost'
18-Apr-2018 22:43:58.660 INFO [http-nio-9090-exec-17] org.apache.catalina.core.ApplicationContext.log Manager: list: Listing contexts for virtual host 'localhost'
18-Apr-2018 22:44:07.181 INFO [http-nio-9090-exec-11] org.apache.catalina.core.ApplicationContext.log Manager: list: Listing contexts for virtual host 'localhost'
18-Apr-2018 22:44:30.021 INFO [http-nio-9090-exec-16] org.apache.catalina.core.ApplicationContext.log Manager: list: Listing contexts for virtual host 'localhost'
18-Apr-2018 22:47:38.661 INFO [http-nio-9090-exec-19] org.apache.catalina.core.ApplicationContext.log Manager: list: Listing contexts for virtual host 'localhost'
18-Apr-2018 22:51:13.451 INFO [http-nio-9090-exec-18] org.apache.catalina.core.ApplicationContext.log Manager: list: Listing contexts for virtual host 'localhost'
18-Apr-2018 22:51:49.527 INFO [http-nio-9090-exec-19] org.apache.catalina.core.ApplicationContext.log Manager: list: Listing contexts for virtual host 'localhost'
18-Apr-2018 22:53:39.128 INFO [http-nio-9090-exec-15] org.apache.catalina.core.ApplicationContext.log Manager: list: Listing contexts for virtual host 'localhost'
18-Apr-2018 22:54:07.266 INFO [http-nio-9090-exec-13] org.apache.catalina.core.ApplicationContext.log Manager: list: Listing contexts for virtual host 'localhost'
18-Apr-2018 22:54:23.624 INFO [http-nio-9090-exec-11] org.apache.catalina.core.ApplicationContext.log Manager: list: Listing contexts for virtual host 'localhost'
18-Apr-2018 22:55:15.948 INFO [http-nio-9090-exec-14] org.apache.catalina.core.ApplicationContext.log Manager: list: Listing contexts for virtual host 'localhost'
18-Apr-2018 22:58:59.543 INFO [http-nio-9090-exec-18] org.apache.catalina.core.ApplicationContext.log Manager: list: Listing contexts for virtual host 'localhost'
18-Apr-2018 22:59:52.302 INFO [http-nio-9090-exec-14] org.apache.catalina.core.ApplicationContext.log Manager: list: Listing contexts for virtual host 'localhost'
18-Apr-2018 23:00:02.878 INFO [http-nio-9090-exec-11] org.apache.catalina.core.ApplicationContext.log Manager: list: Listing contexts for virtual host 'localhost'
18-Apr-2018 23:00:16.778 INFO [http-nio-9090-exec-15] org.apache.catalina.core.ApplicationContext.log Manager: list: Listing contexts for virtual host 'localhost'
18-Apr-2018 23:01:08.047 INFO [http-nio-9090-exec-13] org.apache.catalina.core.ApplicationContext.log Manager: list: Listing contexts for virtual host 'localhost'
18-Apr-2018 23:01:23.622 INFO [http-nio-9090-exec-12] org.apache.catalina.core.ApplicationContext.log Manager: list: Listing contexts for virtual host 'localhost'
18-Apr-2018 23:02:22.818 INFO [http-nio-9090-exec-11] org.apache.catalina.core.ApplicationContext.log Manager: list: Listing contexts for virtual host 'localhost'
18-Apr-2018 23:02:22.842 INFO [http-nio-9090-exec-13] org.apache.catalina.core.ApplicationContext.log Manager: undeploy: Undeploying web application at '/BloodForLifeCommunity'
18-Apr-2018 23:02:44.785 INFO [http-nio-9090-exec-20] org.apache.catalina.core.ApplicationContext.log Manager: list: Listing contexts for virtual host 'localhost'
18-Apr-2018 23:02:44.791 INFO [http-nio-9090-exec-12] org.apache.catalina.core.ApplicationContext.log Manager: list: Listing contexts for virtual host 'localhost'
18-Apr-2018 23:02:44.816 INFO [http-nio-9090-exec-22] org.apache.catalina.core.ApplicationContext.log Manager: install: Installing context configuration at 'file:/C:/Users/Bappy/AppData/Local/Temp/context1262034120934744684.xml'
18-Apr-2018 23:02:45.366 INFO [http-nio-9090-exec-19] org.apache.catalina.core.ApplicationContext.log Manager: start: Starting web application '/BloodForLifeCommunity'
18-Apr-2018 23:05:21.877 INFO [http-nio-9090-exec-23] org.apache.catalina.core.ApplicationContext.log Manager: list: Listing contexts for virtual host 'localhost'
18-Apr-2018 23:06:07.367 INFO [http-nio-9090-exec-24] org.apache.catalina.core.ApplicationContext.log Manager: list: Listing contexts for virtual host 'localhost'
18-Apr-2018 23:07:41.001 INFO [http-nio-9090-exec-21] org.apache.catalina.core.ApplicationContext.log Manager: list: Listing contexts for virtual host 'localhost'
18-Apr-2018 23:07:54.199 INFO [http-nio-9090-exec-28] org.apache.catalina.core.ApplicationContext.log Manager: list: Listing contexts for virtual host 'localhost'
18-Apr-2018 23:08:16.933 INFO [http-nio-9090-exec-30] org.apache.catalina.core.ApplicationContext.log Manager: list: Listing contexts for virtual host 'localhost'
18-Apr-2018 23:09:34.082 INFO [http-nio-9090-exec-26] org.apache.catalina.core.ApplicationContext.log Manager: list: Listing contexts for virtual host 'localhost'
18-Apr-2018 23:10:21.897 INFO [http-nio-9090-exec-25] org.apache.catalina.core.ApplicationContext.log Manager: list: Listing contexts for virtual host 'localhost'
18-Apr-2018 23:10:42.269 INFO [http-nio-9090-exec-22] org.apache.catalina.core.ApplicationContext.log Manager: list: Listing contexts for virtual host 'localhost'
18-Apr-2018 23:11:53.053 INFO [http-nio-9090-exec-29] org.apache.catalina.core.ApplicationContext.log Manager: list: Listing contexts for virtual host 'localhost'
18-Apr-2018 23:12:13.017 INFO [http-nio-9090-exec-26] org.apache.catalina.core.ApplicationContext.log Manager: list: Listing contexts for virtual host 'localhost'
18-Apr-2018 23:12:35.334 INFO [http-nio-9090-exec-28] org.apache.catalina.core.ApplicationContext.log Manager: list: Listing contexts for virtual host 'localhost'
18-Apr-2018 23:13:09.582 INFO [http-nio-9090-exec-29] org.apache.catalina.core.ApplicationContext.log Manager: list: Listing contexts for virtual host 'localhost'
18-Apr-2018 23:15:08.372 INFO [http-nio-9090-exec-25] org.apache.catalina.core.ApplicationContext.log Manager: list: Listing contexts for virtual host 'localhost'
18-Apr-2018 23:17:53.253 INFO [http-nio-9090-exec-24] org.apache.catalina.core.ApplicationContext.log Manager: list: Listing contexts for virtual host 'localhost'
18-Apr-2018 23:17:59.744 INFO [http-nio-9090-exec-29] org.apache.catalina.core.ApplicationContext.log Manager: list: Listing contexts for virtual host 'localhost'
18-Apr-2018 23:18:08.977 INFO [http-nio-9090-exec-22] org.apache.catalina.core.ApplicationContext.log Manager: list: Listing contexts for virtual host 'localhost'
18-Apr-2018 23:18:20.329 INFO [http-nio-9090-exec-28] org.apache.catalina.core.ApplicationContext.log Manager: list: Listing contexts for virtual host 'localhost'
18-Apr-2018 23:18:55.684 INFO [http-nio-9090-exec-29] org.apache.catalina.core.ApplicationContext.log Manager: list: Listing contexts for virtual host 'localhost'
18-Apr-2018 23:19:02.143 INFO [http-nio-9090-exec-22] org.apache.catalina.core.ApplicationContext.log Manager: list: Listing contexts for virtual host 'localhost'
18-Apr-2018 23:19:39.206 INFO [http-nio-9090-exec-30] org.apache.catalina.core.ApplicationContext.log Manager: list: Listing contexts for virtual host 'localhost'
18-Apr-2018 23:19:59.472 INFO [http-nio-9090-exec-26] org.apache.catalina.core.ApplicationContext.log Manager: list: Listing contexts for virtual host 'localhost'
18-Apr-2018 23:19:59.477 INFO [http-nio-9090-exec-29] org.apache.catalina.core.ApplicationContext.log Manager: list: Listing contexts for virtual host 'localhost'
18-Apr-2018 23:19:59.628 INFO [http-nio-9090-exec-23] org.apache.catalina.core.ApplicationContext.log Manager: stop: Stopping web application '/BloodForLifeCommunity'
18-Apr-2018 23:19:59.660 INFO [http-nio-9090-exec-26] org.apache.catalina.core.ApplicationContext.log Manager: start: Starting web application '/BloodForLifeCommunity'
18-Apr-2018 23:21:46.062 INFO [http-nio-9090-exec-31] org.apache.catalina.core.ApplicationContext.log Manager: list: Listing contexts for virtual host 'localhost'
18-Apr-2018 23:22:03.608 INFO [http-nio-9090-exec-31] org.apache.catalina.core.ApplicationContext.log Manager: list: Listing contexts for virtual host 'localhost'
18-Apr-2018 23:22:40.962 INFO [http-nio-9090-exec-31] org.apache.catalina.core.ApplicationContext.log Manager: list: Listing contexts for virtual host 'localhost'
18-Apr-2018 23:22:40.967 INFO [http-nio-9090-exec-37] org.apache.catalina.core.ApplicationContext.log Manager: list: Listing contexts for virtual host 'localhost'
18-Apr-2018 23:22:41.093 INFO [http-nio-9090-exec-33] org.apache.catalina.core.ApplicationContext.log Manager: restart: Reloading web application '/BloodForLifeCommunity'
18-Apr-2018 23:23:30.463 INFO [http-nio-9090-exec-34] org.apache.catalina.core.ApplicationContext.log Manager: list: Listing contexts for virtual host 'localhost'
18-Apr-2018 23:25:26.166 INFO [http-nio-9090-exec-34] org.apache.catalina.core.ApplicationContext.log Manager: list: Listing contexts for virtual host 'localhost'
18-Apr-2018 23:25:26.170 INFO [http-nio-9090-exec-31] org.apache.catalina.core.ApplicationContext.log Manager: list: Listing contexts for virtual host 'localhost'
18-Apr-2018 23:25:26.288 INFO [http-nio-9090-exec-42] org.apache.catalina.core.ApplicationContext.log Manager: restart: Reloading web application '/BloodForLifeCommunity'
18-Apr-2018 23:27:49.015 INFO [http-nio-9090-exec-49] org.apache.catalina.core.ApplicationContext.log Manager: list: Listing contexts for virtual host 'localhost'
18-Apr-2018 23:27:53.193 INFO [http-nio-9090-exec-52] org.apache.catalina.core.ApplicationContext.log Manager: list: Listing contexts for virtual host 'localhost'
18-Apr-2018 23:27:53.198 INFO [http-nio-9090-exec-48] org.apache.catalina.core.ApplicationContext.log Manager: list: Listing contexts for virtual host 'localhost'
18-Apr-2018 23:27:53.334 INFO [http-nio-9090-exec-50] org.apache.catalina.core.ApplicationContext.log Manager: restart: Reloading web application '/BloodForLifeCommunity'
18-Apr-2018 23:28:53.782 INFO [http-nio-9090-exec-51] org.apache.catalina.core.ApplicationContext.log Manager: list: Listing contexts for virtual host 'localhost'
18-Apr-2018 23:33:34.471 INFO [http-nio-9090-exec-63] org.apache.catalina.core.ApplicationContext.log Manager: list: Listing contexts for virtual host 'localhost'
18-Apr-2018 23:34:35.316 INFO [http-nio-9090-exec-56] org.apache.catalina.core.ApplicationContext.log Manager: list: Listing contexts for virtual host 'localhost'
18-Apr-2018 23:34:54.303 INFO [http-nio-9090-exec-59] org.apache.catalina.core.ApplicationContext.log Manager: list: Listing contexts for virtual host 'localhost'
18-Apr-2018 23:35:43.316 INFO [http-nio-9090-exec-63] org.apache.catalina.core.ApplicationContext.log Manager: list: Listing contexts for virtual host 'localhost'
18-Apr-2018 23:36:14.561 INFO [http-nio-9090-exec-57] org.apache.catalina.core.ApplicationContext.log Manager: list: Listing contexts for virtual host 'localhost'
18-Apr-2018 23:36:25.692 INFO [http-nio-9090-exec-60] org.apache.catalina.core.ApplicationContext.log Manager: list: Listing contexts for virtual host 'localhost'
18-Apr-2018 23:36:30.364 INFO [http-nio-9090-exec-61] org.apache.catalina.core.ApplicationContext.log Manager: list: Listing contexts for virtual host 'localhost'
18-Apr-2018 23:37:18.239 INFO [http-nio-9090-exec-54] org.apache.catalina.core.ApplicationContext.log Manager: list: Listing contexts for virtual host 'localhost'
18-Apr-2018 23:37:36.136 INFO [http-nio-9090-exec-62] org.apache.catalina.core.ApplicationContext.log Manager: list: Listing contexts for virtual host 'localhost'
18-Apr-2018 23:37:45.531 INFO [http-nio-9090-exec-60] org.apache.catalina.core.ApplicationContext.log Manager: list: Listing contexts for virtual host 'localhost'
18-Apr-2018 23:39:08.059 INFO [http-nio-9090-exec-54] org.apache.catalina.core.ApplicationContext.log Manager: list: Listing contexts for virtual host 'localhost'
18-Apr-2018 23:39:17.254 INFO [http-nio-9090-exec-54] org.apache.catalina.core.ApplicationContext.log Manager: list: Listing contexts for virtual host 'localhost'
18-Apr-2018 23:39:17.259 INFO [http-nio-9090-exec-55] org.apache.catalina.core.ApplicationContext.log Manager: list: Listing contexts for virtual host 'localhost'
18-Apr-2018 23:39:17.387 INFO [http-nio-9090-exec-56] org.apache.catalina.core.ApplicationContext.log Manager: restart: Reloading web application '/BloodForLifeCommunity'
18-Apr-2018 23:41:49.131 INFO [http-nio-9090-exec-69] org.apache.catalina.core.ApplicationContext.log Manager: list: Listing contexts for virtual host 'localhost'
18-Apr-2018 23:43:31.821 INFO [http-nio-9090-exec-65] org.apache.catalina.core.ApplicationContext.log Manager: list: Listing contexts for virtual host 'localhost'
18-Apr-2018 23:45:43.731 INFO [http-nio-9090-exec-66] org.apache.catalina.core.ApplicationContext.log Manager: list: Listing contexts for virtual host 'localhost'
18-Apr-2018 23:45:43.731 INFO [http-nio-9090-exec-70] org.apache.catalina.core.ApplicationContext.log Manager: restart: Reloading web application '/BloodForLifeCommunity'
18-Apr-2018 23:45:55.449 INFO [http-nio-9090-exec-67] org.apache.catalina.core.ApplicationContext.log Manager: list: Listing contexts for virtual host 'localhost'
18-Apr-2018 23:45:55.465 INFO [http-nio-9090-exec-72] org.apache.catalina.core.ApplicationContext.log Manager: list: Listing contexts for virtual host 'localhost'
18-Apr-2018 23:45:55.574 INFO [http-nio-9090-exec-64] org.apache.catalina.core.ApplicationContext.log Manager: restart: Reloading web application '/BloodForLifeCommunity'
18-Apr-2018 23:46:29.915 INFO [http-nio-9090-exec-77] org.apache.catalina.core.ApplicationContext.log Manager: list: Listing contexts for virtual host 'localhost'
18-Apr-2018 23:47:08.530 INFO [http-nio-9090-exec-83] org.apache.catalina.core.ApplicationContext.log Manager: list: Listing contexts for virtual host 'localhost'
18-Apr-2018 23:48:38.441 INFO [http-nio-9090-exec-85] org.apache.catalina.core.ApplicationContext.log Manager: list: Listing contexts for virtual host 'localhost'
18-Apr-2018 23:48:38.449 INFO [http-nio-9090-exec-79] org.apache.catalina.core.ApplicationContext.log Manager: restart: Reloading web application '/BloodForLifeCommunity'
18-Apr-2018 23:49:35.318 INFO [http-nio-9090-exec-80] org.apache.catalina.core.ApplicationContext.log Manager: list: Listing contexts for virtual host 'localhost'
18-Apr-2018 23:50:34.669 INFO [http-nio-9090-exec-80] org.apache.catalina.core.ApplicationContext.log Manager: list: Listing contexts for virtual host 'localhost'
18-Apr-2018 23:50:34.681 INFO [http-nio-9090-exec-89] org.apache.catalina.core.ApplicationContext.log Manager: restart: Reloading web application '/BloodForLifeCommunity'
18-Apr-2018 23:50:52.222 INFO [http-nio-9090-exec-93] org.apache.catalina.core.ApplicationContext.log Manager: list: Listing contexts for virtual host 'localhost'
18-Apr-2018 23:50:52.235 INFO [http-nio-9090-exec-91] org.apache.catalina.core.ApplicationContext.log Manager: restart: Reloading web application '/BloodForLifeCommunity'
18-Apr-2018 23:51:04.387 INFO [http-nio-9090-exec-95] org.apache.catalina.core.ApplicationContext.log Manager: list: Listing contexts for virtual host 'localhost'
18-Apr-2018 23:51:04.416 INFO [http-nio-9090-exec-98] org.apache.catalina.core.ApplicationContext.log Manager: restart: Reloading web application '/BloodForLifeCommunity'
18-Apr-2018 23:51:48.436 INFO [http-nio-9090-exec-86] org.apache.catalina.core.ApplicationContext.log Manager: list: Listing contexts for virtual host 'localhost'
18-Apr-2018 23:51:48.449 INFO [http-nio-9090-exec-100] org.apache.catalina.core.ApplicationContext.log Manager: restart: Reloading web application '/BloodForLifeCommunity'
18-Apr-2018 23:52:33.162 INFO [http-nio-9090-exec-86] org.apache.catalina.core.ApplicationContext.log Manager: list: Listing contexts for virtual host 'localhost'
18-Apr-2018 23:52:33.174 INFO [http-nio-9090-exec-104] org.apache.catalina.core.ApplicationContext.log Manager: restart: Reloading web application '/BloodForLifeCommunity'
18-Apr-2018 23:53:44.292 INFO [http-nio-9090-exec-95] org.apache.catalina.core.ApplicationContext.log Manager: list: Listing contexts for virtual host 'localhost'
18-Apr-2018 23:53:44.304 INFO [http-nio-9090-exec-111] org.apache.catalina.core.ApplicationContext.log Manager: restart: Reloading web application '/BloodForLifeCommunity'
18-Apr-2018 23:54:09.965 INFO [http-nio-9090-exec-112] org.apache.catalina.core.ApplicationContext.log Manager: list: Listing contexts for virtual host 'localhost'
18-Apr-2018 23:54:09.977 INFO [http-nio-9090-exec-109] org.apache.catalina.core.ApplicationContext.log Manager: restart: Reloading web application '/BloodForLifeCommunity'
18-Apr-2018 23:55:40.838 INFO [http-nio-9090-exec-121] org.apache.catalina.core.ApplicationContext.log Manager: list: Listing contexts for virtual host 'localhost'
18-Apr-2018 23:55:40.838 INFO [http-nio-9090-exec-124] org.apache.catalina.core.ApplicationContext.log Manager: restart: Reloading web application '/BloodForLifeCommunity'
18-Apr-2018 23:56:05.062 INFO [http-nio-9090-exec-119] org.apache.catalina.core.ApplicationContext.log Manager: list: Listing contexts for virtual host 'localhost'
18-Apr-2018 23:56:05.076 INFO [http-nio-9090-exec-120] org.apache.catalina.core.ApplicationContext.log Manager: restart: Reloading web application '/BloodForLifeCommunity'
18-Apr-2018 23:57:52.989 INFO [http-nio-9090-exec-135] org.apache.catalina.core.ApplicationContext.log Manager: list: Listing contexts for virtual host 'localhost'
18-Apr-2018 23:57:53.000 INFO [http-nio-9090-exec-122] org.apache.catalina.core.ApplicationContext.log Manager: restart: Reloading web application '/BloodForLifeCommunity'
18-Apr-2018 23:57:53.407 INFO [http-nio-9090-exec-135] org.apache.catalina.core.ApplicationContext.log Manager: list: Listing contexts for virtual host 'localhost'
18-Apr-2018 23:57:53.429 INFO [http-nio-9090-exec-134] org.apache.catalina.core.ApplicationContext.log Manager: restart: Reloading web application '/BloodForLifeCommunity'
18-Apr-2018 23:58:53.525 INFO [http-nio-9090-exec-136] org.apache.catalina.core.ApplicationContext.log Manager: list: Listing contexts for virtual host 'localhost'
