26-Mar-2018 00:00:35.907 INFO [http-nio-9090-exec-8] org.apache.catalina.core.ApplicationContext.log Manager: init: Associated with Deployer 'Catalina:type=Deployer,host=localhost'
26-Mar-2018 00:00:35.908 INFO [http-nio-9090-exec-8] org.apache.catalina.core.ApplicationContext.log Manager: init: Global resources are available
26-Mar-2018 00:00:39.785 INFO [http-nio-9090-exec-8] org.apache.catalina.core.ApplicationContext.log Manager: list: Listing contexts for virtual host 'localhost'
26-Mar-2018 00:00:40.623 INFO [http-nio-9090-exec-10] org.apache.catalina.core.ApplicationContext.log Manager: undeploy: Undeploying web application at '/BloodForLifeCommunity'
26-Mar-2018 00:00:42.396 INFO [http-nio-9090-exec-5] org.apache.catalina.core.ApplicationContext.log Manager: install: Installing context configuration at 'file:/C:/Users/BAPPY'~1/AppData/Local/Temp/context8388260549596110044.xml'
26-Mar-2018 00:00:42.892 INFO [http-nio-9090-exec-8] org.apache.catalina.core.ApplicationContext.log Manager: start: Starting web application '/BloodForLifeCommunity'
26-Mar-2018 00:05:12.097 INFO [http-nio-9090-exec-13] org.apache.catalina.core.ApplicationContext.log Manager: list: Listing contexts for virtual host 'localhost'
26-Mar-2018 00:05:20.083 INFO [http-nio-9090-exec-16] org.apache.catalina.core.ApplicationContext.log Manager: list: Listing contexts for virtual host 'localhost'
26-Mar-2018 00:05:20.087 INFO [http-nio-9090-exec-18] org.apache.catalina.core.ApplicationContext.log Manager: list: Listing contexts for virtual host 'localhost'
26-Mar-2018 00:06:26.604 INFO [http-nio-9090-exec-14] org.apache.catalina.core.ApplicationContext.log Manager: list: Listing contexts for virtual host 'localhost'
26-Mar-2018 00:07:00.268 INFO [http-nio-9090-exec-15] org.apache.catalina.core.ApplicationContext.log Manager: list: Listing contexts for virtual host 'localhost'
26-Mar-2018 00:07:57.198 INFO [http-nio-9090-exec-16] org.apache.catalina.core.ApplicationContext.log Manager: list: Listing contexts for virtual host 'localhost'
26-Mar-2018 00:08:23.735 INFO [http-nio-9090-exec-14] org.apache.catalina.core.ApplicationContext.log Manager: list: Listing contexts for virtual host 'localhost'
26-Mar-2018 00:09:07.673 INFO [http-nio-9090-exec-20] org.apache.catalina.core.ApplicationContext.log Manager: list: Listing contexts for virtual host 'localhost'
26-Mar-2018 00:21:19.371 INFO [http-nio-9090-exec-20] org.apache.catalina.core.ApplicationContext.log Manager: list: Listing contexts for virtual host 'localhost'
26-Mar-2018 00:21:19.400 INFO [http-nio-9090-exec-20] org.apache.catalina.core.ApplicationContext.log Manager: list: Listing contexts for virtual host 'localhost'
26-Mar-2018 00:21:19.440 INFO [http-nio-9090-exec-20] org.apache.catalina.core.ApplicationContext.log Manager: list: Listing contexts for virtual host 'localhost'
26-Mar-2018 00:21:19.796 INFO [http-nio-9090-exec-20] org.apache.catalina.core.ApplicationContext.log Manager: list: Listing contexts for virtual host 'localhost'
26-Mar-2018 00:21:20.328 INFO [http-nio-9090-exec-20] org.apache.catalina.core.ApplicationContext.log Manager: list: Listing contexts for virtual host 'localhost'
26-Mar-2018 00:21:20.701 INFO [http-nio-9090-exec-17] org.apache.catalina.core.ApplicationContext.log Manager: list: Listing contexts for virtual host 'localhost'
26-Mar-2018 00:21:20.801 INFO [http-nio-9090-exec-20] org.apache.catalina.core.ApplicationContext.log Manager: list: Listing contexts for virtual host 'localhost'
26-Mar-2018 00:21:20.893 INFO [http-nio-9090-exec-20] org.apache.catalina.core.ApplicationContext.log Manager: list: Listing contexts for virtual host 'localhost'
26-Mar-2018 00:21:27.212 INFO [http-nio-9090-exec-13] org.apache.catalina.core.ApplicationContext.log Manager: list: Listing contexts for virtual host 'localhost'
26-Mar-2018 00:22:12.791 INFO [http-nio-9090-exec-18] org.apache.catalina.core.ApplicationContext.log Manager: list: Listing contexts for virtual host 'localhost'
26-Mar-2018 00:23:55.658 INFO [http-nio-9090-exec-17] org.apache.catalina.core.ApplicationContext.log Manager: list: Listing contexts for virtual host 'localhost'
26-Mar-2018 00:24:48.087 INFO [http-nio-9090-exec-17] org.apache.catalina.core.ApplicationContext.log Manager: list: Listing contexts for virtual host 'localhost'
26-Mar-2018 00:25:06.644 INFO [http-nio-9090-exec-14] org.apache.catalina.core.ApplicationContext.log Manager: list: Listing contexts for virtual host 'localhost'
26-Mar-2018 00:25:37.308 INFO [http-nio-9090-exec-19] org.apache.catalina.core.ApplicationContext.log Manager: list: Listing contexts for virtual host 'localhost'
26-Mar-2018 00:25:51.575 INFO [http-nio-9090-exec-13] org.apache.catalina.core.ApplicationContext.log Manager: list: Listing contexts for virtual host 'localhost'
26-Mar-2018 00:26:04.168 INFO [http-nio-9090-exec-16] org.apache.catalina.core.ApplicationContext.log Manager: list: Listing contexts for virtual host 'localhost'
26-Mar-2018 00:26:32.631 INFO [http-nio-9090-exec-14] org.apache.catalina.core.ApplicationContext.log Manager: list: Listing contexts for virtual host 'localhost'
26-Mar-2018 00:28:24.192 INFO [http-nio-9090-exec-12] org.apache.catalina.core.ApplicationContext.log Manager: list: Listing contexts for virtual host 'localhost'
26-Mar-2018 00:28:43.270 INFO [http-nio-9090-exec-19] org.apache.catalina.core.ApplicationContext.log Manager: list: Listing contexts for virtual host 'localhost'
26-Mar-2018 00:29:48.924 INFO [http-nio-9090-exec-15] org.apache.catalina.core.ApplicationContext.log Manager: list: Listing contexts for virtual host 'localhost'
26-Mar-2018 00:30:14.562 INFO [http-nio-9090-exec-13] org.apache.catalina.core.ApplicationContext.log Manager: list: Listing contexts for virtual host 'localhost'
26-Mar-2018 00:30:22.980 INFO [http-nio-9090-exec-16] org.apache.catalina.core.ApplicationContext.log Manager: list: Listing contexts for virtual host 'localhost'
26-Mar-2018 00:30:29.383 INFO [http-nio-9090-exec-19] org.apache.catalina.core.ApplicationContext.log Manager: list: Listing contexts for virtual host 'localhost'
26-Mar-2018 00:30:51.060 INFO [http-nio-9090-exec-17] org.apache.catalina.core.ApplicationContext.log Manager: list: Listing contexts for virtual host 'localhost'
26-Mar-2018 00:31:15.168 INFO [http-nio-9090-exec-18] org.apache.catalina.core.ApplicationContext.log Manager: list: Listing contexts for virtual host 'localhost'
26-Mar-2018 00:31:54.095 INFO [http-nio-9090-exec-14] org.apache.catalina.core.ApplicationContext.log Manager: list: Listing contexts for virtual host 'localhost'
26-Mar-2018 00:32:52.631 INFO [http-nio-9090-exec-16] org.apache.catalina.core.ApplicationContext.log Manager: list: Listing contexts for virtual host 'localhost'
26-Mar-2018 00:33:43.728 INFO [http-nio-9090-exec-11] org.apache.catalina.core.ApplicationContext.log Manager: list: Listing contexts for virtual host 'localhost'
26-Mar-2018 00:33:54.027 INFO [http-nio-9090-exec-20] org.apache.catalina.core.ApplicationContext.log Manager: list: Listing contexts for virtual host 'localhost'
26-Mar-2018 00:34:13.774 INFO [http-nio-9090-exec-17] org.apache.catalina.core.ApplicationContext.log Manager: list: Listing contexts for virtual host 'localhost'
26-Mar-2018 00:36:42.638 INFO [http-nio-9090-exec-12] org.apache.catalina.core.ApplicationContext.log Manager: list: Listing contexts for virtual host 'localhost'
26-Mar-2018 00:37:17.503 INFO [http-nio-9090-exec-16] org.apache.catalina.core.ApplicationContext.log Manager: list: Listing contexts for virtual host 'localhost'
26-Mar-2018 00:39:07.294 INFO [http-nio-9090-exec-11] org.apache.catalina.core.ApplicationContext.log Manager: list: Listing contexts for virtual host 'localhost'
26-Mar-2018 00:39:10.395 INFO [http-nio-9090-exec-19] org.apache.catalina.core.ApplicationContext.log Manager: list: Listing contexts for virtual host 'localhost'
26-Mar-2018 00:39:38.227 INFO [http-nio-9090-exec-12] org.apache.catalina.core.ApplicationContext.log Manager: list: Listing contexts for virtual host 'localhost'
26-Mar-2018 00:40:44.782 INFO [http-nio-9090-exec-14] org.apache.catalina.core.ApplicationContext.log Manager: list: Listing contexts for virtual host 'localhost'
26-Mar-2018 00:41:33.143 INFO [http-nio-9090-exec-11] org.apache.catalina.core.ApplicationContext.log Manager: list: Listing contexts for virtual host 'localhost'
26-Mar-2018 00:41:38.956 INFO [http-nio-9090-exec-18] org.apache.catalina.core.ApplicationContext.log Manager: list: Listing contexts for virtual host 'localhost'
26-Mar-2018 00:42:40.594 INFO [http-nio-9090-exec-13] org.apache.catalina.core.ApplicationContext.log Manager: list: Listing contexts for virtual host 'localhost'
26-Mar-2018 00:42:49.274 INFO [http-nio-9090-exec-15] org.apache.catalina.core.ApplicationContext.log Manager: list: Listing contexts for virtual host 'localhost'
26-Mar-2018 00:43:53.044 INFO [http-nio-9090-exec-19] org.apache.catalina.core.ApplicationContext.log Manager: list: Listing contexts for virtual host 'localhost'
26-Mar-2018 00:44:38.120 INFO [http-nio-9090-exec-17] org.apache.catalina.core.ApplicationContext.log Manager: list: Listing contexts for virtual host 'localhost'
26-Mar-2018 00:44:57.723 INFO [http-nio-9090-exec-18] org.apache.catalina.core.ApplicationContext.log Manager: list: Listing contexts for virtual host 'localhost'
26-Mar-2018 00:45:10.423 INFO [http-nio-9090-exec-14] org.apache.catalina.core.ApplicationContext.log Manager: list: Listing contexts for virtual host 'localhost'
26-Mar-2018 00:45:34.818 INFO [http-nio-9090-exec-16] org.apache.catalina.core.ApplicationContext.log Manager: list: Listing contexts for virtual host 'localhost'
26-Mar-2018 00:45:52.174 INFO [http-nio-9090-exec-20] org.apache.catalina.core.ApplicationContext.log Manager: list: Listing contexts for virtual host 'localhost'
26-Mar-2018 00:46:37.754 INFO [http-nio-9090-exec-12] org.apache.catalina.core.ApplicationContext.log Manager: list: Listing contexts for virtual host 'localhost'
26-Mar-2018 00:46:45.094 INFO [http-nio-9090-exec-12] org.apache.catalina.core.ApplicationContext.log Manager: list: Listing contexts for virtual host 'localhost'
26-Mar-2018 00:47:09.132 INFO [http-nio-9090-exec-12] org.apache.catalina.core.ApplicationContext.log Manager: list: Listing contexts for virtual host 'localhost'
26-Mar-2018 00:47:26.415 INFO [http-nio-9090-exec-19] org.apache.catalina.core.ApplicationContext.log Manager: list: Listing contexts for virtual host 'localhost'
26-Mar-2018 00:47:51.887 INFO [http-nio-9090-exec-16] org.apache.catalina.core.ApplicationContext.log Manager: list: Listing contexts for virtual host 'localhost'
26-Mar-2018 00:48:23.699 INFO [http-nio-9090-exec-14] org.apache.catalina.core.ApplicationContext.log Manager: list: Listing contexts for virtual host 'localhost'
26-Mar-2018 00:48:53.350 INFO [http-nio-9090-exec-14] org.apache.catalina.core.ApplicationContext.log Manager: list: Listing contexts for virtual host 'localhost'
26-Mar-2018 00:48:55.869 INFO [http-nio-9090-exec-13] org.apache.catalina.core.ApplicationContext.log Manager: list: Listing contexts for virtual host 'localhost'
26-Mar-2018 00:49:37.634 INFO [http-nio-9090-exec-16] org.apache.catalina.core.ApplicationContext.log Manager: list: Listing contexts for virtual host 'localhost'
26-Mar-2018 00:49:54.960 INFO [http-nio-9090-exec-13] org.apache.catalina.core.ApplicationContext.log Manager: list: Listing contexts for virtual host 'localhost'
26-Mar-2018 00:50:33.548 INFO [http-nio-9090-exec-14] org.apache.catalina.core.ApplicationContext.log Manager: list: Listing contexts for virtual host 'localhost'
26-Mar-2018 00:50:45.184 INFO [http-nio-9090-exec-14] org.apache.catalina.core.ApplicationContext.log Manager: list: Listing contexts for virtual host 'localhost'
26-Mar-2018 00:50:59.876 INFO [http-nio-9090-exec-15] org.apache.catalina.core.ApplicationContext.log Manager: list: Listing contexts for virtual host 'localhost'
26-Mar-2018 00:51:41.825 INFO [http-nio-9090-exec-11] org.apache.catalina.core.ApplicationContext.log Manager: list: Listing contexts for virtual host 'localhost'
26-Mar-2018 00:52:15.445 INFO [http-nio-9090-exec-18] org.apache.catalina.core.ApplicationContext.log Manager: list: Listing contexts for virtual host 'localhost'
26-Mar-2018 00:52:31.956 INFO [http-nio-9090-exec-12] org.apache.catalina.core.ApplicationContext.log Manager: list: Listing contexts for virtual host 'localhost'
26-Mar-2018 00:52:41.505 INFO [http-nio-9090-exec-14] org.apache.catalina.core.ApplicationContext.log Manager: list: Listing contexts for virtual host 'localhost'
26-Mar-2018 00:52:44.946 INFO [http-nio-9090-exec-14] org.apache.catalina.core.ApplicationContext.log Manager: list: Listing contexts for virtual host 'localhost'
26-Mar-2018 00:53:12.193 INFO [http-nio-9090-exec-11] org.apache.catalina.core.ApplicationContext.log Manager: list: Listing contexts for virtual host 'localhost'
26-Mar-2018 00:53:30.266 INFO [http-nio-9090-exec-11] org.apache.catalina.core.ApplicationContext.log Manager: list: Listing contexts for virtual host 'localhost'
26-Mar-2018 00:54:07.772 INFO [http-nio-9090-exec-11] org.apache.catalina.core.ApplicationContext.log Manager: list: Listing contexts for virtual host 'localhost'
26-Mar-2018 00:54:41.414 INFO [http-nio-9090-exec-11] org.apache.catalina.core.ApplicationContext.log Manager: list: Listing contexts for virtual host 'localhost'
26-Mar-2018 00:55:30.328 INFO [http-nio-9090-exec-15] org.apache.catalina.core.ApplicationContext.log Manager: list: Listing contexts for virtual host 'localhost'
26-Mar-2018 00:55:55.200 INFO [http-nio-9090-exec-15] org.apache.catalina.core.ApplicationContext.log Manager: list: Listing contexts for virtual host 'localhost'
26-Mar-2018 00:56:08.177 INFO [http-nio-9090-exec-11] org.apache.catalina.core.ApplicationContext.log Manager: list: Listing contexts for virtual host 'localhost'
26-Mar-2018 00:56:11.191 INFO [http-nio-9090-exec-11] org.apache.catalina.core.ApplicationContext.log Manager: list: Listing contexts for virtual host 'localhost'
26-Mar-2018 00:57:13.128 INFO [http-nio-9090-exec-15] org.apache.catalina.core.ApplicationContext.log Manager: list: Listing contexts for virtual host 'localhost'
26-Mar-2018 00:57:54.364 INFO [http-nio-9090-exec-17] org.apache.catalina.core.ApplicationContext.log Manager: list: Listing contexts for virtual host 'localhost'
26-Mar-2018 00:58:08.311 INFO [http-nio-9090-exec-12] org.apache.catalina.core.ApplicationContext.log Manager: list: Listing contexts for virtual host 'localhost'
26-Mar-2018 00:58:41.191 INFO [http-nio-9090-exec-15] org.apache.catalina.core.ApplicationContext.log Manager: list: Listing contexts for virtual host 'localhost'
26-Mar-2018 00:59:09.244 INFO [http-nio-9090-exec-17] org.apache.catalina.core.ApplicationContext.log Manager: list: Listing contexts for virtual host 'localhost'
26-Mar-2018 00:59:33.268 INFO [http-nio-9090-exec-17] org.apache.catalina.core.ApplicationContext.log Manager: list: Listing contexts for virtual host 'localhost'
26-Mar-2018 01:03:58.237 INFO [http-nio-9090-exec-19] org.apache.catalina.core.ApplicationContext.log Manager: list: Listing contexts for virtual host 'localhost'
26-Mar-2018 01:04:18.977 INFO [http-nio-9090-exec-13] org.apache.catalina.core.ApplicationContext.log Manager: list: Listing contexts for virtual host 'localhost'
26-Mar-2018 01:04:52.286 INFO [http-nio-9090-exec-16] org.apache.catalina.core.ApplicationContext.log Manager: list: Listing contexts for virtual host 'localhost'
26-Mar-2018 01:05:07.796 INFO [http-nio-9090-exec-15] org.apache.catalina.core.ApplicationContext.log Manager: list: Listing contexts for virtual host 'localhost'
26-Mar-2018 01:05:36.254 INFO [http-nio-9090-exec-16] org.apache.catalina.core.ApplicationContext.log Manager: list: Listing contexts for virtual host 'localhost'
26-Mar-2018 01:05:55.210 INFO [http-nio-9090-exec-20] org.apache.catalina.core.ApplicationContext.log Manager: list: Listing contexts for virtual host 'localhost'
26-Mar-2018 01:08:06.350 INFO [http-nio-9090-exec-17] org.apache.catalina.core.ApplicationContext.log Manager: list: Listing contexts for virtual host 'localhost'
26-Mar-2018 01:08:22.687 INFO [http-nio-9090-exec-19] org.apache.catalina.core.ApplicationContext.log Manager: list: Listing contexts for virtual host 'localhost'
26-Mar-2018 01:08:36.057 INFO [http-nio-9090-exec-13] org.apache.catalina.core.ApplicationContext.log Manager: list: Listing contexts for virtual host 'localhost'
26-Mar-2018 01:08:46.226 INFO [http-nio-9090-exec-18] org.apache.catalina.core.ApplicationContext.log Manager: list: Listing contexts for virtual host 'localhost'
26-Mar-2018 01:10:50.793 INFO [http-nio-9090-exec-18] org.apache.catalina.core.ApplicationContext.log Manager: list: Listing contexts for virtual host 'localhost'
26-Mar-2018 01:12:29.461 INFO [http-nio-9090-exec-18] org.apache.catalina.core.ApplicationContext.log Manager: list: Listing contexts for virtual host 'localhost'
26-Mar-2018 11:10:12.075 INFO [http-nio-9090-exec-5] org.apache.catalina.core.ApplicationContext.log Manager: init: Associated with Deployer 'Catalina:type=Deployer,host=localhost'
26-Mar-2018 11:10:12.075 INFO [http-nio-9090-exec-5] org.apache.catalina.core.ApplicationContext.log Manager: init: Global resources are available
26-Mar-2018 11:10:12.804 INFO [http-nio-9090-exec-7] org.apache.catalina.core.ApplicationContext.log Manager: list: Listing contexts for virtual host 'localhost'
26-Mar-2018 11:10:12.804 INFO [http-nio-9090-exec-8] org.apache.catalina.core.ApplicationContext.log Manager: list: Listing contexts for virtual host 'localhost'
26-Mar-2018 11:10:28.237 INFO [http-nio-9090-exec-1] org.apache.catalina.core.ApplicationContext.log Manager: list: Listing contexts for virtual host 'localhost'
26-Mar-2018 11:10:28.237 INFO [http-nio-9090-exec-3] org.apache.catalina.core.ApplicationContext.log Manager: list: Listing contexts for virtual host 'localhost'
26-Mar-2018 11:12:09.542 INFO [http-nio-9090-exec-8] org.apache.catalina.core.ApplicationContext.log Manager: list: Listing contexts for virtual host 'localhost'
26-Mar-2018 11:12:09.542 INFO [http-nio-9090-exec-10] org.apache.catalina.core.ApplicationContext.log Manager: list: Listing contexts for virtual host 'localhost'
26-Mar-2018 23:36:03.272 INFO [http-nio-9090-exec-5] org.apache.catalina.core.ApplicationContext.log Manager: init: Associated with Deployer 'Catalina:type=Deployer,host=localhost'
26-Mar-2018 23:36:03.272 INFO [http-nio-9090-exec-5] org.apache.catalina.core.ApplicationContext.log Manager: init: Global resources are available
26-Mar-2018 23:36:04.475 INFO [http-nio-9090-exec-6] org.apache.catalina.core.ApplicationContext.log Manager: list: Listing contexts for virtual host 'localhost'
26-Mar-2018 23:36:04.490 INFO [http-nio-9090-exec-8] org.apache.catalina.core.ApplicationContext.log Manager: list: Listing contexts for virtual host 'localhost'
26-Mar-2018 23:41:35.564 INFO [http-nio-9090-exec-8] org.apache.catalina.core.ApplicationContext.log Manager: list: Listing contexts for virtual host 'localhost'
26-Mar-2018 23:41:35.607 INFO [http-nio-9090-exec-10] org.apache.catalina.core.ApplicationContext.log Manager: restart: Reloading web application '/BloodForLifeCommunity'
26-Mar-2018 23:41:37.515 INFO [http-nio-9090-exec-11] org.apache.catalina.core.ApplicationContext.log Manager: list: Listing contexts for virtual host 'localhost'
26-Mar-2018 23:41:37.526 INFO [http-nio-9090-exec-2] org.apache.catalina.core.ApplicationContext.log Manager: restart: Reloading web application '/BloodForLifeCommunity'
26-Mar-2018 23:42:34.241 INFO [http-nio-9090-exec-2] org.apache.catalina.core.ApplicationContext.log Manager: list: Listing contexts for virtual host 'localhost'
26-Mar-2018 23:42:35.947 INFO [http-nio-9090-exec-14] org.apache.catalina.core.ApplicationContext.log Manager: list: Listing contexts for virtual host 'localhost'
26-Mar-2018 23:42:35.959 INFO [http-nio-9090-exec-11] org.apache.catalina.core.ApplicationContext.log Manager: restart: Reloading web application '/BloodForLifeCommunity'
26-Mar-2018 23:49:40.862 INFO [http-nio-9090-exec-17] org.apache.catalina.core.ApplicationContext.log Manager: list: Listing contexts for virtual host 'localhost'
26-Mar-2018 23:49:40.891 INFO [http-nio-9090-exec-19] org.apache.catalina.core.ApplicationContext.log Manager: list: Listing contexts for virtual host 'localhost'
26-Mar-2018 23:49:40.922 INFO [http-nio-9090-exec-20] org.apache.catalina.core.ApplicationContext.log Manager: restart: Reloading web application '/BloodForLifeCommunity'
