29-Mar-2018 00:06:24.342 INFO [http-nio-9090-exec-5] org.apache.catalina.core.ApplicationContext.log Manager: init: Associated with Deployer 'Catalina:type=Deployer,host=localhost'
29-Mar-2018 00:06:24.342 INFO [http-nio-9090-exec-5] org.apache.catalina.core.ApplicationContext.log Manager: init: Global resources are available
29-Mar-2018 00:06:24.967 INFO [http-nio-9090-exec-5] org.apache.catalina.core.ApplicationContext.log Manager: list: Listing contexts for virtual host 'localhost'
29-Mar-2018 00:06:24.982 INFO [http-nio-9090-exec-8] org.apache.catalina.core.ApplicationContext.log Manager: list: Listing contexts for virtual host 'localhost'
29-Mar-2018 00:06:25.063 INFO [http-nio-9090-exec-9] org.apache.catalina.core.ApplicationContext.log Manager: install: Installing context configuration at 'file:/C:/Users/BAPPY'~1/AppData/Local/Temp/context4908249222692160785.xml'
29-Mar-2018 00:06:25.140 INFO [http-nio-9090-exec-10] org.apache.catalina.core.ApplicationContext.log Manager: start: Starting web application '/LoginApp1'
29-Mar-2018 00:09:11.510 INFO [http-nio-9090-exec-9] org.apache.catalina.core.ApplicationContext.log Manager: list: Listing contexts for virtual host 'localhost'
29-Mar-2018 00:09:11.514 INFO [http-nio-9090-exec-10] org.apache.catalina.core.ApplicationContext.log Manager: list: Listing contexts for virtual host 'localhost'
29-Mar-2018 00:09:11.581 INFO [http-nio-9090-exec-1] org.apache.catalina.core.ApplicationContext.log Manager: restart: Reloading web application '/BloodForLifeCommunity'
29-Mar-2018 00:14:00.664 INFO [http-nio-9090-exec-20] org.apache.catalina.core.ApplicationContext.log Manager: list: Listing contexts for virtual host 'localhost'
29-Mar-2018 00:14:00.672 INFO [http-nio-9090-exec-12] org.apache.catalina.core.ApplicationContext.log Manager: restart: Reloading web application '/BloodForLifeCommunity'
29-Mar-2018 00:14:03.980 INFO [http-nio-9090-exec-22] org.apache.catalina.core.ApplicationContext.log Manager: list: Listing contexts for virtual host 'localhost'
29-Mar-2018 00:14:03.993 INFO [http-nio-9090-exec-21] org.apache.catalina.core.ApplicationContext.log Manager: restart: Reloading web application '/BloodForLifeCommunity'
29-Mar-2018 00:14:42.162 INFO [http-nio-9090-exec-25] org.apache.catalina.core.ApplicationContext.log Manager: list: Listing contexts for virtual host 'localhost'
29-Mar-2018 00:14:42.178 INFO [http-nio-9090-exec-23] org.apache.catalina.core.ApplicationContext.log Manager: restart: Reloading web application '/BloodForLifeCommunity'
29-Mar-2018 00:14:49.668 INFO [http-nio-9090-exec-28] org.apache.catalina.core.ApplicationContext.log Manager: list: Listing contexts for virtual host 'localhost'
29-Mar-2018 00:14:49.687 INFO [http-nio-9090-exec-17] org.apache.catalina.core.ApplicationContext.log Manager: restart: Reloading web application '/BloodForLifeCommunity'
29-Mar-2018 00:18:21.559 INFO [http-nio-9090-exec-29] org.apache.catalina.core.ApplicationContext.log Manager: list: Listing contexts for virtual host 'localhost'
29-Mar-2018 00:18:21.570 INFO [http-nio-9090-exec-30] org.apache.catalina.core.ApplicationContext.log Manager: restart: Reloading web application '/BloodForLifeCommunity'
29-Mar-2018 00:18:23.366 INFO [http-nio-9090-exec-16] org.apache.catalina.core.ApplicationContext.log Manager: list: Listing contexts for virtual host 'localhost'
29-Mar-2018 00:18:23.390 INFO [http-nio-9090-exec-35] org.apache.catalina.core.ApplicationContext.log Manager: restart: Reloading web application '/BloodForLifeCommunity'
29-Mar-2018 00:18:57.605 INFO [http-nio-9090-exec-39] org.apache.catalina.core.ApplicationContext.log Manager: list: Listing contexts for virtual host 'localhost'
29-Mar-2018 00:18:57.616 INFO [http-nio-9090-exec-37] org.apache.catalina.core.ApplicationContext.log Manager: restart: Reloading web application '/BloodForLifeCommunity'
29-Mar-2018 00:19:11.134 INFO [http-nio-9090-exec-42] org.apache.catalina.core.ApplicationContext.log Manager: list: Listing contexts for virtual host 'localhost'
29-Mar-2018 00:19:11.145 INFO [http-nio-9090-exec-43] org.apache.catalina.core.ApplicationContext.log Manager: restart: Reloading web application '/BloodForLifeCommunity'
29-Mar-2018 00:19:30.745 INFO [http-nio-9090-exec-45] org.apache.catalina.core.ApplicationContext.log Manager: list: Listing contexts for virtual host 'localhost'
29-Mar-2018 00:19:30.754 INFO [http-nio-9090-exec-43] org.apache.catalina.core.ApplicationContext.log Manager: restart: Reloading web application '/BloodForLifeCommunity'
29-Mar-2018 00:19:51.245 INFO [http-nio-9090-exec-32] org.apache.catalina.core.ApplicationContext.log Manager: list: Listing contexts for virtual host 'localhost'
29-Mar-2018 00:19:51.253 INFO [http-nio-9090-exec-47] org.apache.catalina.core.ApplicationContext.log Manager: restart: Reloading web application '/BloodForLifeCommunity'
29-Mar-2018 00:20:14.304 INFO [http-nio-9090-exec-32] org.apache.catalina.core.ApplicationContext.log Manager: list: Listing contexts for virtual host 'localhost'
29-Mar-2018 00:20:14.312 INFO [http-nio-9090-exec-49] org.apache.catalina.core.ApplicationContext.log Manager: restart: Reloading web application '/BloodForLifeCommunity'
29-Mar-2018 00:21:06.651 INFO [http-nio-9090-exec-51] org.apache.catalina.core.ApplicationContext.log Manager: list: Listing contexts for virtual host 'localhost'
29-Mar-2018 00:21:06.659 INFO [http-nio-9090-exec-52] org.apache.catalina.core.ApplicationContext.log Manager: restart: Reloading web application '/BloodForLifeCommunity'
29-Mar-2018 00:22:17.471 INFO [http-nio-9090-exec-56] org.apache.catalina.core.ApplicationContext.log Manager: list: Listing contexts for virtual host 'localhost'
29-Mar-2018 00:22:17.483 INFO [http-nio-9090-exec-53] org.apache.catalina.core.ApplicationContext.log Manager: restart: Reloading web application '/BloodForLifeCommunity'
29-Mar-2018 00:22:45.575 INFO [http-nio-9090-exec-60] org.apache.catalina.core.ApplicationContext.log Manager: list: Listing contexts for virtual host 'localhost'
29-Mar-2018 00:22:45.586 INFO [http-nio-9090-exec-31] org.apache.catalina.core.ApplicationContext.log Manager: restart: Reloading web application '/BloodForLifeCommunity'
29-Mar-2018 00:23:39.387 INFO [http-nio-9090-exec-62] org.apache.catalina.core.ApplicationContext.log Manager: list: Listing contexts for virtual host 'localhost'
29-Mar-2018 00:23:39.399 INFO [http-nio-9090-exec-63] org.apache.catalina.core.ApplicationContext.log Manager: restart: Reloading web application '/BloodForLifeCommunity'
29-Mar-2018 00:23:44.194 INFO [http-nio-9090-exec-63] org.apache.catalina.core.ApplicationContext.log Manager: list: Listing contexts for virtual host 'localhost'
29-Mar-2018 00:23:44.204 INFO [http-nio-9090-exec-26] org.apache.catalina.core.ApplicationContext.log Manager: restart: Reloading web application '/BloodForLifeCommunity'
29-Mar-2018 00:24:02.121 INFO [http-nio-9090-exec-68] org.apache.catalina.core.ApplicationContext.log Manager: list: Listing contexts for virtual host 'localhost'
29-Mar-2018 00:24:02.132 INFO [http-nio-9090-exec-69] org.apache.catalina.core.ApplicationContext.log Manager: restart: Reloading web application '/BloodForLifeCommunity'
29-Mar-2018 00:26:12.014 INFO [http-nio-9090-exec-38] org.apache.catalina.core.ApplicationContext.log Manager: list: Listing contexts for virtual host 'localhost'
29-Mar-2018 00:26:12.029 INFO [http-nio-9090-exec-70] org.apache.catalina.core.ApplicationContext.log Manager: restart: Reloading web application '/BloodForLifeCommunity'
29-Mar-2018 00:27:31.817 INFO [http-nio-9090-exec-78] org.apache.catalina.core.ApplicationContext.log Manager: list: Listing contexts for virtual host 'localhost'
29-Mar-2018 00:27:31.827 INFO [http-nio-9090-exec-59] org.apache.catalina.core.ApplicationContext.log Manager: restart: Reloading web application '/BloodForLifeCommunity'
29-Mar-2018 00:27:36.579 INFO [http-nio-9090-exec-63] org.apache.catalina.core.ApplicationContext.log Manager: list: Listing contexts for virtual host 'localhost'
29-Mar-2018 00:27:36.588 INFO [http-nio-9090-exec-79] org.apache.catalina.core.ApplicationContext.log Manager: restart: Reloading web application '/BloodForLifeCommunity'
29-Mar-2018 00:28:13.434 INFO [http-nio-9090-exec-74] org.apache.catalina.core.ApplicationContext.log Manager: list: Listing contexts for virtual host 'localhost'
29-Mar-2018 00:28:13.443 INFO [http-nio-9090-exec-70] org.apache.catalina.core.ApplicationContext.log Manager: restart: Reloading web application '/BloodForLifeCommunity'
29-Mar-2018 00:28:31.999 INFO [http-nio-9090-exec-81] org.apache.catalina.core.ApplicationContext.log Manager: list: Listing contexts for virtual host 'localhost'
29-Mar-2018 00:28:32.007 INFO [http-nio-9090-exec-63] org.apache.catalina.core.ApplicationContext.log Manager: restart: Reloading web application '/BloodForLifeCommunity'
29-Mar-2018 00:29:01.426 INFO [http-nio-9090-exec-76] org.apache.catalina.core.ApplicationContext.log Manager: list: Listing contexts for virtual host 'localhost'
29-Mar-2018 00:29:01.435 INFO [http-nio-9090-exec-82] org.apache.catalina.core.ApplicationContext.log Manager: restart: Reloading web application '/BloodForLifeCommunity'
29-Mar-2018 00:29:16.448 INFO [http-nio-9090-exec-83] org.apache.catalina.core.ApplicationContext.log Manager: list: Listing contexts for virtual host 'localhost'
29-Mar-2018 00:29:16.456 INFO [http-nio-9090-exec-74] org.apache.catalina.core.ApplicationContext.log Manager: restart: Reloading web application '/BloodForLifeCommunity'
29-Mar-2018 00:29:41.956 INFO [http-nio-9090-exec-82] org.apache.catalina.core.ApplicationContext.log Manager: list: Listing contexts for virtual host 'localhost'
29-Mar-2018 00:29:41.968 INFO [http-nio-9090-exec-84] org.apache.catalina.core.ApplicationContext.log Manager: restart: Reloading web application '/BloodForLifeCommunity'
29-Mar-2018 00:29:42.599 INFO [http-nio-9090-exec-84] org.apache.catalina.core.ApplicationContext.log Manager: list: Listing contexts for virtual host 'localhost'
29-Mar-2018 00:29:42.607 INFO [http-nio-9090-exec-81] org.apache.catalina.core.ApplicationContext.log Manager: restart: Reloading web application '/BloodForLifeCommunity'
29-Mar-2018 00:31:16.555 INFO [http-nio-9090-exec-63] org.apache.catalina.core.ApplicationContext.log Manager: list: Listing contexts for virtual host 'localhost'
29-Mar-2018 00:31:16.565 INFO [http-nio-9090-exec-86] org.apache.catalina.core.ApplicationContext.log Manager: restart: Reloading web application '/BloodForLifeCommunity'
29-Mar-2018 00:31:26.520 INFO [http-nio-9090-exec-87] org.apache.catalina.core.ApplicationContext.log Manager: list: Listing contexts for virtual host 'localhost'
29-Mar-2018 00:31:26.529 INFO [http-nio-9090-exec-84] org.apache.catalina.core.ApplicationContext.log Manager: restart: Reloading web application '/BloodForLifeCommunity'
29-Mar-2018 00:31:30.363 INFO [http-nio-9090-exec-72] org.apache.catalina.core.ApplicationContext.log Manager: list: Listing contexts for virtual host 'localhost'
29-Mar-2018 00:31:30.370 INFO [http-nio-9090-exec-88] org.apache.catalina.core.ApplicationContext.log Manager: restart: Reloading web application '/BloodForLifeCommunity'
29-Mar-2018 00:31:51.155 INFO [http-nio-9090-exec-89] org.apache.catalina.core.ApplicationContext.log Manager: list: Listing contexts for virtual host 'localhost'
29-Mar-2018 00:31:51.163 INFO [http-nio-9090-exec-84] org.apache.catalina.core.ApplicationContext.log Manager: restart: Reloading web application '/BloodForLifeCommunity'
29-Mar-2018 00:32:19.869 INFO [http-nio-9090-exec-90] org.apache.catalina.core.ApplicationContext.log Manager: list: Listing contexts for virtual host 'localhost'
29-Mar-2018 00:32:19.876 INFO [http-nio-9090-exec-73] org.apache.catalina.core.ApplicationContext.log Manager: restart: Reloading web application '/BloodForLifeCommunity'
29-Mar-2018 00:32:32.291 INFO [http-nio-9090-exec-91] org.apache.catalina.core.ApplicationContext.log Manager: list: Listing contexts for virtual host 'localhost'
29-Mar-2018 00:32:32.298 INFO [http-nio-9090-exec-89] org.apache.catalina.core.ApplicationContext.log Manager: restart: Reloading web application '/BloodForLifeCommunity'
29-Mar-2018 00:32:39.407 INFO [http-nio-9090-exec-73] org.apache.catalina.core.ApplicationContext.log Manager: list: Listing contexts for virtual host 'localhost'
29-Mar-2018 00:32:39.416 INFO [http-nio-9090-exec-86] org.apache.catalina.core.ApplicationContext.log Manager: restart: Reloading web application '/BloodForLifeCommunity'
29-Mar-2018 00:32:42.939 INFO [http-nio-9090-exec-72] org.apache.catalina.core.ApplicationContext.log Manager: list: Listing contexts for virtual host 'localhost'
29-Mar-2018 00:32:42.947 INFO [http-nio-9090-exec-93] org.apache.catalina.core.ApplicationContext.log Manager: restart: Reloading web application '/BloodForLifeCommunity'
29-Mar-2018 00:32:57.072 INFO [http-nio-9090-exec-81] org.apache.catalina.core.ApplicationContext.log Manager: list: Listing contexts for virtual host 'localhost'
29-Mar-2018 00:32:57.079 INFO [http-nio-9090-exec-94] org.apache.catalina.core.ApplicationContext.log Manager: restart: Reloading web application '/BloodForLifeCommunity'
29-Mar-2018 00:33:03.283 INFO [http-nio-9090-exec-95] org.apache.catalina.core.ApplicationContext.log Manager: list: Listing contexts for virtual host 'localhost'
29-Mar-2018 00:33:03.291 INFO [http-nio-9090-exec-91] org.apache.catalina.core.ApplicationContext.log Manager: restart: Reloading web application '/BloodForLifeCommunity'
29-Mar-2018 00:34:00.843 INFO [http-nio-9090-exec-78] org.apache.catalina.core.ApplicationContext.log Manager: list: Listing contexts for virtual host 'localhost'
29-Mar-2018 00:34:00.852 INFO [http-nio-9090-exec-95] org.apache.catalina.core.ApplicationContext.log Manager: restart: Reloading web application '/BloodForLifeCommunity'
29-Mar-2018 00:34:16.840 INFO [http-nio-9090-exec-97] org.apache.catalina.core.ApplicationContext.log Manager: list: Listing contexts for virtual host 'localhost'
29-Mar-2018 00:34:16.848 INFO [http-nio-9090-exec-91] org.apache.catalina.core.ApplicationContext.log Manager: restart: Reloading web application '/BloodForLifeCommunity'
29-Mar-2018 00:35:34.571 INFO [http-nio-9090-exec-99] org.apache.catalina.core.ApplicationContext.log Manager: list: Listing contexts for virtual host 'localhost'
29-Mar-2018 00:35:34.580 INFO [http-nio-9090-exec-78] org.apache.catalina.core.ApplicationContext.log Manager: restart: Reloading web application '/BloodForLifeCommunity'
29-Mar-2018 00:37:39.085 INFO [http-nio-9090-exec-85] org.apache.catalina.core.ApplicationContext.log Manager: list: Listing contexts for virtual host 'localhost'
29-Mar-2018 00:37:39.098 INFO [http-nio-9090-exec-100] org.apache.catalina.core.ApplicationContext.log Manager: restart: Reloading web application '/BloodForLifeCommunity'
29-Mar-2018 00:38:14.336 INFO [http-nio-9090-exec-86] org.apache.catalina.core.ApplicationContext.log Manager: list: Listing contexts for virtual host 'localhost'
29-Mar-2018 00:38:14.344 INFO [http-nio-9090-exec-91] org.apache.catalina.core.ApplicationContext.log Manager: restart: Reloading web application '/BloodForLifeCommunity'
29-Mar-2018 00:38:49.935 INFO [http-nio-9090-exec-104] org.apache.catalina.core.ApplicationContext.log Manager: list: Listing contexts for virtual host 'localhost'
29-Mar-2018 00:38:49.955 INFO [http-nio-9090-exec-100] org.apache.catalina.core.ApplicationContext.log Manager: restart: Reloading web application '/BloodForLifeCommunity'
29-Mar-2018 00:44:28.867 INFO [http-nio-9090-exec-72] org.apache.catalina.core.ApplicationContext.log Manager: list: Listing contexts for virtual host 'localhost'
29-Mar-2018 00:44:28.877 INFO [http-nio-9090-exec-105] org.apache.catalina.core.ApplicationContext.log Manager: restart: Reloading web application '/BloodForLifeCommunity'
29-Mar-2018 00:45:38.822 INFO [http-nio-9090-exec-111] org.apache.catalina.core.ApplicationContext.log Manager: list: Listing contexts for virtual host 'localhost'
29-Mar-2018 00:45:38.853 INFO [http-nio-9090-exec-110] org.apache.catalina.core.ApplicationContext.log Manager: restart: Reloading web application '/BloodForLifeCommunity'
29-Mar-2018 00:48:15.134 INFO [http-nio-9090-exec-115] org.apache.catalina.core.ApplicationContext.log Manager: list: Listing contexts for virtual host 'localhost'
29-Mar-2018 00:48:15.150 INFO [http-nio-9090-exec-117] org.apache.catalina.core.ApplicationContext.log Manager: restart: Reloading web application '/BloodForLifeCommunity'
29-Mar-2018 00:48:22.431 INFO [http-nio-9090-exec-118] org.apache.catalina.core.ApplicationContext.log Manager: list: Listing contexts for virtual host 'localhost'
29-Mar-2018 00:48:22.478 INFO [http-nio-9090-exec-109] org.apache.catalina.core.ApplicationContext.log Manager: restart: Reloading web application '/BloodForLifeCommunity'
29-Mar-2018 00:48:22.823 INFO [http-nio-9090-exec-110] org.apache.catalina.core.ApplicationContext.log Manager: list: Listing contexts for virtual host 'localhost'
29-Mar-2018 00:48:22.823 INFO [http-nio-9090-exec-85] org.apache.catalina.core.ApplicationContext.log Manager: restart: Reloading web application '/BloodForLifeCommunity'
29-Mar-2018 00:49:46.256 INFO [http-nio-9090-exec-120] org.apache.catalina.core.ApplicationContext.log Manager: list: Listing contexts for virtual host 'localhost'
29-Mar-2018 00:49:46.264 INFO [http-nio-9090-exec-117] org.apache.catalina.core.ApplicationContext.log Manager: restart: Reloading web application '/BloodForLifeCommunity'
29-Mar-2018 00:50:13.029 INFO [http-nio-9090-exec-121] org.apache.catalina.core.ApplicationContext.log Manager: list: Listing contexts for virtual host 'localhost'
29-Mar-2018 00:50:13.038 INFO [http-nio-9090-exec-119] org.apache.catalina.core.ApplicationContext.log Manager: restart: Reloading web application '/BloodForLifeCommunity'
29-Mar-2018 00:50:26.076 INFO [http-nio-9090-exec-114] org.apache.catalina.core.ApplicationContext.log Manager: list: Listing contexts for virtual host 'localhost'
29-Mar-2018 00:50:26.099 INFO [http-nio-9090-exec-122] org.apache.catalina.core.ApplicationContext.log Manager: restart: Reloading web application '/BloodForLifeCommunity'
29-Mar-2018 00:50:40.233 INFO [http-nio-9090-exec-123] org.apache.catalina.core.ApplicationContext.log Manager: list: Listing contexts for virtual host 'localhost'
29-Mar-2018 00:50:40.241 INFO [http-nio-9090-exec-109] org.apache.catalina.core.ApplicationContext.log Manager: restart: Reloading web application '/BloodForLifeCommunity'
29-Mar-2018 00:53:48.152 INFO [http-nio-9090-exec-124] org.apache.catalina.core.ApplicationContext.log Manager: list: Listing contexts for virtual host 'localhost'
29-Mar-2018 00:53:48.159 INFO [http-nio-9090-exec-125] org.apache.catalina.core.ApplicationContext.log Manager: restart: Reloading web application '/BloodForLifeCommunity'
29-Mar-2018 00:53:54.095 INFO [http-nio-9090-exec-128] org.apache.catalina.core.ApplicationContext.log Manager: list: Listing contexts for virtual host 'localhost'
29-Mar-2018 00:53:54.109 INFO [http-nio-9090-exec-121] org.apache.catalina.core.ApplicationContext.log Manager: restart: Reloading web application '/BloodForLifeCommunity'
29-Mar-2018 00:54:14.924 INFO [http-nio-9090-exec-114] org.apache.catalina.core.ApplicationContext.log Manager: list: Listing contexts for virtual host 'localhost'
29-Mar-2018 00:54:14.934 INFO [http-nio-9090-exec-129] org.apache.catalina.core.ApplicationContext.log Manager: restart: Reloading web application '/BloodForLifeCommunity'
29-Mar-2018 00:54:21.671 INFO [http-nio-9090-exec-130] org.apache.catalina.core.ApplicationContext.log Manager: list: Listing contexts for virtual host 'localhost'
29-Mar-2018 00:54:21.730 INFO [http-nio-9090-exec-126] org.apache.catalina.core.ApplicationContext.log Manager: restart: Reloading web application '/BloodForLifeCommunity'
29-Mar-2018 00:54:36.210 INFO [http-nio-9090-exec-114] org.apache.catalina.core.ApplicationContext.log Manager: list: Listing contexts for virtual host 'localhost'
29-Mar-2018 00:54:36.219 INFO [http-nio-9090-exec-131] org.apache.catalina.core.ApplicationContext.log Manager: restart: Reloading web application '/BloodForLifeCommunity'
29-Mar-2018 00:54:48.934 INFO [http-nio-9090-exec-132] org.apache.catalina.core.ApplicationContext.log Manager: list: Listing contexts for virtual host 'localhost'
29-Mar-2018 00:54:48.973 INFO [http-nio-9090-exec-128] org.apache.catalina.core.ApplicationContext.log Manager: restart: Reloading web application '/BloodForLifeCommunity'
29-Mar-2018 00:55:02.038 INFO [http-nio-9090-exec-133] org.apache.catalina.core.ApplicationContext.log Manager: list: Listing contexts for virtual host 'localhost'
29-Mar-2018 00:55:02.063 INFO [http-nio-9090-exec-132] org.apache.catalina.core.ApplicationContext.log Manager: restart: Reloading web application '/BloodForLifeCommunity'
29-Mar-2018 00:55:24.100 INFO [http-nio-9090-exec-126] org.apache.catalina.core.ApplicationContext.log Manager: list: Listing contexts for virtual host 'localhost'
29-Mar-2018 00:55:24.133 INFO [http-nio-9090-exec-124] org.apache.catalina.core.ApplicationContext.log Manager: restart: Reloading web application '/BloodForLifeCommunity'
29-Mar-2018 00:55:38.952 INFO [http-nio-9090-exec-132] org.apache.catalina.core.ApplicationContext.log Manager: list: Listing contexts for virtual host 'localhost'
29-Mar-2018 00:55:38.983 INFO [http-nio-9090-exec-118] org.apache.catalina.core.ApplicationContext.log Manager: restart: Reloading web application '/BloodForLifeCommunity'
29-Mar-2018 00:56:13.284 INFO [http-nio-9090-exec-136] org.apache.catalina.core.ApplicationContext.log Manager: list: Listing contexts for virtual host 'localhost'
29-Mar-2018 00:56:13.306 INFO [http-nio-9090-exec-135] org.apache.catalina.core.ApplicationContext.log Manager: restart: Reloading web application '/BloodForLifeCommunity'
29-Mar-2018 00:56:24.224 INFO [http-nio-9090-exec-138] org.apache.catalina.core.ApplicationContext.log Manager: list: Listing contexts for virtual host 'localhost'
29-Mar-2018 00:56:24.233 INFO [http-nio-9090-exec-124] org.apache.catalina.core.ApplicationContext.log Manager: restart: Reloading web application '/BloodForLifeCommunity'
29-Mar-2018 00:56:31.333 INFO [http-nio-9090-exec-139] org.apache.catalina.core.ApplicationContext.log Manager: list: Listing contexts for virtual host 'localhost'
29-Mar-2018 00:56:31.341 INFO [http-nio-9090-exec-132] org.apache.catalina.core.ApplicationContext.log Manager: restart: Reloading web application '/BloodForLifeCommunity'
29-Mar-2018 00:56:39.360 INFO [http-nio-9090-exec-140] org.apache.catalina.core.ApplicationContext.log Manager: list: Listing contexts for virtual host 'localhost'
29-Mar-2018 00:56:39.368 INFO [http-nio-9090-exec-139] org.apache.catalina.core.ApplicationContext.log Manager: restart: Reloading web application '/BloodForLifeCommunity'
29-Mar-2018 00:56:54.346 INFO [http-nio-9090-exec-141] org.apache.catalina.core.ApplicationContext.log Manager: list: Listing contexts for virtual host 'localhost'
29-Mar-2018 00:56:54.356 INFO [http-nio-9090-exec-126] org.apache.catalina.core.ApplicationContext.log Manager: restart: Reloading web application '/BloodForLifeCommunity'
29-Mar-2018 01:00:56.908 INFO [http-nio-9090-exec-142] org.apache.catalina.core.ApplicationContext.log Manager: list: Listing contexts for virtual host 'localhost'
29-Mar-2018 01:00:56.928 INFO [http-nio-9090-exec-143] org.apache.catalina.core.ApplicationContext.log Manager: restart: Reloading web application '/BloodForLifeCommunity'
29-Mar-2018 01:02:54.043 INFO [http-nio-9090-exec-148] org.apache.catalina.core.ApplicationContext.log Manager: list: Listing contexts for virtual host 'localhost'
29-Mar-2018 01:03:49.233 INFO [http-nio-9090-exec-145] org.apache.catalina.core.ApplicationContext.log Manager: list: Listing contexts for virtual host 'localhost'
29-Mar-2018 01:03:49.244 INFO [http-nio-9090-exec-150] org.apache.catalina.core.ApplicationContext.log Manager: restart: Reloading web application '/BloodForLifeCommunity'
29-Mar-2018 01:04:05.021 INFO [http-nio-9090-exec-151] org.apache.catalina.core.ApplicationContext.log Manager: list: Listing contexts for virtual host 'localhost'
29-Mar-2018 01:04:05.052 INFO [http-nio-9090-exec-144] org.apache.catalina.core.ApplicationContext.log Manager: restart: Reloading web application '/BloodForLifeCommunity'
29-Mar-2018 01:05:38.723 INFO [http-nio-9090-exec-153] org.apache.catalina.core.ApplicationContext.log Manager: list: Listing contexts for virtual host 'localhost'
29-Mar-2018 01:05:38.733 INFO [http-nio-9090-exec-146] org.apache.catalina.core.ApplicationContext.log Manager: restart: Reloading web application '/BloodForLifeCommunity'
29-Mar-2018 01:05:39.941 INFO [http-nio-9090-exec-114] org.apache.catalina.core.ApplicationContext.log Manager: list: Listing contexts for virtual host 'localhost'
29-Mar-2018 01:05:39.950 INFO [http-nio-9090-exec-85] org.apache.catalina.core.ApplicationContext.log Manager: restart: Reloading web application '/BloodForLifeCommunity'
29-Mar-2018 01:06:11.465 INFO [http-nio-9090-exec-155] org.apache.catalina.core.ApplicationContext.log Manager: list: Listing contexts for virtual host 'localhost'
29-Mar-2018 01:06:11.474 INFO [http-nio-9090-exec-147] org.apache.catalina.core.ApplicationContext.log Manager: restart: Reloading web application '/BloodForLifeCommunity'
29-Mar-2018 01:06:37.602 INFO [http-nio-9090-exec-156] org.apache.catalina.core.ApplicationContext.log Manager: list: Listing contexts for virtual host 'localhost'
29-Mar-2018 01:06:37.614 INFO [http-nio-9090-exec-148] org.apache.catalina.core.ApplicationContext.log Manager: restart: Reloading web application '/BloodForLifeCommunity'
29-Mar-2018 01:07:32.921 INFO [http-nio-9090-exec-147] org.apache.catalina.core.ApplicationContext.log Manager: list: Listing contexts for virtual host 'localhost'
29-Mar-2018 01:07:32.934 INFO [http-nio-9090-exec-150] org.apache.catalina.core.ApplicationContext.log Manager: restart: Reloading web application '/BloodForLifeCommunity'
29-Mar-2018 01:08:15.207 INFO [http-nio-9090-exec-158] org.apache.catalina.core.ApplicationContext.log Manager: list: Listing contexts for virtual host 'localhost'
29-Mar-2018 01:08:15.216 INFO [http-nio-9090-exec-147] org.apache.catalina.core.ApplicationContext.log Manager: restart: Reloading web application '/BloodForLifeCommunity'
29-Mar-2018 01:09:58.233 INFO [http-nio-9090-exec-160] org.apache.catalina.core.ApplicationContext.log Manager: list: Listing contexts for virtual host 'localhost'
29-Mar-2018 01:09:58.242 INFO [http-nio-9090-exec-152] org.apache.catalina.core.ApplicationContext.log Manager: restart: Reloading web application '/BloodForLifeCommunity'
29-Mar-2018 01:10:38.548 INFO [http-nio-9090-exec-147] org.apache.catalina.core.ApplicationContext.log Manager: list: Listing contexts for virtual host 'localhost'
29-Mar-2018 01:10:38.557 INFO [http-nio-9090-exec-158] org.apache.catalina.core.ApplicationContext.log Manager: restart: Reloading web application '/BloodForLifeCommunity'
29-Mar-2018 01:11:35.902 INFO [http-nio-9090-exec-148] org.apache.catalina.core.ApplicationContext.log Manager: list: Listing contexts for virtual host 'localhost'
29-Mar-2018 01:11:35.945 INFO [http-nio-9090-exec-154] org.apache.catalina.core.ApplicationContext.log Manager: restart: Reloading web application '/BloodForLifeCommunity'
29-Mar-2018 01:11:49.680 INFO [http-nio-9090-exec-158] org.apache.catalina.core.ApplicationContext.log Manager: list: Listing contexts for virtual host 'localhost'
29-Mar-2018 01:11:49.691 INFO [http-nio-9090-exec-148] org.apache.catalina.core.ApplicationContext.log Manager: restart: Reloading web application '/BloodForLifeCommunity'
29-Mar-2018 01:12:01.589 INFO [http-nio-9090-exec-154] org.apache.catalina.core.ApplicationContext.log Manager: list: Listing contexts for virtual host 'localhost'
29-Mar-2018 01:12:01.597 INFO [http-nio-9090-exec-163] org.apache.catalina.core.ApplicationContext.log Manager: restart: Reloading web application '/BloodForLifeCommunity'
29-Mar-2018 01:12:41.110 INFO [http-nio-9090-exec-165] org.apache.catalina.core.ApplicationContext.log Manager: list: Listing contexts for virtual host 'localhost'
29-Mar-2018 01:12:41.118 INFO [http-nio-9090-exec-148] org.apache.catalina.core.ApplicationContext.log Manager: restart: Reloading web application '/BloodForLifeCommunity'
29-Mar-2018 01:13:00.185 INFO [http-nio-9090-exec-166] org.apache.catalina.core.ApplicationContext.log Manager: list: Listing contexts for virtual host 'localhost'
29-Mar-2018 01:13:00.195 INFO [http-nio-9090-exec-165] org.apache.catalina.core.ApplicationContext.log Manager: restart: Reloading web application '/BloodForLifeCommunity'
29-Mar-2018 01:15:27.324 INFO [http-nio-9090-exec-167] org.apache.catalina.core.ApplicationContext.log Manager: list: Listing contexts for virtual host 'localhost'
29-Mar-2018 01:15:27.332 INFO [http-nio-9090-exec-168] org.apache.catalina.core.ApplicationContext.log Manager: restart: Reloading web application '/BloodForLifeCommunity'
29-Mar-2018 01:16:39.134 INFO [http-nio-9090-exec-114] org.apache.catalina.core.ApplicationContext.log Manager: list: Listing contexts for virtual host 'localhost'
29-Mar-2018 01:16:39.149 INFO [http-nio-9090-exec-171] org.apache.catalina.core.ApplicationContext.log Manager: restart: Reloading web application '/BloodForLifeCommunity'
29-Mar-2018 01:17:38.816 INFO [http-nio-9090-exec-168] org.apache.catalina.core.ApplicationContext.log Manager: list: Listing contexts for virtual host 'localhost'
29-Mar-2018 01:17:38.823 INFO [http-nio-9090-exec-170] org.apache.catalina.core.ApplicationContext.log Manager: restart: Reloading web application '/BloodForLifeCommunity'
29-Mar-2018 01:17:39.680 INFO [http-nio-9090-exec-114] org.apache.catalina.core.ApplicationContext.log Manager: list: Listing contexts for virtual host 'localhost'
29-Mar-2018 01:17:39.687 INFO [http-nio-9090-exec-159] org.apache.catalina.core.ApplicationContext.log Manager: restart: Reloading web application '/BloodForLifeCommunity'
29-Mar-2018 01:17:43.091 INFO [http-nio-9090-exec-114] org.apache.catalina.core.ApplicationContext.log Manager: list: Listing contexts for virtual host 'localhost'
29-Mar-2018 01:17:43.121 INFO [http-nio-9090-exec-173] org.apache.catalina.core.ApplicationContext.log Manager: restart: Reloading web application '/BloodForLifeCommunity'
29-Mar-2018 01:17:53.059 INFO [http-nio-9090-exec-174] org.apache.catalina.core.ApplicationContext.log Manager: list: Listing contexts for virtual host 'localhost'
29-Mar-2018 01:17:53.066 INFO [http-nio-9090-exec-170] org.apache.catalina.core.ApplicationContext.log Manager: restart: Reloading web application '/BloodForLifeCommunity'
29-Mar-2018 01:18:03.590 INFO [http-nio-9090-exec-175] org.apache.catalina.core.ApplicationContext.log Manager: list: Listing contexts for virtual host 'localhost'
29-Mar-2018 01:18:03.599 INFO [http-nio-9090-exec-173] org.apache.catalina.core.ApplicationContext.log Manager: restart: Reloading web application '/BloodForLifeCommunity'
29-Mar-2018 01:18:23.301 INFO [http-nio-9090-exec-176] org.apache.catalina.core.ApplicationContext.log Manager: list: Listing contexts for virtual host 'localhost'
29-Mar-2018 01:18:23.319 INFO [http-nio-9090-exec-168] org.apache.catalina.core.ApplicationContext.log Manager: restart: Reloading web application '/BloodForLifeCommunity'
29-Mar-2018 01:18:35.757 INFO [http-nio-9090-exec-167] org.apache.catalina.core.ApplicationContext.log Manager: list: Listing contexts for virtual host 'localhost'
29-Mar-2018 01:18:35.767 INFO [http-nio-9090-exec-173] org.apache.catalina.core.ApplicationContext.log Manager: restart: Reloading web application '/BloodForLifeCommunity'
29-Mar-2018 01:18:42.430 INFO [http-nio-9090-exec-178] org.apache.catalina.core.ApplicationContext.log Manager: list: Listing contexts for virtual host 'localhost'
29-Mar-2018 01:18:42.437 INFO [http-nio-9090-exec-177] org.apache.catalina.core.ApplicationContext.log Manager: restart: Reloading web application '/BloodForLifeCommunity'
29-Mar-2018 01:18:48.801 INFO [http-nio-9090-exec-179] org.apache.catalina.core.ApplicationContext.log Manager: list: Listing contexts for virtual host 'localhost'
29-Mar-2018 01:18:48.808 INFO [http-nio-9090-exec-178] org.apache.catalina.core.ApplicationContext.log Manager: restart: Reloading web application '/BloodForLifeCommunity'
29-Mar-2018 01:19:22.115 INFO [http-nio-9090-exec-177] org.apache.catalina.core.ApplicationContext.log Manager: list: Listing contexts for virtual host 'localhost'
29-Mar-2018 01:19:22.122 INFO [http-nio-9090-exec-163] org.apache.catalina.core.ApplicationContext.log Manager: restart: Reloading web application '/BloodForLifeCommunity'
29-Mar-2018 01:19:26.961 INFO [http-nio-9090-exec-159] org.apache.catalina.core.ApplicationContext.log Manager: list: Listing contexts for virtual host 'localhost'
29-Mar-2018 01:19:26.969 INFO [http-nio-9090-exec-181] org.apache.catalina.core.ApplicationContext.log Manager: restart: Reloading web application '/BloodForLifeCommunity'
29-Mar-2018 01:19:32.217 INFO [http-nio-9090-exec-159] org.apache.catalina.core.ApplicationContext.log Manager: list: Listing contexts for virtual host 'localhost'
29-Mar-2018 01:19:32.224 INFO [http-nio-9090-exec-182] org.apache.catalina.core.ApplicationContext.log Manager: restart: Reloading web application '/BloodForLifeCommunity'
29-Mar-2018 01:19:39.177 INFO [http-nio-9090-exec-181] org.apache.catalina.core.ApplicationContext.log Manager: list: Listing contexts for virtual host 'localhost'
29-Mar-2018 01:19:39.184 INFO [http-nio-9090-exec-163] org.apache.catalina.core.ApplicationContext.log Manager: restart: Reloading web application '/BloodForLifeCommunity'
29-Mar-2018 01:20:55.028 INFO [http-nio-9090-exec-185] org.apache.catalina.core.ApplicationContext.log Manager: list: Listing contexts for virtual host 'localhost'
29-Mar-2018 01:20:55.034 INFO [http-nio-9090-exec-182] org.apache.catalina.core.ApplicationContext.log Manager: restart: Reloading web application '/BloodForLifeCommunity'
29-Mar-2018 01:21:48.563 INFO [http-nio-9090-exec-186] org.apache.catalina.core.ApplicationContext.log Manager: list: Listing contexts for virtual host 'localhost'
29-Mar-2018 01:21:48.578 INFO [http-nio-9090-exec-183] org.apache.catalina.core.ApplicationContext.log Manager: restart: Reloading web application '/BloodForLifeCommunity'
29-Mar-2018 01:22:17.303 INFO [http-nio-9090-exec-187] org.apache.catalina.core.ApplicationContext.log Manager: list: Listing contexts for virtual host 'localhost'
29-Mar-2018 01:22:17.310 INFO [http-nio-9090-exec-185] org.apache.catalina.core.ApplicationContext.log Manager: restart: Reloading web application '/BloodForLifeCommunity'
29-Mar-2018 01:22:31.796 INFO [http-nio-9090-exec-188] org.apache.catalina.core.ApplicationContext.log Manager: list: Listing contexts for virtual host 'localhost'
29-Mar-2018 01:22:31.803 INFO [http-nio-9090-exec-167] org.apache.catalina.core.ApplicationContext.log Manager: restart: Reloading web application '/BloodForLifeCommunity'
29-Mar-2018 01:23:00.798 INFO [http-nio-9090-exec-189] org.apache.catalina.core.ApplicationContext.log Manager: list: Listing contexts for virtual host 'localhost'
29-Mar-2018 01:23:00.807 INFO [http-nio-9090-exec-163] org.apache.catalina.core.ApplicationContext.log Manager: restart: Reloading web application '/BloodForLifeCommunity'
29-Mar-2018 01:24:02.254 INFO [http-nio-9090-exec-191] org.apache.catalina.core.ApplicationContext.log Manager: list: Listing contexts for virtual host 'localhost'
29-Mar-2018 01:24:02.261 INFO [http-nio-9090-exec-189] org.apache.catalina.core.ApplicationContext.log Manager: restart: Reloading web application '/BloodForLifeCommunity'
29-Mar-2018 01:25:11.363 INFO [http-nio-9090-exec-193] org.apache.catalina.core.ApplicationContext.log Manager: list: Listing contexts for virtual host 'localhost'
29-Mar-2018 01:25:11.370 INFO [http-nio-9090-exec-186] org.apache.catalina.core.ApplicationContext.log Manager: restart: Reloading web application '/BloodForLifeCommunity'
29-Mar-2018 01:25:38.949 INFO [http-nio-9090-exec-194] org.apache.catalina.core.ApplicationContext.log Manager: list: Listing contexts for virtual host 'localhost'
29-Mar-2018 01:25:38.957 INFO [http-nio-9090-exec-193] org.apache.catalina.core.ApplicationContext.log Manager: restart: Reloading web application '/BloodForLifeCommunity'
29-Mar-2018 01:25:40.705 INFO [http-nio-9090-exec-195] org.apache.catalina.core.ApplicationContext.log Manager: list: Listing contexts for virtual host 'localhost'
29-Mar-2018 01:25:40.712 INFO [http-nio-9090-exec-114] org.apache.catalina.core.ApplicationContext.log Manager: restart: Reloading web application '/BloodForLifeCommunity'
29-Mar-2018 01:25:46.142 INFO [http-nio-9090-exec-196] org.apache.catalina.core.ApplicationContext.log Manager: list: Listing contexts for virtual host 'localhost'
29-Mar-2018 01:25:46.148 INFO [http-nio-9090-exec-195] org.apache.catalina.core.ApplicationContext.log Manager: restart: Reloading web application '/BloodForLifeCommunity'
29-Mar-2018 01:25:46.314 INFO [http-nio-9090-exec-195] org.apache.catalina.core.ApplicationContext.log Manager: list: Listing contexts for virtual host 'localhost'
29-Mar-2018 01:25:46.323 INFO [http-nio-9090-exec-114] org.apache.catalina.core.ApplicationContext.log Manager: restart: Reloading web application '/BloodForLifeCommunity'
29-Mar-2018 01:26:42.168 INFO [http-nio-9090-exec-197] org.apache.catalina.core.ApplicationContext.log Manager: list: Listing contexts for virtual host 'localhost'
29-Mar-2018 01:26:42.177 INFO [http-nio-9090-exec-182] org.apache.catalina.core.ApplicationContext.log Manager: restart: Reloading web application '/BloodForLifeCommunity'
29-Mar-2018 01:27:19.345 INFO [http-nio-9090-exec-198] org.apache.catalina.core.ApplicationContext.log Manager: list: Listing contexts for virtual host 'localhost'
29-Mar-2018 01:27:19.352 INFO [http-nio-9090-exec-195] org.apache.catalina.core.ApplicationContext.log Manager: restart: Reloading web application '/BloodForLifeCommunity'
29-Mar-2018 01:28:07.335 INFO [http-nio-9090-exec-199] org.apache.catalina.core.ApplicationContext.log Manager: list: Listing contexts for virtual host 'localhost'
29-Mar-2018 01:28:07.342 INFO [http-nio-9090-exec-182] org.apache.catalina.core.ApplicationContext.log Manager: restart: Reloading web application '/BloodForLifeCommunity'
29-Mar-2018 01:28:58.243 INFO [http-nio-9090-exec-199] org.apache.catalina.core.ApplicationContext.log Manager: list: Listing contexts for virtual host 'localhost'
29-Mar-2018 01:28:58.251 INFO [http-nio-9090-exec-196] org.apache.catalina.core.ApplicationContext.log Manager: restart: Reloading web application '/BloodForLifeCommunity'
29-Mar-2018 01:33:02.041 INFO [http-nio-9090-exec-201] org.apache.catalina.core.ApplicationContext.log Manager: list: Listing contexts for virtual host 'localhost'
29-Mar-2018 01:33:02.060 INFO [http-nio-9090-exec-202] org.apache.catalina.core.ApplicationContext.log Manager: restart: Reloading web application '/BloodForLifeCommunity'
29-Mar-2018 01:34:06.797 INFO [http-nio-9090-exec-207] org.apache.catalina.core.ApplicationContext.log Manager: list: Listing contexts for virtual host 'localhost'
29-Mar-2018 01:34:06.804 INFO [http-nio-9090-exec-203] org.apache.catalina.core.ApplicationContext.log Manager: restart: Reloading web application '/BloodForLifeCommunity'
29-Mar-2018 01:35:29.054 INFO [http-nio-9090-exec-209] org.apache.catalina.core.ApplicationContext.log Manager: list: Listing contexts for virtual host 'localhost'
29-Mar-2018 01:35:29.062 INFO [http-nio-9090-exec-205] org.apache.catalina.core.ApplicationContext.log Manager: restart: Reloading web application '/BloodForLifeCommunity'
29-Mar-2018 01:35:59.164 INFO [http-nio-9090-exec-210] org.apache.catalina.core.ApplicationContext.log Manager: list: Listing contexts for virtual host 'localhost'
29-Mar-2018 01:35:59.172 INFO [http-nio-9090-exec-202] org.apache.catalina.core.ApplicationContext.log Manager: restart: Reloading web application '/BloodForLifeCommunity'
29-Mar-2018 01:36:08.482 INFO [http-nio-9090-exec-201] org.apache.catalina.core.ApplicationContext.log Manager: list: Listing contexts for virtual host 'localhost'
29-Mar-2018 01:36:08.489 INFO [http-nio-9090-exec-205] org.apache.catalina.core.ApplicationContext.log Manager: restart: Reloading web application '/BloodForLifeCommunity'
29-Mar-2018 01:36:12.786 INFO [http-nio-9090-exec-207] org.apache.catalina.core.ApplicationContext.log Manager: list: Listing contexts for virtual host 'localhost'
29-Mar-2018 01:36:12.796 INFO [http-nio-9090-exec-212] org.apache.catalina.core.ApplicationContext.log Manager: restart: Reloading web application '/BloodForLifeCommunity'
29-Mar-2018 01:36:25.113 INFO [http-nio-9090-exec-201] org.apache.catalina.core.ApplicationContext.log Manager: list: Listing contexts for virtual host 'localhost'
29-Mar-2018 01:36:25.122 INFO [http-nio-9090-exec-205] org.apache.catalina.core.ApplicationContext.log Manager: restart: Reloading web application '/BloodForLifeCommunity'
29-Mar-2018 01:36:38.584 INFO [http-nio-9090-exec-214] org.apache.catalina.core.ApplicationContext.log Manager: list: Listing contexts for virtual host 'localhost'
29-Mar-2018 01:36:38.593 INFO [http-nio-9090-exec-213] org.apache.catalina.core.ApplicationContext.log Manager: restart: Reloading web application '/BloodForLifeCommunity'
29-Mar-2018 01:36:47.377 INFO [http-nio-9090-exec-215] org.apache.catalina.core.ApplicationContext.log Manager: list: Listing contexts for virtual host 'localhost'
29-Mar-2018 01:36:47.421 INFO [http-nio-9090-exec-215] org.apache.catalina.core.ApplicationContext.log Manager: restart: Reloading web application '/BloodForLifeCommunity'
29-Mar-2018 01:37:00.138 INFO [http-nio-9090-exec-213] org.apache.catalina.core.ApplicationContext.log Manager: list: Listing contexts for virtual host 'localhost'
29-Mar-2018 01:37:00.147 INFO [http-nio-9090-exec-216] org.apache.catalina.core.ApplicationContext.log Manager: restart: Reloading web application '/BloodForLifeCommunity'
29-Mar-2018 01:37:15.722 INFO [http-nio-9090-exec-217] org.apache.catalina.core.ApplicationContext.log Manager: list: Listing contexts for virtual host 'localhost'
29-Mar-2018 01:37:15.730 INFO [http-nio-9090-exec-208] org.apache.catalina.core.ApplicationContext.log Manager: restart: Reloading web application '/BloodForLifeCommunity'
29-Mar-2018 01:37:41.038 INFO [http-nio-9090-exec-218] org.apache.catalina.core.ApplicationContext.log Manager: list: Listing contexts for virtual host 'localhost'
29-Mar-2018 01:37:41.047 INFO [http-nio-9090-exec-217] org.apache.catalina.core.ApplicationContext.log Manager: restart: Reloading web application '/BloodForLifeCommunity'
29-Mar-2018 01:39:05.649 INFO [http-nio-9090-exec-220] org.apache.catalina.core.ApplicationContext.log Manager: list: Listing contexts for virtual host 'localhost'
29-Mar-2018 01:39:30.259 INFO [http-nio-9090-exec-221] org.apache.catalina.core.ApplicationContext.log Manager: list: Listing contexts for virtual host 'localhost'
29-Mar-2018 01:39:57.884 INFO [http-nio-9090-exec-222] org.apache.catalina.core.ApplicationContext.log Manager: list: Listing contexts for virtual host 'localhost'
29-Mar-2018 01:40:37.369 INFO [http-nio-9090-exec-219] org.apache.catalina.core.ApplicationContext.log Manager: list: Listing contexts for virtual host 'localhost'
29-Mar-2018 01:40:41.088 INFO [http-nio-9090-exec-222] org.apache.catalina.core.ApplicationContext.log Manager: list: Listing contexts for virtual host 'localhost'
29-Mar-2018 01:41:03.791 INFO [http-nio-9090-exec-225] org.apache.catalina.core.ApplicationContext.log Manager: list: Listing contexts for virtual host 'localhost'
29-Mar-2018 01:42:36.700 INFO [http-nio-9090-exec-222] org.apache.catalina.core.ApplicationContext.log Manager: list: Listing contexts for virtual host 'localhost'
29-Mar-2018 01:43:30.873 INFO [http-nio-9090-exec-221] org.apache.catalina.core.ApplicationContext.log Manager: list: Listing contexts for virtual host 'localhost'
29-Mar-2018 01:43:44.061 INFO [http-nio-9090-exec-222] org.apache.catalina.core.ApplicationContext.log Manager: list: Listing contexts for virtual host 'localhost'
29-Mar-2018 01:44:16.015 INFO [http-nio-9090-exec-225] org.apache.catalina.core.ApplicationContext.log Manager: list: Listing contexts for virtual host 'localhost'
29-Mar-2018 01:44:54.485 INFO [http-nio-9090-exec-227] org.apache.catalina.core.ApplicationContext.log Manager: list: Listing contexts for virtual host 'localhost'
29-Mar-2018 01:45:06.173 INFO [http-nio-9090-exec-225] org.apache.catalina.core.ApplicationContext.log Manager: list: Listing contexts for virtual host 'localhost'
29-Mar-2018 01:45:25.017 INFO [http-nio-9090-exec-228] org.apache.catalina.core.ApplicationContext.log Manager: list: Listing contexts for virtual host 'localhost'
29-Mar-2018 01:45:34.158 INFO [http-nio-9090-exec-225] org.apache.catalina.core.ApplicationContext.log Manager: list: Listing contexts for virtual host 'localhost'
29-Mar-2018 01:45:46.502 INFO [http-nio-9090-exec-221] org.apache.catalina.core.ApplicationContext.log Manager: list: Listing contexts for virtual host 'localhost'
29-Mar-2018 01:45:57.830 INFO [http-nio-9090-exec-222] org.apache.catalina.core.ApplicationContext.log Manager: list: Listing contexts for virtual host 'localhost'
29-Mar-2018 01:46:06.939 INFO [http-nio-9090-exec-219] org.apache.catalina.core.ApplicationContext.log Manager: list: Listing contexts for virtual host 'localhost'
29-Mar-2018 01:46:11.924 INFO [http-nio-9090-exec-226] org.apache.catalina.core.ApplicationContext.log Manager: list: Listing contexts for virtual host 'localhost'
29-Mar-2018 01:46:22.674 INFO [http-nio-9090-exec-225] org.apache.catalina.core.ApplicationContext.log Manager: list: Listing contexts for virtual host 'localhost'
29-Mar-2018 01:46:51.206 INFO [http-nio-9090-exec-221] org.apache.catalina.core.ApplicationContext.log Manager: list: Listing contexts for virtual host 'localhost'
29-Mar-2018 01:47:14.504 INFO [http-nio-9090-exec-222] org.apache.catalina.core.ApplicationContext.log Manager: list: Listing contexts for virtual host 'localhost'
29-Mar-2018 01:47:19.660 INFO [http-nio-9090-exec-221] org.apache.catalina.core.ApplicationContext.log Manager: list: Listing contexts for virtual host 'localhost'
29-Mar-2018 01:47:25.644 INFO [http-nio-9090-exec-222] org.apache.catalina.core.ApplicationContext.log Manager: list: Listing contexts for virtual host 'localhost'
29-Mar-2018 01:47:31.863 INFO [http-nio-9090-exec-223] org.apache.catalina.core.ApplicationContext.log Manager: list: Listing contexts for virtual host 'localhost'
29-Mar-2018 01:47:38.316 INFO [http-nio-9090-exec-228] org.apache.catalina.core.ApplicationContext.log Manager: list: Listing contexts for virtual host 'localhost'
29-Mar-2018 01:47:53.692 INFO [http-nio-9090-exec-219] org.apache.catalina.core.ApplicationContext.log Manager: list: Listing contexts for virtual host 'localhost'
29-Mar-2018 01:48:00.301 INFO [http-nio-9090-exec-228] org.apache.catalina.core.ApplicationContext.log Manager: list: Listing contexts for virtual host 'localhost'
29-Mar-2018 01:48:23.411 INFO [http-nio-9090-exec-221] org.apache.catalina.core.ApplicationContext.log Manager: list: Listing contexts for virtual host 'localhost'
29-Mar-2018 01:48:28.317 INFO [http-nio-9090-exec-225] org.apache.catalina.core.ApplicationContext.log Manager: list: Listing contexts for virtual host 'localhost'
29-Mar-2018 01:48:33.318 INFO [http-nio-9090-exec-227] org.apache.catalina.core.ApplicationContext.log Manager: list: Listing contexts for virtual host 'localhost'
29-Mar-2018 01:49:04.844 INFO [http-nio-9090-exec-223] org.apache.catalina.core.ApplicationContext.log Manager: list: Listing contexts for virtual host 'localhost'
29-Mar-2018 01:50:34.833 INFO [http-nio-9090-exec-228] org.apache.catalina.core.ApplicationContext.log Manager: list: Listing contexts for virtual host 'localhost'
29-Mar-2018 01:50:34.835 INFO [http-nio-9090-exec-226] org.apache.catalina.core.ApplicationContext.log Manager: list: Listing contexts for virtual host 'localhost'
29-Mar-2018 01:50:34.853 INFO [http-nio-9090-exec-223] org.apache.catalina.core.ApplicationContext.log Manager: restart: Reloading web application '/BloodForLifeCommunity'
29-Mar-2018 01:53:18.607 INFO [http-nio-9090-exec-231] org.apache.catalina.core.ApplicationContext.log Manager: list: Listing contexts for virtual host 'localhost'
29-Mar-2018 01:53:18.623 INFO [http-nio-9090-exec-232] org.apache.catalina.core.ApplicationContext.log Manager: restart: Reloading web application '/BloodForLifeCommunity'
29-Mar-2018 01:53:38.583 INFO [http-nio-9090-exec-229] org.apache.catalina.core.ApplicationContext.log Manager: list: Listing contexts for virtual host 'localhost'
29-Mar-2018 01:53:38.583 INFO [http-nio-9090-exec-230] org.apache.catalina.core.ApplicationContext.log Manager: restart: Reloading web application '/BloodForLifeCommunity'
29-Mar-2018 01:53:45.279 INFO [http-nio-9090-exec-243] org.apache.catalina.core.ApplicationContext.log Manager: list: Listing contexts for virtual host 'localhost'
29-Mar-2018 01:53:45.279 INFO [http-nio-9090-exec-229] org.apache.catalina.core.ApplicationContext.log Manager: restart: Reloading web application '/BloodForLifeCommunity'
29-Mar-2018 01:53:57.371 INFO [http-nio-9090-exec-242] org.apache.catalina.core.ApplicationContext.log Manager: list: Listing contexts for virtual host 'localhost'
29-Mar-2018 01:53:57.387 INFO [http-nio-9090-exec-233] org.apache.catalina.core.ApplicationContext.log Manager: restart: Reloading web application '/BloodForLifeCommunity'
29-Mar-2018 01:53:59.633 INFO [http-nio-9090-exec-234] org.apache.catalina.core.ApplicationContext.log Manager: list: Listing contexts for virtual host 'localhost'
29-Mar-2018 01:53:59.649 INFO [http-nio-9090-exec-245] org.apache.catalina.core.ApplicationContext.log Manager: restart: Reloading web application '/BloodForLifeCommunity'
29-Mar-2018 01:55:12.638 INFO [http-nio-9090-exec-248] org.apache.catalina.core.ApplicationContext.log Manager: list: Listing contexts for virtual host 'localhost'
29-Mar-2018 01:55:12.638 INFO [http-nio-9090-exec-249] org.apache.catalina.core.ApplicationContext.log Manager: restart: Reloading web application '/BloodForLifeCommunity'
29-Mar-2018 01:55:32.779 INFO [http-nio-9090-exec-252] org.apache.catalina.core.ApplicationContext.log Manager: list: Listing contexts for virtual host 'localhost'
29-Mar-2018 01:55:32.779 INFO [http-nio-9090-exec-236] org.apache.catalina.core.ApplicationContext.log Manager: list: Listing contexts for virtual host 'localhost'
29-Mar-2018 01:55:32.810 INFO [http-nio-9090-exec-234] org.apache.catalina.core.ApplicationContext.log Manager: restart: Reloading web application '/BloodForLifeCommunity'
29-Mar-2018 01:57:13.544 INFO [http-nio-9090-exec-256] org.apache.catalina.core.ApplicationContext.log Manager: list: Listing contexts for virtual host 'localhost'
29-Mar-2018 01:57:13.560 INFO [http-nio-9090-exec-257] org.apache.catalina.core.ApplicationContext.log Manager: restart: Reloading web application '/BloodForLifeCommunity'
29-Mar-2018 01:59:07.544 INFO [http-nio-9090-exec-264] org.apache.catalina.core.ApplicationContext.log Manager: list: Listing contexts for virtual host 'localhost'
29-Mar-2018 01:59:07.560 INFO [http-nio-9090-exec-265] org.apache.catalina.core.ApplicationContext.log Manager: restart: Reloading web application '/BloodForLifeCommunity'
29-Mar-2018 02:01:55.295 INFO [http-nio-9090-exec-271] org.apache.catalina.core.ApplicationContext.log Manager: list: Listing contexts for virtual host 'localhost'
29-Mar-2018 02:01:55.311 INFO [http-nio-9090-exec-274] org.apache.catalina.core.ApplicationContext.log Manager: restart: Reloading web application '/BloodForLifeCommunity'
29-Mar-2018 02:02:14.421 INFO [http-nio-9090-exec-267] org.apache.catalina.core.ApplicationContext.log Manager: list: Listing contexts for virtual host 'localhost'
29-Mar-2018 02:02:14.421 INFO [http-nio-9090-exec-271] org.apache.catalina.core.ApplicationContext.log Manager: restart: Reloading web application '/BloodForLifeCommunity'
29-Mar-2018 02:02:22.592 INFO [http-nio-9090-exec-278] org.apache.catalina.core.ApplicationContext.log Manager: list: Listing contexts for virtual host 'localhost'
29-Mar-2018 02:02:22.592 INFO [http-nio-9090-exec-274] org.apache.catalina.core.ApplicationContext.log Manager: restart: Reloading web application '/BloodForLifeCommunity'
29-Mar-2018 02:02:31.810 INFO [http-nio-9090-exec-275] org.apache.catalina.core.ApplicationContext.log Manager: list: Listing contexts for virtual host 'localhost'
29-Mar-2018 02:02:31.810 INFO [http-nio-9090-exec-277] org.apache.catalina.core.ApplicationContext.log Manager: list: Listing contexts for virtual host 'localhost'
29-Mar-2018 02:02:31.826 INFO [http-nio-9090-exec-265] org.apache.catalina.core.ApplicationContext.log Manager: restart: Reloading web application '/BloodForLifeCommunity'
29-Mar-2018 02:04:03.577 INFO [http-nio-9090-exec-281] org.apache.catalina.core.ApplicationContext.log Manager: list: Listing contexts for virtual host 'localhost'
29-Mar-2018 02:04:03.593 INFO [http-nio-9090-exec-283] org.apache.catalina.core.ApplicationContext.log Manager: restart: Reloading web application '/BloodForLifeCommunity'
29-Mar-2018 02:05:15.435 INFO [http-nio-9090-exec-290] org.apache.catalina.core.ApplicationContext.log Manager: list: Listing contexts for virtual host 'localhost'
29-Mar-2018 02:05:15.451 INFO [http-nio-9090-exec-291] org.apache.catalina.core.ApplicationContext.log Manager: restart: Reloading web application '/BloodForLifeCommunity'
29-Mar-2018 02:08:01.964 INFO [http-nio-9090-exec-296] org.apache.catalina.core.ApplicationContext.log Manager: list: Listing contexts for virtual host 'localhost'
29-Mar-2018 02:08:01.964 INFO [http-nio-9090-exec-298] org.apache.catalina.core.ApplicationContext.log Manager: list: Listing contexts for virtual host 'localhost'
29-Mar-2018 02:08:01.987 INFO [http-nio-9090-exec-297] org.apache.catalina.core.ApplicationContext.log Manager: restart: Reloading web application '/BloodForLifeCommunity'
29-Mar-2018 02:11:10.904 INFO [http-nio-9090-exec-299] org.apache.catalina.core.ApplicationContext.log Manager: list: Listing contexts for virtual host 'localhost'
29-Mar-2018 02:11:27.310 INFO [http-nio-9090-exec-300] org.apache.catalina.core.ApplicationContext.log Manager: list: Listing contexts for virtual host 'localhost'
29-Mar-2018 02:11:37.014 INFO [http-nio-9090-exec-303] org.apache.catalina.core.ApplicationContext.log Manager: list: Listing contexts for virtual host 'localhost'
29-Mar-2018 02:11:39.107 INFO [http-nio-9090-exec-307] org.apache.catalina.core.ApplicationContext.log Manager: list: Listing contexts for virtual host 'localhost'
29-Mar-2018 02:11:39.107 INFO [http-nio-9090-exec-302] org.apache.catalina.core.ApplicationContext.log Manager: list: Listing contexts for virtual host 'localhost'
